mode: atomic
github.com/kubernetes/kompose/pkg/loader/compose/compose.go:44.68,82.102 3 2
github.com/kubernetes/kompose/pkg/loader/compose/compose.go:87.2,87.43 1 2
github.com/kubernetes/kompose/pkg/loader/compose/compose.go:91.2,91.68 1 2
github.com/kubernetes/kompose/pkg/loader/compose/compose.go:142.2,142.18 1 2
github.com/kubernetes/kompose/pkg/loader/compose/compose.go:82.102,84.3 1 0
github.com/kubernetes/kompose/pkg/loader/compose/compose.go:87.43,89.3 1 1
github.com/kubernetes/kompose/pkg/loader/compose/compose.go:91.68,96.32 3 3
github.com/kubernetes/kompose/pkg/loader/compose/compose.go:96.32,98.69 1 174
github.com/kubernetes/kompose/pkg/loader/compose/compose.go:98.69,99.38 1 69
github.com/kubernetes/kompose/pkg/loader/compose/compose.go:99.38,102.75 1 0
github.com/kubernetes/kompose/pkg/loader/compose/compose.go:109.6,110.32 2 0
github.com/kubernetes/kompose/pkg/loader/compose/compose.go:118.6,118.108 1 0
github.com/kubernetes/kompose/pkg/loader/compose/compose.go:136.6,137.37 2 0
github.com/kubernetes/kompose/pkg/loader/compose/compose.go:102.75,103.27 1 0
github.com/kubernetes/kompose/pkg/loader/compose/compose.go:103.27,105.16 1 0
github.com/kubernetes/kompose/pkg/loader/compose/compose.go:110.32,112.108 1 0
github.com/kubernetes/kompose/pkg/loader/compose/compose.go:112.108,114.16 1 0
github.com/kubernetes/kompose/pkg/loader/compose/compose.go:118.108,121.45 2 0
github.com/kubernetes/kompose/pkg/loader/compose/compose.go:131.7,131.36 1 0
github.com/kubernetes/kompose/pkg/loader/compose/compose.go:121.45,122.76 1 0
github.com/kubernetes/kompose/pkg/loader/compose/compose.go:122.76,125.82 3 0
github.com/kubernetes/kompose/pkg/loader/compose/compose.go:125.82,127.15 2 0
github.com/kubernetes/kompose/pkg/loader/compose/compose.go:131.36,132.16 1 0
github.com/kubernetes/kompose/pkg/loader/compose/compose.go:146.75,150.29 2 0
github.com/kubernetes/kompose/pkg/loader/compose/compose.go:163.2,166.17 2 0
github.com/kubernetes/kompose/pkg/loader/compose/compose.go:150.29,152.17 2 0
github.com/kubernetes/kompose/pkg/loader/compose/compose.go:157.3,157.67 1 0
github.com/kubernetes/kompose/pkg/loader/compose/compose.go:160.3,160.27 1 0
github.com/kubernetes/kompose/pkg/loader/compose/compose.go:152.17,154.4 1 0
github.com/kubernetes/kompose/pkg/loader/compose/compose.go:157.67,159.4 1 0
github.com/kubernetes/kompose/pkg/loader/compose/compose.go:169.48,171.17 2 0
github.com/kubernetes/kompose/pkg/loader/compose/compose.go:174.3,174.28 1 0
github.com/kubernetes/kompose/pkg/loader/compose/compose.go:176.74,178.17 2 0
github.com/kubernetes/kompose/pkg/loader/compose/compose.go:181.3,181.28 1 0
github.com/kubernetes/kompose/pkg/loader/compose/compose.go:182.10,183.133 1 0
github.com/kubernetes/kompose/pkg/loader/compose/compose.go:171.17,173.4 1 0
github.com/kubernetes/kompose/pkg/loader/compose/compose.go:178.17,180.4 1 0
github.com/kubernetes/kompose/pkg/loader/compose/compose.go:187.54,194.16 4 0
github.com/kubernetes/kompose/pkg/loader/compose/compose.go:198.2,199.16 2 0
github.com/kubernetes/kompose/pkg/loader/compose/compose.go:203.2,203.29 1 0
github.com/kubernetes/kompose/pkg/loader/compose/compose.go:194.16,196.3 1 0
github.com/kubernetes/kompose/pkg/loader/compose/compose.go:199.16,201.3 1 0
github.com/kubernetes/kompose/pkg/loader/compose/utils.go:81.52,83.27 2 8
github.com/kubernetes/kompose/pkg/loader/compose/utils.go:120.2,120.13 1 8
github.com/kubernetes/kompose/pkg/loader/compose/utils.go:83.27,87.10 4 8
github.com/kubernetes/kompose/pkg/loader/compose/utils.go:102.3,102.22 1 8
github.com/kubernetes/kompose/pkg/loader/compose/utils.go:88.41,89.18 1 2
github.com/kubernetes/kompose/pkg/loader/compose/utils.go:90.41,91.19 1 2
github.com/kubernetes/kompose/pkg/loader/compose/utils.go:92.41,93.19 1 2
github.com/kubernetes/kompose/pkg/loader/compose/utils.go:94.41,95.27 1 2
github.com/kubernetes/kompose/pkg/loader/compose/utils.go:95.27,97.5 1 1
github.com/kubernetes/kompose/pkg/loader/compose/utils.go:97.10,99.5 1 1
github.com/kubernetes/kompose/pkg/loader/compose/utils.go:102.22,107.4 1 2
github.com/kubernetes/kompose/pkg/loader/compose/utils.go:107.9,110.23 2 6
github.com/kubernetes/kompose/pkg/loader/compose/utils.go:113.4,116.6 1 6
github.com/kubernetes/kompose/pkg/loader/compose/utils.go:110.23,112.5 1 2
github.com/kubernetes/kompose/pkg/loader/compose/utils.go:125.61,127.40 2 0
github.com/kubernetes/kompose/pkg/loader/compose/utils.go:134.2,134.37 1 0
github.com/kubernetes/kompose/pkg/loader/compose/utils.go:127.40,129.17 2 0
github.com/kubernetes/kompose/pkg/loader/compose/utils.go:132.3,132.48 1 0
github.com/kubernetes/kompose/pkg/loader/compose/utils.go:129.17,131.4 1 0
github.com/kubernetes/kompose/pkg/loader/compose/utils.go:137.60,138.38 1 7
github.com/kubernetes/kompose/pkg/loader/compose/utils.go:139.23,140.47 1 3
github.com/kubernetes/kompose/pkg/loader/compose/utils.go:141.18,142.46 1 2
github.com/kubernetes/kompose/pkg/loader/compose/utils.go:143.22,144.50 1 2
github.com/kubernetes/kompose/pkg/loader/compose/utils.go:145.18,146.34 1 0
github.com/kubernetes/kompose/pkg/loader/compose/utils.go:147.10,148.132 1 0
github.com/kubernetes/kompose/pkg/loader/compose/utils.go:152.53,154.2 1 0
github.com/kubernetes/kompose/pkg/loader/compose/utils.go:156.51,159.2 2 3
github.com/kubernetes/kompose/pkg/loader/compose/utils.go:161.46,163.2 1 0
github.com/kubernetes/kompose/pkg/loader/compose/utils.go:165.60,169.16 4 4
github.com/kubernetes/kompose/pkg/loader/compose/utils.go:172.2,173.20 2 4
github.com/kubernetes/kompose/pkg/loader/compose/utils.go:169.16,171.3 1 0
github.com/kubernetes/kompose/pkg/loader/compose/utils.go:177.48,178.21 1 0
github.com/kubernetes/kompose/pkg/loader/compose/utils.go:186.2,186.34 1 0
github.com/kubernetes/kompose/pkg/loader/compose/utils.go:178.21,179.23 1 0
github.com/kubernetes/kompose/pkg/loader/compose/utils.go:184.3,184.24 1 0
github.com/kubernetes/kompose/pkg/loader/compose/utils.go:179.23,183.4 3 0
github.com/kubernetes/kompose/pkg/loader/compose/v1v2.go:43.63,48.35 3 0
github.com/kubernetes/kompose/pkg/loader/compose/v1v2.go:52.2,52.38 1 0
github.com/kubernetes/kompose/pkg/loader/compose/v1v2.go:68.2,70.16 3 0
github.com/kubernetes/kompose/pkg/loader/compose/v1v2.go:74.2,75.36 2 0
github.com/kubernetes/kompose/pkg/loader/compose/v1v2.go:80.2,81.16 2 0
github.com/kubernetes/kompose/pkg/loader/compose/v1v2.go:85.2,85.27 1 0
github.com/kubernetes/kompose/pkg/loader/compose/v1v2.go:48.35,50.3 1 0
github.com/kubernetes/kompose/pkg/loader/compose/v1v2.go:52.38,54.17 2 0
github.com/kubernetes/kompose/pkg/loader/compose/v1v2.go:57.3,64.4 1 0
github.com/kubernetes/kompose/pkg/loader/compose/v1v2.go:54.17,56.4 1 0
github.com/kubernetes/kompose/pkg/loader/compose/v1v2.go:70.16,72.3 1 0
github.com/kubernetes/kompose/pkg/loader/compose/v1v2.go:75.36,77.3 1 0
github.com/kubernetes/kompose/pkg/loader/compose/v1v2.go:81.16,83.3 1 0
github.com/kubernetes/kompose/pkg/loader/compose/v1v2.go:90.81,94.34 3 9
github.com/kubernetes/kompose/pkg/loader/compose/v1v2.go:142.2,142.23 1 9
github.com/kubernetes/kompose/pkg/loader/compose/v1v2.go:147.2,147.19 1 9
github.com/kubernetes/kompose/pkg/loader/compose/v1v2.go:166.2,166.16 1 9
github.com/kubernetes/kompose/pkg/loader/compose/v1v2.go:94.34,97.55 2 11
github.com/kubernetes/kompose/pkg/loader/compose/v1v2.go:104.3,105.17 2 11
github.com/kubernetes/kompose/pkg/loader/compose/v1v2.go:112.3,112.26 1 11
github.com/kubernetes/kompose/pkg/loader/compose/v1v2.go:119.3,120.21 2 11
github.com/kubernetes/kompose/pkg/loader/compose/v1v2.go:123.3,125.27 2 11
github.com/kubernetes/kompose/pkg/loader/compose/v1v2.go:97.55,98.72 1 2
github.com/kubernetes/kompose/pkg/loader/compose/v1v2.go:101.4,101.21 1 2
github.com/kubernetes/kompose/pkg/loader/compose/v1v2.go:98.72,100.5 1 0
github.com/kubernetes/kompose/pkg/loader/compose/v1v2.go:105.17,107.4 1 0
github.com/kubernetes/kompose/pkg/loader/compose/v1v2.go:112.26,113.25 1 26
github.com/kubernetes/kompose/pkg/loader/compose/v1v2.go:113.25,116.5 2 26
github.com/kubernetes/kompose/pkg/loader/compose/v1v2.go:120.21,122.4 1 26
github.com/kubernetes/kompose/pkg/loader/compose/v1v2.go:125.27,127.18 2 26
github.com/kubernetes/kompose/pkg/loader/compose/v1v2.go:130.4,130.27 1 26
github.com/kubernetes/kompose/pkg/loader/compose/v1v2.go:127.18,129.5 1 0
github.com/kubernetes/kompose/pkg/loader/compose/v1v2.go:130.27,137.5 1 26
github.com/kubernetes/kompose/pkg/loader/compose/v1v2.go:142.23,145.3 1 26
github.com/kubernetes/kompose/pkg/loader/compose/v1v2.go:147.19,148.31 1 1
github.com/kubernetes/kompose/pkg/loader/compose/v1v2.go:148.31,151.40 3 2
github.com/kubernetes/kompose/pkg/loader/compose/v1v2.go:157.4,157.34 1 2
github.com/kubernetes/kompose/pkg/loader/compose/v1v2.go:151.40,155.5 3 0
github.com/kubernetes/kompose/pkg/loader/compose/v1v2.go:157.34,162.5 1 1
github.com/kubernetes/kompose/pkg/loader/compose/v1v2.go:170.96,179.77 2 0
github.com/kubernetes/kompose/pkg/loader/compose/v1v2.go:286.2,288.27 2 0
github.com/kubernetes/kompose/pkg/loader/compose/v1v2.go:179.77,186.52 7 0
github.com/kubernetes/kompose/pkg/loader/compose/v1v2.go:189.3,201.47 10 0
github.com/kubernetes/kompose/pkg/loader/compose/v1v2.go:206.3,207.17 2 0
github.com/kubernetes/kompose/pkg/loader/compose/v1v2.go:210.3,214.42 3 0
github.com/kubernetes/kompose/pkg/loader/compose/v1v2.go:224.3,224.89 1 0
github.com/kubernetes/kompose/pkg/loader/compose/v1v2.go:228.3,229.17 2 0
github.com/kubernetes/kompose/pkg/loader/compose/v1v2.go:234.3,251.48 15 0
github.com/kubernetes/kompose/pkg/loader/compose/v1v2.go:256.3,256.43 1 0
github.com/kubernetes/kompose/pkg/loader/compose/v1v2.go:273.3,274.17 2 0
github.com/kubernetes/kompose/pkg/loader/compose/v1v2.go:277.3,280.42 3 0
github.com/kubernetes/kompose/pkg/loader/compose/v1v2.go:186.52,188.4 1 0
github.com/kubernetes/kompose/pkg/loader/compose/v1v2.go:201.47,203.4 1 0
github.com/kubernetes/kompose/pkg/loader/compose/v1v2.go:207.17,209.4 1 0
github.com/kubernetes/kompose/pkg/loader/compose/v1v2.go:214.42,215.64 1 0
github.com/kubernetes/kompose/pkg/loader/compose/v1v2.go:215.64,218.5 2 0
github.com/kubernetes/kompose/pkg/loader/compose/v1v2.go:224.89,226.4 1 0
github.com/kubernetes/kompose/pkg/loader/compose/v1v2.go:229.17,231.4 1 0
github.com/kubernetes/kompose/pkg/loader/compose/v1v2.go:251.48,254.4 2 0
github.com/kubernetes/kompose/pkg/loader/compose/v1v2.go:256.43,257.55 1 0
github.com/kubernetes/kompose/pkg/loader/compose/v1v2.go:257.55,258.66 1 0
github.com/kubernetes/kompose/pkg/loader/compose/v1v2.go:258.66,259.33 1 0
github.com/kubernetes/kompose/pkg/loader/compose/v1v2.go:259.33,261.21 2 0
github.com/kubernetes/kompose/pkg/loader/compose/v1v2.go:264.7,264.49 1 0
github.com/kubernetes/kompose/pkg/loader/compose/v1v2.go:267.7,267.82 1 0
github.com/kubernetes/kompose/pkg/loader/compose/v1v2.go:261.21,263.8 1 0
github.com/kubernetes/kompose/pkg/loader/compose/v1v2.go:264.49,266.8 1 0
github.com/kubernetes/kompose/pkg/loader/compose/v1v2.go:274.17,276.4 1 0
github.com/kubernetes/kompose/pkg/loader/compose/v1v2.go:280.42,282.4 1 0
github.com/kubernetes/kompose/pkg/loader/compose/v1v2.go:292.57,293.49 1 0
github.com/kubernetes/kompose/pkg/loader/compose/v1v2.go:293.49,296.17 2 0
github.com/kubernetes/kompose/pkg/loader/compose/v1v2.go:300.3,302.44 3 0
github.com/kubernetes/kompose/pkg/loader/compose/v1v2.go:296.17,298.4 1 0
github.com/kubernetes/kompose/pkg/loader/compose/v1v2.go:306.74,307.73 1 2
github.com/kubernetes/kompose/pkg/loader/compose/v1v2.go:310.2,310.12 1 1
github.com/kubernetes/kompose/pkg/loader/compose/v1v2.go:307.73,309.3 1 1
github.com/kubernetes/kompose/pkg/loader/compose/v1v2.go:314.112,316.62 1 0
github.com/kubernetes/kompose/pkg/loader/compose/v1v2.go:363.2,363.8 1 0
github.com/kubernetes/kompose/pkg/loader/compose/v1v2.go:316.62,318.76 1 0
github.com/kubernetes/kompose/pkg/loader/compose/v1v2.go:318.76,321.18 2 0
github.com/kubernetes/kompose/pkg/loader/compose/v1v2.go:324.4,326.18 3 0
github.com/kubernetes/kompose/pkg/loader/compose/v1v2.go:330.4,330.29 1 0
github.com/kubernetes/kompose/pkg/loader/compose/v1v2.go:347.4,347.29 1 0
github.com/kubernetes/kompose/pkg/loader/compose/v1v2.go:321.18,323.5 1 0
github.com/kubernetes/kompose/pkg/loader/compose/v1v2.go:326.18,328.5 1 0
github.com/kubernetes/kompose/pkg/loader/compose/v1v2.go:330.29,333.11 2 0
github.com/kubernetes/kompose/pkg/loader/compose/v1v2.go:344.5,344.32 1 0
github.com/kubernetes/kompose/pkg/loader/compose/v1v2.go:333.11,335.24 1 0
github.com/kubernetes/kompose/pkg/loader/compose/v1v2.go:342.6,342.29 1 0
github.com/kubernetes/kompose/pkg/loader/compose/v1v2.go:335.24,338.7 2 0
github.com/kubernetes/kompose/pkg/loader/compose/v1v2.go:338.12,341.7 2 0
github.com/kubernetes/kompose/pkg/loader/compose/v1v2.go:347.29,349.38 1 0
github.com/kubernetes/kompose/pkg/loader/compose/v1v2.go:349.38,353.6 2 0
github.com/kubernetes/kompose/pkg/loader/compose/v1v2.go:356.8,359.17 2 0
github.com/kubernetes/kompose/pkg/loader/compose/v1v2.go:359.17,361.4 1 0
github.com/kubernetes/kompose/pkg/loader/compose/v1v2.go:367.75,368.29 1 0
github.com/kubernetes/kompose/pkg/loader/compose/v1v2.go:373.2,373.13 1 0
github.com/kubernetes/kompose/pkg/loader/compose/v1v2.go:368.29,369.32 1 0
github.com/kubernetes/kompose/pkg/loader/compose/v1v2.go:369.32,371.4 1 0
github.com/kubernetes/kompose/pkg/loader/compose/v1v2.go:377.78,381.30 3 0
github.com/kubernetes/kompose/pkg/loader/compose/v1v2.go:394.2,394.21 1 0
github.com/kubernetes/kompose/pkg/loader/compose/v1v2.go:381.30,384.17 3 0
github.com/kubernetes/kompose/pkg/loader/compose/v1v2.go:387.3,391.31 5 0
github.com/kubernetes/kompose/pkg/loader/compose/v1v2.go:384.17,386.4 1 0
github.com/kubernetes/kompose/pkg/loader/compose/v1v2.go:398.85,399.26 1 0
github.com/kubernetes/kompose/pkg/loader/compose/v1v2.go:404.2,404.33 1 0
github.com/kubernetes/kompose/pkg/loader/compose/v1v2.go:399.26,400.39 1 0
github.com/kubernetes/kompose/pkg/loader/compose/v1v2.go:400.39,402.4 1 0
github.com/kubernetes/kompose/pkg/loader/compose/v1v2.go:408.51,410.26 2 0
github.com/kubernetes/kompose/pkg/loader/compose/v1v2.go:417.2,417.22 1 0
github.com/kubernetes/kompose/pkg/loader/compose/v1v2.go:410.26,412.17 2 0
github.com/kubernetes/kompose/pkg/loader/compose/v1v2.go:415.3,415.40 1 0
github.com/kubernetes/kompose/pkg/loader/compose/v1v2.go:412.17,414.4 1 0
github.com/kubernetes/kompose/pkg/loader/compose/v3.go:44.52,47.24 3 0
github.com/kubernetes/kompose/pkg/loader/compose/v3.go:55.2,55.20 1 0
github.com/kubernetes/kompose/pkg/loader/compose/v3.go:47.24,49.32 1 0
github.com/kubernetes/kompose/pkg/loader/compose/v3.go:52.3,53.24 2 0
github.com/kubernetes/kompose/pkg/loader/compose/v3.go:49.32,51.4 1 0
github.com/kubernetes/kompose/pkg/loader/compose/v3.go:61.61,67.16 2 0
github.com/kubernetes/kompose/pkg/loader/compose/v3.go:72.2,73.16 2 0
github.com/kubernetes/kompose/pkg/loader/compose/v3.go:77.2,78.29 2 0
github.com/kubernetes/kompose/pkg/loader/compose/v3.go:122.2,123.36 2 0
github.com/kubernetes/kompose/pkg/loader/compose/v3.go:128.2,129.16 2 0
github.com/kubernetes/kompose/pkg/loader/compose/v3.go:133.2,133.27 1 0
github.com/kubernetes/kompose/pkg/loader/compose/v3.go:67.16,69.3 1 0
github.com/kubernetes/kompose/pkg/loader/compose/v3.go:73.16,75.3 1 0
github.com/kubernetes/kompose/pkg/loader/compose/v3.go:78.29,81.17 2 0
github.com/kubernetes/kompose/pkg/loader/compose/v3.go:86.3,87.17 2 0
github.com/kubernetes/kompose/pkg/loader/compose/v3.go:92.3,109.17 4 0
github.com/kubernetes/kompose/pkg/loader/compose/v3.go:112.3,112.20 1 0
github.com/kubernetes/kompose/pkg/loader/compose/v3.go:81.17,83.4 1 0
github.com/kubernetes/kompose/pkg/loader/compose/v3.go:87.17,89.4 1 0
github.com/kubernetes/kompose/pkg/loader/compose/v3.go:109.17,111.4 1 0
github.com/kubernetes/kompose/pkg/loader/compose/v3.go:112.20,114.4 1 0
github.com/kubernetes/kompose/pkg/loader/compose/v3.go:114.9,116.18 2 0
github.com/kubernetes/kompose/pkg/loader/compose/v3.go:116.18,118.5 1 0
github.com/kubernetes/kompose/pkg/loader/compose/v3.go:123.36,125.3 1 0
github.com/kubernetes/kompose/pkg/loader/compose/v3.go:129.16,131.3 1 0
github.com/kubernetes/kompose/pkg/loader/compose/v3.go:136.67,145.42 3 1
github.com/kubernetes/kompose/pkg/loader/compose/v3.go:170.2,170.42 1 1
github.com/kubernetes/kompose/pkg/loader/compose/v3.go:179.2,179.25 1 1
github.com/kubernetes/kompose/pkg/loader/compose/v3.go:145.42,147.36 2 2
github.com/kubernetes/kompose/pkg/loader/compose/v3.go:150.3,151.17 2 2
github.com/kubernetes/kompose/pkg/loader/compose/v3.go:156.3,157.17 2 2
github.com/kubernetes/kompose/pkg/loader/compose/v3.go:162.3,162.24 1 2
github.com/kubernetes/kompose/pkg/loader/compose/v3.go:147.36,149.4 1 1
github.com/kubernetes/kompose/pkg/loader/compose/v3.go:151.17,153.12 2 0
github.com/kubernetes/kompose/pkg/loader/compose/v3.go:157.17,159.12 2 0
github.com/kubernetes/kompose/pkg/loader/compose/v3.go:162.24,164.4 1 1
github.com/kubernetes/kompose/pkg/loader/compose/v3.go:164.9,164.34 1 1
github.com/kubernetes/kompose/pkg/loader/compose/v3.go:164.34,166.4 1 1
github.com/kubernetes/kompose/pkg/loader/compose/v3.go:170.42,173.17 2 3
github.com/kubernetes/kompose/pkg/loader/compose/v3.go:177.3,177.77 1 2
github.com/kubernetes/kompose/pkg/loader/compose/v3.go:173.17,175.12 2 1
github.com/kubernetes/kompose/pkg/loader/compose/v3.go:183.61,184.21 1 5
github.com/kubernetes/kompose/pkg/loader/compose/v3.go:194.2,195.31 2 1
github.com/kubernetes/kompose/pkg/loader/compose/v3.go:185.23,186.39 1 0
github.com/kubernetes/kompose/pkg/loader/compose/v3.go:187.39,188.33 1 0
github.com/kubernetes/kompose/pkg/loader/compose/v3.go:189.10,190.53 1 5
github.com/kubernetes/kompose/pkg/loader/compose/v3.go:190.53,192.4 1 4
github.com/kubernetes/kompose/pkg/loader/compose/v3.go:202.66,204.30 2 1
github.com/kubernetes/kompose/pkg/loader/compose/v3.go:218.2,218.17 1 1
github.com/kubernetes/kompose/pkg/loader/compose/v3.go:204.30,208.23 2 1
github.com/kubernetes/kompose/pkg/loader/compose/v3.go:212.3,212.19 1 1
github.com/kubernetes/kompose/pkg/loader/compose/v3.go:216.3,216.33 1 1
github.com/kubernetes/kompose/pkg/loader/compose/v3.go:208.23,210.4 1 1
github.com/kubernetes/kompose/pkg/loader/compose/v3.go:212.19,214.4 1 1
github.com/kubernetes/kompose/pkg/loader/compose/v3.go:223.84,228.29 3 2
github.com/kubernetes/kompose/pkg/loader/compose/v3.go:242.2,242.19 1 2
github.com/kubernetes/kompose/pkg/loader/compose/v3.go:264.2,264.21 1 2
github.com/kubernetes/kompose/pkg/loader/compose/v3.go:228.29,240.3 2 2
github.com/kubernetes/kompose/pkg/loader/compose/v3.go:242.19,243.31 1 2
github.com/kubernetes/kompose/pkg/loader/compose/v3.go:243.31,246.40 3 3
github.com/kubernetes/kompose/pkg/loader/compose/v3.go:252.4,252.33 1 3
github.com/kubernetes/kompose/pkg/loader/compose/v3.go:255.4,260.6 1 2
github.com/kubernetes/kompose/pkg/loader/compose/v3.go:246.40,250.5 3 1
github.com/kubernetes/kompose/pkg/loader/compose/v3.go:252.33,253.13 1 1
github.com/kubernetes/kompose/pkg/loader/compose/v3.go:270.82,276.33 5 3
github.com/kubernetes/kompose/pkg/loader/compose/v3.go:313.2,313.19 1 3
github.com/kubernetes/kompose/pkg/loader/compose/v3.go:324.2,334.8 1 3
github.com/kubernetes/kompose/pkg/loader/compose/v3.go:276.33,277.14 1 16
github.com/kubernetes/kompose/pkg/loader/compose/v3.go:278.36,279.32 1 0
github.com/kubernetes/kompose/pkg/loader/compose/v3.go:280.33,281.22 1 1
github.com/kubernetes/kompose/pkg/loader/compose/v3.go:284.40,285.20 1 1
github.com/kubernetes/kompose/pkg/loader/compose/v3.go:286.40,287.34 1 1
github.com/kubernetes/kompose/pkg/loader/compose/v3.go:288.36,289.33 1 1
github.com/kubernetes/kompose/pkg/loader/compose/v3.go:290.37,292.18 2 3
github.com/kubernetes/kompose/pkg/loader/compose/v3.go:295.4,295.37 1 3
github.com/kubernetes/kompose/pkg/loader/compose/v3.go:296.36,298.18 2 3
github.com/kubernetes/kompose/pkg/loader/compose/v3.go:301.4,301.36 1 3
github.com/kubernetes/kompose/pkg/loader/compose/v3.go:302.36,303.33 1 3
github.com/kubernetes/kompose/pkg/loader/compose/v3.go:304.40,306.18 2 3
github.com/kubernetes/kompose/pkg/loader/compose/v3.go:309.4,309.40 1 3
github.com/kubernetes/kompose/pkg/loader/compose/v3.go:281.22,283.5 1 1
github.com/kubernetes/kompose/pkg/loader/compose/v3.go:292.18,294.5 1 0
github.com/kubernetes/kompose/pkg/loader/compose/v3.go:298.18,300.5 1 0
github.com/kubernetes/kompose/pkg/loader/compose/v3.go:306.18,308.5 1 0
github.com/kubernetes/kompose/pkg/loader/compose/v3.go:313.19,314.24 1 1
github.com/kubernetes/kompose/pkg/loader/compose/v3.go:319.3,319.49 1 1
github.com/kubernetes/kompose/pkg/loader/compose/v3.go:314.24,317.4 2 0
github.com/kubernetes/kompose/pkg/loader/compose/v3.go:319.49,321.4 1 0
github.com/kubernetes/kompose/pkg/loader/compose/v3.go:340.117,346.39 4 3
github.com/kubernetes/kompose/pkg/loader/compose/v3.go:354.2,354.40 1 3
github.com/kubernetes/kompose/pkg/loader/compose/v3.go:362.2,362.39 1 3
github.com/kubernetes/kompose/pkg/loader/compose/v3.go:366.2,366.43 1 3
github.com/kubernetes/kompose/pkg/loader/compose/v3.go:374.2,374.36 1 3
github.com/kubernetes/kompose/pkg/loader/compose/v3.go:378.2,378.33 1 3
github.com/kubernetes/kompose/pkg/loader/compose/v3.go:390.2,399.8 1 3
github.com/kubernetes/kompose/pkg/loader/compose/v3.go:346.39,348.17 2 3
github.com/kubernetes/kompose/pkg/loader/compose/v3.go:351.3,351.35 1 3
github.com/kubernetes/kompose/pkg/loader/compose/v3.go:348.17,350.4 1 0
github.com/kubernetes/kompose/pkg/loader/compose/v3.go:354.40,356.17 2 3
github.com/kubernetes/kompose/pkg/loader/compose/v3.go:359.3,359.36 1 3
github.com/kubernetes/kompose/pkg/loader/compose/v3.go:356.17,358.4 1 0
github.com/kubernetes/kompose/pkg/loader/compose/v3.go:362.39,364.3 1 3
github.com/kubernetes/kompose/pkg/loader/compose/v3.go:366.43,368.17 2 3
github.com/kubernetes/kompose/pkg/loader/compose/v3.go:371.3,371.39 1 3
github.com/kubernetes/kompose/pkg/loader/compose/v3.go:368.17,370.4 1 0
github.com/kubernetes/kompose/pkg/loader/compose/v3.go:374.36,376.3 1 1
github.com/kubernetes/kompose/pkg/loader/compose/v3.go:378.33,379.14 1 3
github.com/kubernetes/kompose/pkg/loader/compose/v3.go:380.39,381.20 1 1
github.com/kubernetes/kompose/pkg/loader/compose/v3.go:382.39,383.34 1 1
github.com/kubernetes/kompose/pkg/loader/compose/v3.go:384.35,385.33 1 1
github.com/kubernetes/kompose/pkg/loader/compose/v3.go:402.96,413.62 2 0
github.com/kubernetes/kompose/pkg/loader/compose/v3.go:539.2,541.27 2 0
github.com/kubernetes/kompose/pkg/loader/compose/v3.go:413.62,438.50 22 0
github.com/kubernetes/kompose/pkg/loader/compose/v3.go:442.3,444.81 2 0
github.com/kubernetes/kompose/pkg/loader/compose/v3.go:450.3,455.91 3 0
github.com/kubernetes/kompose/pkg/loader/compose/v3.go:464.3,465.25 2 0
github.com/kubernetes/kompose/pkg/loader/compose/v3.go:474.3,475.55 2 0
github.com/kubernetes/kompose/pkg/loader/compose/v3.go:478.3,478.48 1 0
github.com/kubernetes/kompose/pkg/loader/compose/v3.go:484.3,484.50 1 0
github.com/kubernetes/kompose/pkg/loader/compose/v3.go:489.3,491.54 2 0
github.com/kubernetes/kompose/pkg/loader/compose/v3.go:498.3,521.89 9 0
github.com/kubernetes/kompose/pkg/loader/compose/v3.go:526.3,526.42 1 0
github.com/kubernetes/kompose/pkg/loader/compose/v3.go:530.3,532.56 3 0
github.com/kubernetes/kompose/pkg/loader/compose/v3.go:536.3,536.76 1 0
github.com/kubernetes/kompose/pkg/loader/compose/v3.go:438.50,440.4 1 0
github.com/kubernetes/kompose/pkg/loader/compose/v3.go:444.81,446.4 1 0
github.com/kubernetes/kompose/pkg/loader/compose/v3.go:455.91,458.18 3 0
github.com/kubernetes/kompose/pkg/loader/compose/v3.go:458.18,460.5 1 0
github.com/kubernetes/kompose/pkg/loader/compose/v3.go:465.25,467.27 2 0
github.com/kubernetes/kompose/pkg/loader/compose/v3.go:467.27,469.5 1 0
github.com/kubernetes/kompose/pkg/loader/compose/v3.go:475.55,477.4 1 0
github.com/kubernetes/kompose/pkg/loader/compose/v3.go:478.48,481.4 2 0
github.com/kubernetes/kompose/pkg/loader/compose/v3.go:484.50,486.4 1 0
github.com/kubernetes/kompose/pkg/loader/compose/v3.go:491.54,493.4 1 0
github.com/kubernetes/kompose/pkg/loader/compose/v3.go:521.89,523.4 1 0
github.com/kubernetes/kompose/pkg/loader/compose/v3.go:526.42,528.4 1 0
github.com/kubernetes/kompose/pkg/loader/compose/v3.go:532.56,534.4 1 0
github.com/kubernetes/kompose/pkg/loader/compose/v3.go:546.61,547.19 1 0
github.com/kubernetes/kompose/pkg/loader/compose/v3.go:551.2,552.20 2 0
github.com/kubernetes/kompose/pkg/loader/compose/v3.go:556.2,556.16 1 0
github.com/kubernetes/kompose/pkg/loader/compose/v3.go:547.19,549.3 1 0
github.com/kubernetes/kompose/pkg/loader/compose/v3.go:552.20,554.3 1 0
github.com/kubernetes/kompose/pkg/loader/compose/v3.go:559.131,560.45 1 0
github.com/kubernetes/kompose/pkg/loader/compose/v3.go:560.45,561.66 1 0
github.com/kubernetes/kompose/pkg/loader/compose/v3.go:561.66,563.4 1 0
github.com/kubernetes/kompose/pkg/loader/compose/v3.go:564.8,566.50 2 0
github.com/kubernetes/kompose/pkg/loader/compose/v3.go:566.50,571.21 3 0
github.com/kubernetes/kompose/pkg/loader/compose/v3.go:574.4,574.66 1 0
github.com/kubernetes/kompose/pkg/loader/compose/v3.go:571.21,573.5 1 0
github.com/kubernetes/kompose/pkg/loader/compose/v3.go:579.110,580.66 1 0
github.com/kubernetes/kompose/pkg/loader/compose/v3.go:612.2,612.12 1 0
github.com/kubernetes/kompose/pkg/loader/compose/v3.go:580.66,589.58 1 0
github.com/kubernetes/kompose/pkg/loader/compose/v3.go:600.3,600.64 1 0
github.com/kubernetes/kompose/pkg/loader/compose/v3.go:589.58,592.67 2 0
github.com/kubernetes/kompose/pkg/loader/compose/v3.go:592.67,594.19 2 0
github.com/kubernetes/kompose/pkg/loader/compose/v3.go:597.5,597.52 1 0
github.com/kubernetes/kompose/pkg/loader/compose/v3.go:594.19,596.6 1 0
github.com/kubernetes/kompose/pkg/loader/compose/v3.go:600.64,603.73 2 0
github.com/kubernetes/kompose/pkg/loader/compose/v3.go:603.73,605.19 2 0
github.com/kubernetes/kompose/pkg/loader/compose/v3.go:608.5,608.64 1 0
github.com/kubernetes/kompose/pkg/loader/compose/v3.go:605.19,607.6 1 0
github.com/kubernetes/kompose/pkg/loader/compose/v3.go:615.106,620.60 1 0
github.com/kubernetes/kompose/pkg/loader/compose/v3.go:620.60,622.19 2 0
github.com/kubernetes/kompose/pkg/loader/compose/v3.go:632.3,632.69 1 0
github.com/kubernetes/kompose/pkg/loader/compose/v3.go:622.19,624.4 1 0
github.com/kubernetes/kompose/pkg/loader/compose/v3.go:624.9,626.10 2 0
github.com/kubernetes/kompose/pkg/loader/compose/v3.go:626.10,628.5 1 0
github.com/kubernetes/kompose/pkg/loader/compose/v3.go:628.10,629.13 1 0
github.com/kubernetes/kompose/pkg/loader/compose/v3.go:637.95,642.33 1 0
github.com/kubernetes/kompose/pkg/loader/compose/v3.go:646.2,646.33 1 0
github.com/kubernetes/kompose/pkg/loader/compose/v3.go:670.2,670.79 1 0
github.com/kubernetes/kompose/pkg/loader/compose/v3.go:674.2,674.101 1 0
github.com/kubernetes/kompose/pkg/loader/compose/v3.go:678.2,678.68 1 0
github.com/kubernetes/kompose/pkg/loader/compose/v3.go:682.2,682.12 1 0
github.com/kubernetes/kompose/pkg/loader/compose/v3.go:642.33,644.3 1 0
github.com/kubernetes/kompose/pkg/loader/compose/v3.go:646.33,647.14 1 0
github.com/kubernetes/kompose/pkg/loader/compose/v3.go:648.25,650.18 2 0
github.com/kubernetes/kompose/pkg/loader/compose/v3.go:654.4,654.43 1 0
github.com/kubernetes/kompose/pkg/loader/compose/v3.go:655.27,656.76 1 0
github.com/kubernetes/kompose/pkg/loader/compose/v3.go:657.26,658.52 1 0
github.com/kubernetes/kompose/pkg/loader/compose/v3.go:659.36,660.42 1 0
github.com/kubernetes/kompose/pkg/loader/compose/v3.go:661.29,662.41 1 0
github.com/kubernetes/kompose/pkg/loader/compose/v3.go:663.29,664.41 1 0
github.com/kubernetes/kompose/pkg/loader/compose/v3.go:665.11,666.37 1 0
github.com/kubernetes/kompose/pkg/loader/compose/v3.go:650.18,652.5 1 0
github.com/kubernetes/kompose/pkg/loader/compose/v3.go:670.79,672.3 1 0
github.com/kubernetes/kompose/pkg/loader/compose/v3.go:674.101,676.3 1 0
github.com/kubernetes/kompose/pkg/loader/compose/v3.go:678.68,680.3 1 0
github.com/kubernetes/kompose/pkg/loader/compose/v3.go:685.99,686.49 1 0
github.com/kubernetes/kompose/pkg/loader/compose/v3.go:686.49,689.17 2 0
github.com/kubernetes/kompose/pkg/loader/compose/v3.go:692.3,692.34 1 0
github.com/kubernetes/kompose/pkg/loader/compose/v3.go:703.3,705.44 3 0
github.com/kubernetes/kompose/pkg/loader/compose/v3.go:689.17,691.4 1 0
github.com/kubernetes/kompose/pkg/loader/compose/v3.go:692.34,694.42 2 0
github.com/kubernetes/kompose/pkg/loader/compose/v3.go:694.42,700.5 4 0
github.com/kubernetes/kompose/pkg/loader/compose/v3.go:709.94,712.40 2 0
github.com/kubernetes/kompose/pkg/loader/compose/v3.go:722.2,722.23 1 0
github.com/kubernetes/kompose/pkg/loader/compose/v3.go:712.40,713.41 1 0
github.com/kubernetes/kompose/pkg/loader/compose/v3.go:713.41,714.36 1 0
github.com/kubernetes/kompose/pkg/loader/compose/v3.go:714.36,716.5 1 0
github.com/kubernetes/kompose/pkg/loader/compose/v3.go:716.10,716.47 1 0
github.com/kubernetes/kompose/pkg/loader/compose/v3.go:716.47,718.5 1 0
github.com/kubernetes/kompose/pkg/loader/compose/v3.go:725.100,726.44 1 0
github.com/kubernetes/kompose/pkg/loader/compose/v3.go:729.2,730.50 2 0
github.com/kubernetes/kompose/pkg/loader/compose/v3.go:734.2,734.46 1 0
github.com/kubernetes/kompose/pkg/loader/compose/v3.go:941.2,941.48 1 0
github.com/kubernetes/kompose/pkg/loader/compose/v3.go:946.2,946.46 1 0
github.com/kubernetes/kompose/pkg/loader/compose/v3.go:951.2,951.46 1 0
github.com/kubernetes/kompose/pkg/loader/compose/v3.go:956.2,956.46 1 0
github.com/kubernetes/kompose/pkg/loader/compose/v3.go:960.2,960.24 1 0
github.com/kubernetes/kompose/pkg/loader/compose/v3.go:726.44,728.3 1 0
github.com/kubernetes/kompose/pkg/loader/compose/v3.go:730.50,732.3 1 0
github.com/kubernetes/kompose/pkg/loader/compose/v3.go:734.46,736.66 2 0
github.com/kubernetes/kompose/pkg/loader/compose/v3.go:742.3,743.37 2 0
github.com/kubernetes/kompose/pkg/loader/compose/v3.go:746.3,746.31 1 0
github.com/kubernetes/kompose/pkg/loader/compose/v3.go:749.3,749.32 1 0
github.com/kubernetes/kompose/pkg/loader/compose/v3.go:752.3,752.33 1 0
github.com/kubernetes/kompose/pkg/loader/compose/v3.go:755.3,755.32 1 0
github.com/kubernetes/kompose/pkg/loader/compose/v3.go:758.3,758.32 1 0
github.com/kubernetes/kompose/pkg/loader/compose/v3.go:761.3,761.34 1 0
github.com/kubernetes/kompose/pkg/loader/compose/v3.go:764.3,764.81 1 0
github.com/kubernetes/kompose/pkg/loader/compose/v3.go:767.3,767.34 1 0
github.com/kubernetes/kompose/pkg/loader/compose/v3.go:770.3,770.32 1 0
github.com/kubernetes/kompose/pkg/loader/compose/v3.go:773.3,773.45 1 0
github.com/kubernetes/kompose/pkg/loader/compose/v3.go:777.3,777.51 1 0
github.com/kubernetes/kompose/pkg/loader/compose/v3.go:780.3,780.37 1 0
github.com/kubernetes/kompose/pkg/loader/compose/v3.go:784.3,784.32 1 0
github.com/kubernetes/kompose/pkg/loader/compose/v3.go:791.3,791.28 1 0
github.com/kubernetes/kompose/pkg/loader/compose/v3.go:795.3,795.34 1 0
github.com/kubernetes/kompose/pkg/loader/compose/v3.go:799.3,799.31 1 0
github.com/kubernetes/kompose/pkg/loader/compose/v3.go:802.3,802.35 1 0
github.com/kubernetes/kompose/pkg/loader/compose/v3.go:805.3,805.36 1 0
github.com/kubernetes/kompose/pkg/loader/compose/v3.go:811.3,811.32 1 0
github.com/kubernetes/kompose/pkg/loader/compose/v3.go:814.3,814.31 1 0
github.com/kubernetes/kompose/pkg/loader/compose/v3.go:818.3,818.38 1 0
github.com/kubernetes/kompose/pkg/loader/compose/v3.go:822.3,822.35 1 0
github.com/kubernetes/kompose/pkg/loader/compose/v3.go:825.3,825.29 1 0
github.com/kubernetes/kompose/pkg/loader/compose/v3.go:828.3,828.33 1 0
github.com/kubernetes/kompose/pkg/loader/compose/v3.go:831.3,831.26 1 0
github.com/kubernetes/kompose/pkg/loader/compose/v3.go:835.3,835.24 1 0
github.com/kubernetes/kompose/pkg/loader/compose/v3.go:838.3,838.31 1 0
github.com/kubernetes/kompose/pkg/loader/compose/v3.go:847.3,847.30 1 0
github.com/kubernetes/kompose/pkg/loader/compose/v3.go:850.3,850.29 1 0
github.com/kubernetes/kompose/pkg/loader/compose/v3.go:853.3,853.31 1 0
github.com/kubernetes/kompose/pkg/loader/compose/v3.go:856.3,856.32 1 0
github.com/kubernetes/kompose/pkg/loader/compose/v3.go:859.3,859.33 1 0
github.com/kubernetes/kompose/pkg/loader/compose/v3.go:862.3,862.24 1 0
github.com/kubernetes/kompose/pkg/loader/compose/v3.go:865.3,865.30 1 0
github.com/kubernetes/kompose/pkg/loader/compose/v3.go:869.3,869.53 1 0
github.com/kubernetes/kompose/pkg/loader/compose/v3.go:872.3,872.49 1 0
github.com/kubernetes/kompose/pkg/loader/compose/v3.go:875.3,875.28 1 0
github.com/kubernetes/kompose/pkg/loader/compose/v3.go:878.3,878.32 1 0
github.com/kubernetes/kompose/pkg/loader/compose/v3.go:881.3,881.36 1 0
github.com/kubernetes/kompose/pkg/loader/compose/v3.go:884.3,884.51 1 0
github.com/kubernetes/kompose/pkg/loader/compose/v3.go:887.3,887.31 1 0
github.com/kubernetes/kompose/pkg/loader/compose/v3.go:890.3,890.30 1 0
github.com/kubernetes/kompose/pkg/loader/compose/v3.go:894.3,894.39 1 0
github.com/kubernetes/kompose/pkg/loader/compose/v3.go:897.3,897.32 1 0
github.com/kubernetes/kompose/pkg/loader/compose/v3.go:900.3,900.25 1 0
github.com/kubernetes/kompose/pkg/loader/compose/v3.go:903.3,903.32 1 0
github.com/kubernetes/kompose/pkg/loader/compose/v3.go:934.3,934.31 1 0
github.com/kubernetes/kompose/pkg/loader/compose/v3.go:937.3,937.45 1 0
github.com/kubernetes/kompose/pkg/loader/compose/v3.go:736.66,738.12 2 0
github.com/kubernetes/kompose/pkg/loader/compose/v3.go:739.9,741.4 1 0
github.com/kubernetes/kompose/pkg/loader/compose/v3.go:743.37,745.4 1 0
github.com/kubernetes/kompose/pkg/loader/compose/v3.go:746.31,748.4 1 0
github.com/kubernetes/kompose/pkg/loader/compose/v3.go:749.32,751.4 1 0
github.com/kubernetes/kompose/pkg/loader/compose/v3.go:752.33,754.4 1 0
github.com/kubernetes/kompose/pkg/loader/compose/v3.go:755.32,757.4 1 0
github.com/kubernetes/kompose/pkg/loader/compose/v3.go:758.32,760.4 1 0
github.com/kubernetes/kompose/pkg/loader/compose/v3.go:761.34,763.4 1 0
github.com/kubernetes/kompose/pkg/loader/compose/v3.go:764.81,766.4 1 0
github.com/kubernetes/kompose/pkg/loader/compose/v3.go:767.34,769.4 1 0
github.com/kubernetes/kompose/pkg/loader/compose/v3.go:770.32,772.4 1 0
github.com/kubernetes/kompose/pkg/loader/compose/v3.go:773.45,775.4 1 0
github.com/kubernetes/kompose/pkg/loader/compose/v3.go:777.51,779.4 1 0
github.com/kubernetes/kompose/pkg/loader/compose/v3.go:780.37,782.4 1 0
github.com/kubernetes/kompose/pkg/loader/compose/v3.go:784.32,789.4 1 0
github.com/kubernetes/kompose/pkg/loader/compose/v3.go:791.28,794.4 1 0
github.com/kubernetes/kompose/pkg/loader/compose/v3.go:795.34,798.4 1 0
github.com/kubernetes/kompose/pkg/loader/compose/v3.go:799.31,801.4 1 0
github.com/kubernetes/kompose/pkg/loader/compose/v3.go:802.35,804.4 1 0
github.com/kubernetes/kompose/pkg/loader/compose/v3.go:805.36,807.42 1 0
github.com/kubernetes/kompose/pkg/loader/compose/v3.go:807.42,809.5 1 0
github.com/kubernetes/kompose/pkg/loader/compose/v3.go:811.32,813.4 1 0
github.com/kubernetes/kompose/pkg/loader/compose/v3.go:814.31,817.4 1 0
github.com/kubernetes/kompose/pkg/loader/compose/v3.go:818.38,821.4 1 0
github.com/kubernetes/kompose/pkg/loader/compose/v3.go:822.35,824.4 1 0
github.com/kubernetes/kompose/pkg/loader/compose/v3.go:825.29,827.4 1 0
github.com/kubernetes/kompose/pkg/loader/compose/v3.go:828.33,830.4 1 0
github.com/kubernetes/kompose/pkg/loader/compose/v3.go:831.26,833.4 1 0
github.com/kubernetes/kompose/pkg/loader/compose/v3.go:835.24,837.4 1 0
github.com/kubernetes/kompose/pkg/loader/compose/v3.go:838.31,840.35 1 0
github.com/kubernetes/kompose/pkg/loader/compose/v3.go:843.4,843.37 1 0
github.com/kubernetes/kompose/pkg/loader/compose/v3.go:840.35,842.5 1 0
github.com/kubernetes/kompose/pkg/loader/compose/v3.go:843.37,845.5 1 0
github.com/kubernetes/kompose/pkg/loader/compose/v3.go:847.30,849.4 1 0
github.com/kubernetes/kompose/pkg/loader/compose/v3.go:850.29,852.4 1 0
github.com/kubernetes/kompose/pkg/loader/compose/v3.go:853.31,855.4 1 0
github.com/kubernetes/kompose/pkg/loader/compose/v3.go:856.32,858.4 1 0
github.com/kubernetes/kompose/pkg/loader/compose/v3.go:859.33,861.4 1 0
github.com/kubernetes/kompose/pkg/loader/compose/v3.go:862.24,864.4 1 0
github.com/kubernetes/kompose/pkg/loader/compose/v3.go:865.30,868.4 1 0
github.com/kubernetes/kompose/pkg/loader/compose/v3.go:869.53,871.4 1 0
github.com/kubernetes/kompose/pkg/loader/compose/v3.go:872.49,874.4 1 0
github.com/kubernetes/kompose/pkg/loader/compose/v3.go:875.28,877.4 1 0
github.com/kubernetes/kompose/pkg/loader/compose/v3.go:878.32,880.4 1 0
github.com/kubernetes/kompose/pkg/loader/compose/v3.go:881.36,883.4 1 0
github.com/kubernetes/kompose/pkg/loader/compose/v3.go:884.51,886.4 1 0
github.com/kubernetes/kompose/pkg/loader/compose/v3.go:887.31,889.4 1 0
github.com/kubernetes/kompose/pkg/loader/compose/v3.go:890.30,893.4 1 0
github.com/kubernetes/kompose/pkg/loader/compose/v3.go:894.39,896.4 1 0
github.com/kubernetes/kompose/pkg/loader/compose/v3.go:897.32,899.4 1 0
github.com/kubernetes/kompose/pkg/loader/compose/v3.go:900.25,902.4 1 0
github.com/kubernetes/kompose/pkg/loader/compose/v3.go:903.32,913.52 3 0
github.com/kubernetes/kompose/pkg/loader/compose/v3.go:918.4,918.46 1 0
github.com/kubernetes/kompose/pkg/loader/compose/v3.go:926.4,928.29 2 0
github.com/kubernetes/kompose/pkg/loader/compose/v3.go:932.4,932.35 1 0
github.com/kubernetes/kompose/pkg/loader/compose/v3.go:913.52,916.5 2 0
github.com/kubernetes/kompose/pkg/loader/compose/v3.go:918.46,919.57 1 0
github.com/kubernetes/kompose/pkg/loader/compose/v3.go:922.5,922.51 1 0
github.com/kubernetes/kompose/pkg/loader/compose/v3.go:919.57,921.6 1 0
github.com/kubernetes/kompose/pkg/loader/compose/v3.go:928.29,930.5 1 0
github.com/kubernetes/kompose/pkg/loader/compose/v3.go:934.31,936.4 1 0
github.com/kubernetes/kompose/pkg/loader/compose/v3.go:941.48,943.3 1 0
github.com/kubernetes/kompose/pkg/loader/compose/v3.go:946.46,948.3 1 0
github.com/kubernetes/kompose/pkg/loader/compose/v3.go:951.46,953.3 1 0
github.com/kubernetes/kompose/pkg/loader/compose/v3.go:956.46,958.3 1 0
github.com/kubernetes/kompose/pkg/loader/compose/v3.go:963.69,964.26 1 0
github.com/kubernetes/kompose/pkg/loader/compose/v3.go:968.2,970.49 2 0
github.com/kubernetes/kompose/pkg/loader/compose/v3.go:985.2,985.47 1 0
github.com/kubernetes/kompose/pkg/loader/compose/v3.go:991.2,991.18 1 0
github.com/kubernetes/kompose/pkg/loader/compose/v3.go:964.26,966.3 1 0
github.com/kubernetes/kompose/pkg/loader/compose/v3.go:970.49,971.45 1 0
github.com/kubernetes/kompose/pkg/loader/compose/v3.go:980.3,980.81 1 0
github.com/kubernetes/kompose/pkg/loader/compose/v3.go:971.45,972.27 1 0
github.com/kubernetes/kompose/pkg/loader/compose/v3.go:975.4,975.27 1 0
github.com/kubernetes/kompose/pkg/loader/compose/v3.go:972.27,974.5 1 0
github.com/kubernetes/kompose/pkg/loader/compose/v3.go:975.27,977.5 1 0
github.com/kubernetes/kompose/pkg/loader/compose/v3.go:980.81,982.4 1 0
github.com/kubernetes/kompose/pkg/loader/compose/v3.go:985.47,986.31 1 0
github.com/kubernetes/kompose/pkg/loader/compose/v3.go:986.31,988.4 1 0
github.com/kubernetes/kompose/pkg/transformer/utils.go:42.28,45.2 2 0
github.com/kubernetes/kompose/pkg/transformer/utils.go:48.50,49.19 1 0
github.com/kubernetes/kompose/pkg/transformer/utils.go:53.2,53.44 1 0
github.com/kubernetes/kompose/pkg/transformer/utils.go:58.2,59.16 2 0
github.com/kubernetes/kompose/pkg/transformer/utils.go:62.2,62.15 1 0
github.com/kubernetes/kompose/pkg/transformer/utils.go:49.19,51.3 1 0
github.com/kubernetes/kompose/pkg/transformer/utils.go:53.44,54.55 1 0
github.com/kubernetes/kompose/pkg/transformer/utils.go:54.55,56.4 1 0
github.com/kubernetes/kompose/pkg/transformer/utils.go:59.16,61.3 1 0
github.com/kubernetes/kompose/pkg/transformer/utils.go:66.81,67.32 1 26
github.com/kubernetes/kompose/pkg/transformer/utils.go:70.2,70.28 1 13
github.com/kubernetes/kompose/pkg/transformer/utils.go:67.32,69.3 1 13
github.com/kubernetes/kompose/pkg/transformer/utils.go:73.81,78.29 3 13
github.com/kubernetes/kompose/pkg/transformer/utils.go:83.2,83.31 1 13
github.com/kubernetes/kompose/pkg/transformer/utils.go:89.2,89.29 1 13
github.com/kubernetes/kompose/pkg/transformer/utils.go:95.2,100.60 2 13
github.com/kubernetes/kompose/pkg/transformer/utils.go:110.2,112.29 3 13
github.com/kubernetes/kompose/pkg/transformer/utils.go:115.2,115.86 1 13
github.com/kubernetes/kompose/pkg/transformer/utils.go:119.2,119.8 1 13
github.com/kubernetes/kompose/pkg/transformer/utils.go:78.29,80.3 1 0
github.com/kubernetes/kompose/pkg/transformer/utils.go:83.31,86.3 2 6
github.com/kubernetes/kompose/pkg/transformer/utils.go:89.29,92.3 2 0
github.com/kubernetes/kompose/pkg/transformer/utils.go:100.60,104.3 3 1
github.com/kubernetes/kompose/pkg/transformer/utils.go:104.8,104.69 1 12
github.com/kubernetes/kompose/pkg/transformer/utils.go:104.69,107.3 2 6
github.com/kubernetes/kompose/pkg/transformer/utils.go:112.29,114.3 1 5
github.com/kubernetes/kompose/pkg/transformer/utils.go:115.86,118.3 2 0
github.com/kubernetes/kompose/pkg/transformer/utils.go:131.88,138.41 2 13
github.com/kubernetes/kompose/pkg/transformer/utils.go:162.2,162.22 1 13
github.com/kubernetes/kompose/pkg/transformer/utils.go:180.2,180.32 1 13
github.com/kubernetes/kompose/pkg/transformer/utils.go:186.2,186.27 1 13
github.com/kubernetes/kompose/pkg/transformer/utils.go:195.2,195.8 1 13
github.com/kubernetes/kompose/pkg/transformer/utils.go:138.41,139.10 1 52
github.com/kubernetes/kompose/pkg/transformer/utils.go:140.37,141.24 1 17
github.com/kubernetes/kompose/pkg/transformer/utils.go:146.4,147.29 2 17
github.com/kubernetes/kompose/pkg/transformer/utils.go:151.4,152.35 2 17
github.com/kubernetes/kompose/pkg/transformer/utils.go:154.25,155.47 1 5
github.com/kubernetes/kompose/pkg/transformer/utils.go:156.11,157.37 1 30
github.com/kubernetes/kompose/pkg/transformer/utils.go:141.24,144.5 2 0
github.com/kubernetes/kompose/pkg/transformer/utils.go:147.29,150.5 2 0
github.com/kubernetes/kompose/pkg/transformer/utils.go:162.22,163.36 1 7
github.com/kubernetes/kompose/pkg/transformer/utils.go:163.36,165.4 1 3
github.com/kubernetes/kompose/pkg/transformer/utils.go:165.9,165.62 1 4
github.com/kubernetes/kompose/pkg/transformer/utils.go:165.62,167.4 1 4
github.com/kubernetes/kompose/pkg/transformer/utils.go:168.8,168.29 1 6
github.com/kubernetes/kompose/pkg/transformer/utils.go:168.29,171.3 2 3
github.com/kubernetes/kompose/pkg/transformer/utils.go:171.8,171.28 1 3
github.com/kubernetes/kompose/pkg/transformer/utils.go:171.28,174.3 2 0
github.com/kubernetes/kompose/pkg/transformer/utils.go:180.32,183.3 2 1
github.com/kubernetes/kompose/pkg/transformer/utils.go:186.27,188.3 1 4
github.com/kubernetes/kompose/pkg/transformer/utils.go:188.8,188.34 1 9
github.com/kubernetes/kompose/pkg/transformer/utils.go:188.34,191.3 2 9
github.com/kubernetes/kompose/pkg/transformer/utils.go:191.8,194.3 2 0
github.com/kubernetes/kompose/pkg/transformer/utils.go:200.48,202.2 1 78
github.com/kubernetes/kompose/pkg/transformer/utils.go:206.52,207.32 1 0
github.com/kubernetes/kompose/pkg/transformer/utils.go:211.2,211.16 1 0
github.com/kubernetes/kompose/pkg/transformer/utils.go:207.32,210.3 2 0
github.com/kubernetes/kompose/pkg/transformer/utils.go:214.36,216.2 1 66
github.com/kubernetes/kompose/pkg/transformer/utils.go:219.50,221.2 1 0
github.com/kubernetes/kompose/pkg/transformer/utils.go:224.75,228.24 3 0
github.com/kubernetes/kompose/pkg/transformer/utils.go:231.2,231.15 1 0
github.com/kubernetes/kompose/pkg/transformer/utils.go:228.24,230.3 1 0
github.com/kubernetes/kompose/pkg/transformer/utils.go:236.85,238.33 2 0
github.com/kubernetes/kompose/pkg/transformer/utils.go:243.2,243.13 1 0
github.com/kubernetes/kompose/pkg/transformer/utils.go:238.33,239.42 1 0
github.com/kubernetes/kompose/pkg/transformer/utils.go:239.42,241.4 1 0
github.com/kubernetes/kompose/pkg/transformer/utils.go:247.73,249.46 2 0
github.com/kubernetes/kompose/pkg/transformer/utils.go:253.2,253.36 1 0
github.com/kubernetes/kompose/pkg/transformer/utils.go:257.2,260.16 4 0
github.com/kubernetes/kompose/pkg/transformer/utils.go:263.2,266.42 2 0
github.com/kubernetes/kompose/pkg/transformer/utils.go:270.2,270.20 1 0
github.com/kubernetes/kompose/pkg/transformer/utils.go:249.46,251.3 1 0
github.com/kubernetes/kompose/pkg/transformer/utils.go:253.36,255.3 1 0
github.com/kubernetes/kompose/pkg/transformer/utils.go:260.16,262.3 1 0
github.com/kubernetes/kompose/pkg/transformer/utils.go:266.42,268.3 1 0
github.com/kubernetes/kompose/pkg/transformer/utils.go:274.135,276.18 2 0
github.com/kubernetes/kompose/pkg/transformer/utils.go:281.2,281.14 1 0
github.com/kubernetes/kompose/pkg/transformer/utils.go:298.2,298.18 1 0
github.com/kubernetes/kompose/pkg/transformer/utils.go:276.18,278.3 1 0
github.com/kubernetes/kompose/pkg/transformer/utils.go:278.8,280.3 1 0
github.com/kubernetes/kompose/pkg/transformer/utils.go:281.14,284.3 2 0
github.com/kubernetes/kompose/pkg/transformer/utils.go:284.8,284.21 1 0
github.com/kubernetes/kompose/pkg/transformer/utils.go:284.21,286.77 1 0
github.com/kubernetes/kompose/pkg/transformer/utils.go:289.3,289.11 1 0
github.com/kubernetes/kompose/pkg/transformer/utils.go:286.77,288.4 1 0
github.com/kubernetes/kompose/pkg/transformer/utils.go:290.8,293.60 2 0
github.com/kubernetes/kompose/pkg/transformer/utils.go:296.3,296.71 1 0
github.com/kubernetes/kompose/pkg/transformer/utils.go:293.60,295.4 1 0
github.com/kubernetes/kompose/pkg/transformer/utils.go:302.49,303.46 1 2
github.com/kubernetes/kompose/pkg/transformer/utils.go:308.2,308.17 1 0
github.com/kubernetes/kompose/pkg/transformer/utils.go:303.46,305.3 1 1
github.com/kubernetes/kompose/pkg/transformer/utils.go:305.8,305.54 1 1
github.com/kubernetes/kompose/pkg/transformer/utils.go:305.54,307.3 1 1
github.com/kubernetes/kompose/pkg/transformer/utils.go:315.30,317.2 1 0
github.com/kubernetes/kompose/pkg/transformer/utils.go:321.40,323.2 1 0
github.com/kubernetes/kompose/pkg/transformer/utils.go:326.35,328.2 1 0
github.com/kubernetes/kompose/pkg/transformer/utils.go:331.61,334.40 2 1
github.com/kubernetes/kompose/pkg/transformer/utils.go:341.2,342.37 2 1
github.com/kubernetes/kompose/pkg/transformer/utils.go:334.40,336.17 2 1
github.com/kubernetes/kompose/pkg/transformer/utils.go:339.3,339.48 1 1
github.com/kubernetes/kompose/pkg/transformer/utils.go:336.17,338.4 1 0
github.com/kubernetes/kompose/pkg/transformer/utils.go:346.73,348.16 2 0
github.com/kubernetes/kompose/pkg/transformer/utils.go:352.2,357.32 4 0
github.com/kubernetes/kompose/pkg/transformer/utils.go:360.2,362.46 2 0
github.com/kubernetes/kompose/pkg/transformer/utils.go:366.2,367.25 2 0
github.com/kubernetes/kompose/pkg/transformer/utils.go:371.2,372.51 2 0
github.com/kubernetes/kompose/pkg/transformer/utils.go:383.2,384.16 2 0
github.com/kubernetes/kompose/pkg/transformer/utils.go:390.2,393.16 3 0
github.com/kubernetes/kompose/pkg/transformer/utils.go:397.2,397.12 1 0
github.com/kubernetes/kompose/pkg/transformer/utils.go:348.16,350.3 1 0
github.com/kubernetes/kompose/pkg/transformer/utils.go:357.32,359.3 1 0
github.com/kubernetes/kompose/pkg/transformer/utils.go:362.46,364.3 1 0
github.com/kubernetes/kompose/pkg/transformer/utils.go:367.25,369.3 1 0
github.com/kubernetes/kompose/pkg/transformer/utils.go:372.51,374.22 2 0
github.com/kubernetes/kompose/pkg/transformer/utils.go:379.3,379.81 1 0
github.com/kubernetes/kompose/pkg/transformer/utils.go:374.22,376.4 1 0
github.com/kubernetes/kompose/pkg/transformer/utils.go:376.9,378.4 1 0
github.com/kubernetes/kompose/pkg/transformer/utils.go:384.16,386.3 1 0
github.com/kubernetes/kompose/pkg/transformer/utils.go:393.16,395.3 1 0
github.com/kubernetes/kompose/pkg/transformer/utils.go:401.114,402.20 1 0
github.com/kubernetes/kompose/pkg/transformer/utils.go:410.2,414.25 2 0
github.com/kubernetes/kompose/pkg/transformer/utils.go:419.2,420.16 2 0
github.com/kubernetes/kompose/pkg/transformer/utils.go:424.2,425.16 2 0
github.com/kubernetes/kompose/pkg/transformer/utils.go:429.2,429.33 1 0
github.com/kubernetes/kompose/pkg/transformer/utils.go:439.2,441.16 3 0
github.com/kubernetes/kompose/pkg/transformer/utils.go:445.2,445.12 1 0
github.com/kubernetes/kompose/pkg/transformer/utils.go:402.20,404.34 1 0
github.com/kubernetes/kompose/pkg/transformer/utils.go:407.3,407.13 1 0
github.com/kubernetes/kompose/pkg/transformer/utils.go:404.34,406.4 1 0
github.com/kubernetes/kompose/pkg/transformer/utils.go:414.25,417.3 2 0
github.com/kubernetes/kompose/pkg/transformer/utils.go:420.16,422.3 1 0
github.com/kubernetes/kompose/pkg/transformer/utils.go:425.16,427.3 1 0
github.com/kubernetes/kompose/pkg/transformer/utils.go:429.33,434.17 4 0
github.com/kubernetes/kompose/pkg/transformer/utils.go:434.17,436.4 1 0
github.com/kubernetes/kompose/pkg/transformer/utils.go:441.16,443.3 1 0
github.com/kubernetes/kompose/pkg/transformer/kubernetes/k8sutils.go:53.41,63.16 5 0
github.com/kubernetes/kompose/pkg/transformer/kubernetes/k8sutils.go:67.2,67.16 1 0
github.com/kubernetes/kompose/pkg/transformer/kubernetes/k8sutils.go:80.2,82.16 3 0
github.com/kubernetes/kompose/pkg/transformer/kubernetes/k8sutils.go:87.2,98.16 3 0
github.com/kubernetes/kompose/pkg/transformer/kubernetes/k8sutils.go:101.2,105.16 4 0
github.com/kubernetes/kompose/pkg/transformer/kubernetes/k8sutils.go:109.2,110.12 2 0
github.com/kubernetes/kompose/pkg/transformer/kubernetes/k8sutils.go:63.16,65.3 1 0
github.com/kubernetes/kompose/pkg/transformer/kubernetes/k8sutils.go:67.16,69.17 2 0
github.com/kubernetes/kompose/pkg/transformer/kubernetes/k8sutils.go:73.3,74.17 2 0
github.com/kubernetes/kompose/pkg/transformer/kubernetes/k8sutils.go:69.17,71.4 1 0
github.com/kubernetes/kompose/pkg/transformer/kubernetes/k8sutils.go:74.17,76.4 1 0
github.com/kubernetes/kompose/pkg/transformer/kubernetes/k8sutils.go:82.16,84.3 1 0
github.com/kubernetes/kompose/pkg/transformer/kubernetes/k8sutils.go:98.16,100.3 1 0
github.com/kubernetes/kompose/pkg/transformer/kubernetes/k8sutils.go:105.16,107.3 1 0
github.com/kubernetes/kompose/pkg/transformer/kubernetes/k8sutils.go:114.39,117.16 2 3
github.com/kubernetes/kompose/pkg/transformer/kubernetes/k8sutils.go:120.2,124.16 3 2
github.com/kubernetes/kompose/pkg/transformer/kubernetes/k8sutils.go:129.2,129.22 1 2
github.com/kubernetes/kompose/pkg/transformer/kubernetes/k8sutils.go:132.2,132.19 1 1
github.com/kubernetes/kompose/pkg/transformer/kubernetes/k8sutils.go:117.16,119.3 1 1
github.com/kubernetes/kompose/pkg/transformer/kubernetes/k8sutils.go:124.16,126.3 1 0
github.com/kubernetes/kompose/pkg/transformer/kubernetes/k8sutils.go:129.22,131.3 1 1
github.com/kubernetes/kompose/pkg/transformer/kubernetes/k8sutils.go:135.52,137.19 2 0
github.com/kubernetes/kompose/pkg/transformer/kubernetes/k8sutils.go:147.2,147.16 1 0
github.com/kubernetes/kompose/pkg/transformer/kubernetes/k8sutils.go:137.19,139.22 1 0
github.com/kubernetes/kompose/pkg/transformer/kubernetes/k8sutils.go:139.22,143.4 3 0
github.com/kubernetes/kompose/pkg/transformer/kubernetes/k8sutils.go:143.9,145.4 1 0
github.com/kubernetes/kompose/pkg/transformer/kubernetes/k8sutils.go:150.62,159.2 4 0
github.com/kubernetes/kompose/pkg/transformer/kubernetes/k8sutils.go:162.76,168.77 4 0
github.com/kubernetes/kompose/pkg/transformer/kubernetes/k8sutils.go:175.2,176.16 2 0
github.com/kubernetes/kompose/pkg/transformer/kubernetes/k8sutils.go:179.2,179.21 1 0
github.com/kubernetes/kompose/pkg/transformer/kubernetes/k8sutils.go:182.2,182.15 1 0
github.com/kubernetes/kompose/pkg/transformer/kubernetes/k8sutils.go:193.2,197.30 2 0
github.com/kubernetes/kompose/pkg/transformer/kubernetes/k8sutils.go:276.2,276.21 1 0
github.com/kubernetes/kompose/pkg/transformer/kubernetes/k8sutils.go:282.2,282.12 1 0
github.com/kubernetes/kompose/pkg/transformer/kubernetes/k8sutils.go:168.77,169.63 1 0
github.com/kubernetes/kompose/pkg/transformer/kubernetes/k8sutils.go:169.63,171.4 1 0
github.com/kubernetes/kompose/pkg/transformer/kubernetes/k8sutils.go:176.16,178.3 1 0
github.com/kubernetes/kompose/pkg/transformer/kubernetes/k8sutils.go:179.21,181.3 1 0
github.com/kubernetes/kompose/pkg/transformer/kubernetes/k8sutils.go:182.15,184.17 2 0
github.com/kubernetes/kompose/pkg/transformer/kubernetes/k8sutils.go:187.3,187.28 1 0
github.com/kubernetes/kompose/pkg/transformer/kubernetes/k8sutils.go:190.3,190.18 1 0
github.com/kubernetes/kompose/pkg/transformer/kubernetes/k8sutils.go:184.17,186.4 1 0
github.com/kubernetes/kompose/pkg/transformer/kubernetes/k8sutils.go:187.28,189.4 1 0
github.com/kubernetes/kompose/pkg/transformer/kubernetes/k8sutils.go:197.30,200.34 2 0
github.com/kubernetes/kompose/pkg/transformer/kubernetes/k8sutils.go:209.3,212.17 4 0
github.com/kubernetes/kompose/pkg/transformer/kubernetes/k8sutils.go:215.3,216.17 2 0
github.com/kubernetes/kompose/pkg/transformer/kubernetes/k8sutils.go:219.3,220.17 2 0
github.com/kubernetes/kompose/pkg/transformer/kubernetes/k8sutils.go:223.3,223.34 1 0
github.com/kubernetes/kompose/pkg/transformer/kubernetes/k8sutils.go:200.34,202.18 2 0
github.com/kubernetes/kompose/pkg/transformer/kubernetes/k8sutils.go:206.4,206.65 1 0
github.com/kubernetes/kompose/pkg/transformer/kubernetes/k8sutils.go:202.18,204.5 1 0
github.com/kubernetes/kompose/pkg/transformer/kubernetes/k8sutils.go:212.17,214.4 1 0
github.com/kubernetes/kompose/pkg/transformer/kubernetes/k8sutils.go:216.17,218.4 1 0
github.com/kubernetes/kompose/pkg/transformer/kubernetes/k8sutils.go:220.17,222.4 1 0
github.com/kubernetes/kompose/pkg/transformer/kubernetes/k8sutils.go:224.8,226.22 2 0
github.com/kubernetes/kompose/pkg/transformer/kubernetes/k8sutils.go:230.3,230.57 1 0
github.com/kubernetes/kompose/pkg/transformer/kubernetes/k8sutils.go:234.3,236.29 2 0
github.com/kubernetes/kompose/pkg/transformer/kubernetes/k8sutils.go:226.22,228.4 1 0
github.com/kubernetes/kompose/pkg/transformer/kubernetes/k8sutils.go:230.57,232.4 1 0
github.com/kubernetes/kompose/pkg/transformer/kubernetes/k8sutils.go:236.29,238.18 2 0
github.com/kubernetes/kompose/pkg/transformer/kubernetes/k8sutils.go:241.4,242.18 2 0
github.com/kubernetes/kompose/pkg/transformer/kubernetes/k8sutils.go:246.4,249.52 3 0
github.com/kubernetes/kompose/pkg/transformer/kubernetes/k8sutils.go:268.4,269.18 2 0
github.com/kubernetes/kompose/pkg/transformer/kubernetes/k8sutils.go:273.4,273.31 1 0
github.com/kubernetes/kompose/pkg/transformer/kubernetes/k8sutils.go:238.18,240.5 1 0
github.com/kubernetes/kompose/pkg/transformer/kubernetes/k8sutils.go:242.18,244.5 1 0
github.com/kubernetes/kompose/pkg/transformer/kubernetes/k8sutils.go:249.52,257.5 2 0
github.com/kubernetes/kompose/pkg/transformer/kubernetes/k8sutils.go:257.10,266.5 3 0
github.com/kubernetes/kompose/pkg/transformer/kubernetes/k8sutils.go:269.18,271.5 1 0
github.com/kubernetes/kompose/pkg/transformer/kubernetes/k8sutils.go:276.21,278.17 2 0
github.com/kubernetes/kompose/pkg/transformer/kubernetes/k8sutils.go:278.17,280.4 1 0
github.com/kubernetes/kompose/pkg/transformer/kubernetes/k8sutils.go:286.88,288.16 1 0
github.com/kubernetes/kompose/pkg/transformer/kubernetes/k8sutils.go:293.2,293.16 1 0
github.com/kubernetes/kompose/pkg/transformer/kubernetes/k8sutils.go:296.2,296.8 1 0
github.com/kubernetes/kompose/pkg/transformer/kubernetes/k8sutils.go:288.16,290.3 1 0
github.com/kubernetes/kompose/pkg/transformer/kubernetes/k8sutils.go:290.8,292.3 1 0
github.com/kubernetes/kompose/pkg/transformer/kubernetes/k8sutils.go:293.16,295.3 1 0
github.com/kubernetes/kompose/pkg/transformer/kubernetes/k8sutils.go:300.55,309.16 3 0
github.com/kubernetes/kompose/pkg/transformer/kubernetes/k8sutils.go:313.2,316.48 4 0
github.com/kubernetes/kompose/pkg/transformer/kubernetes/k8sutils.go:319.2,319.23 1 0
github.com/kubernetes/kompose/pkg/transformer/kubernetes/k8sutils.go:309.16,311.3 1 0
github.com/kubernetes/kompose/pkg/transformer/kubernetes/k8sutils.go:316.48,318.3 1 0
github.com/kubernetes/kompose/pkg/transformer/kubernetes/k8sutils.go:325.67,327.16 2 0
github.com/kubernetes/kompose/pkg/transformer/kubernetes/k8sutils.go:331.2,332.16 2 0
github.com/kubernetes/kompose/pkg/transformer/kubernetes/k8sutils.go:336.2,336.15 1 0
github.com/kubernetes/kompose/pkg/transformer/kubernetes/k8sutils.go:327.16,329.3 1 0
github.com/kubernetes/kompose/pkg/transformer/kubernetes/k8sutils.go:332.16,334.3 1 0
github.com/kubernetes/kompose/pkg/transformer/kubernetes/k8sutils.go:341.67,343.51 1 0
github.com/kubernetes/kompose/pkg/transformer/kubernetes/k8sutils.go:347.2,347.17 1 0
github.com/kubernetes/kompose/pkg/transformer/kubernetes/k8sutils.go:343.51,345.3 1 0
github.com/kubernetes/kompose/pkg/transformer/kubernetes/k8sutils.go:365.69,367.2 1 32
github.com/kubernetes/kompose/pkg/transformer/kubernetes/k8sutils.go:369.118,383.2 8 0
github.com/kubernetes/kompose/pkg/transformer/kubernetes/k8sutils.go:385.97,388.21 3 0
github.com/kubernetes/kompose/pkg/transformer/kubernetes/k8sutils.go:392.2,392.21 1 0
github.com/kubernetes/kompose/pkg/transformer/kubernetes/k8sutils.go:396.2,396.13 1 0
github.com/kubernetes/kompose/pkg/transformer/kubernetes/k8sutils.go:388.21,391.3 2 0
github.com/kubernetes/kompose/pkg/transformer/kubernetes/k8sutils.go:392.21,395.3 2 0
github.com/kubernetes/kompose/pkg/transformer/kubernetes/k8sutils.go:400.93,407.39 4 20
github.com/kubernetes/kompose/pkg/transformer/kubernetes/k8sutils.go:415.2,418.12 3 20
github.com/kubernetes/kompose/pkg/transformer/kubernetes/k8sutils.go:407.39,410.3 2 2
github.com/kubernetes/kompose/pkg/transformer/kubernetes/k8sutils.go:410.8,412.3 1 18
github.com/kubernetes/kompose/pkg/transformer/kubernetes/k8sutils.go:426.101,444.2 8 4
github.com/kubernetes/kompose/pkg/transformer/kubernetes/k8sutils.go:445.158,450.60 2 6
github.com/kubernetes/kompose/pkg/transformer/kubernetes/k8sutils.go:457.2,457.50 1 6
github.com/kubernetes/kompose/pkg/transformer/kubernetes/k8sutils.go:462.2,462.31 1 6
github.com/kubernetes/kompose/pkg/transformer/kubernetes/k8sutils.go:476.2,476.12 1 6
github.com/kubernetes/kompose/pkg/transformer/kubernetes/k8sutils.go:450.60,454.3 3 9
github.com/kubernetes/kompose/pkg/transformer/kubernetes/k8sutils.go:457.50,459.3 1 9
github.com/kubernetes/kompose/pkg/transformer/kubernetes/k8sutils.go:462.31,464.17 2 15
github.com/kubernetes/kompose/pkg/transformer/kubernetes/k8sutils.go:467.3,467.31 1 15
github.com/kubernetes/kompose/pkg/transformer/kubernetes/k8sutils.go:464.17,466.4 1 0
github.com/kubernetes/kompose/pkg/transformer/kubernetes/k8sutils.go:467.31,468.33 1 12
github.com/kubernetes/kompose/pkg/transformer/kubernetes/k8sutils.go:469.28,470.71 1 6
github.com/kubernetes/kompose/pkg/transformer/kubernetes/k8sutils.go:471.37,472.74 1 0
github.com/kubernetes/kompose/pkg/transformer/kubernetes/k8sutils.go:480.151,483.16 2 26
github.com/kubernetes/kompose/pkg/transformer/kubernetes/k8sutils.go:488.2,489.16 2 26
github.com/kubernetes/kompose/pkg/transformer/kubernetes/k8sutils.go:493.2,493.28 1 26
github.com/kubernetes/kompose/pkg/transformer/kubernetes/k8sutils.go:499.2,499.61 1 26
github.com/kubernetes/kompose/pkg/transformer/kubernetes/k8sutils.go:508.2,508.16 1 26
github.com/kubernetes/kompose/pkg/transformer/kubernetes/k8sutils.go:515.2,524.60 4 26
github.com/kubernetes/kompose/pkg/transformer/kubernetes/k8sutils.go:627.2,627.50 1 26
github.com/kubernetes/kompose/pkg/transformer/kubernetes/k8sutils.go:632.2,632.31 1 26
github.com/kubernetes/kompose/pkg/transformer/kubernetes/k8sutils.go:658.2,658.12 1 26
github.com/kubernetes/kompose/pkg/transformer/kubernetes/k8sutils.go:483.16,485.3 1 0
github.com/kubernetes/kompose/pkg/transformer/kubernetes/k8sutils.go:489.16,491.3 1 0
github.com/kubernetes/kompose/pkg/transformer/kubernetes/k8sutils.go:493.28,497.3 3 12
github.com/kubernetes/kompose/pkg/transformer/kubernetes/k8sutils.go:499.61,503.25 1 11
github.com/kubernetes/kompose/pkg/transformer/kubernetes/k8sutils.go:503.25,505.4 1 11
github.com/kubernetes/kompose/pkg/transformer/kubernetes/k8sutils.go:508.16,509.25 1 0
github.com/kubernetes/kompose/pkg/transformer/kubernetes/k8sutils.go:509.25,511.4 1 0
github.com/kubernetes/kompose/pkg/transformer/kubernetes/k8sutils.go:524.60,533.78 9 25
github.com/kubernetes/kompose/pkg/transformer/kubernetes/k8sutils.go:536.3,542.36 5 25
github.com/kubernetes/kompose/pkg/transformer/kubernetes/k8sutils.go:549.3,555.24 3 25
github.com/kubernetes/kompose/pkg/transformer/kubernetes/k8sutils.go:564.3,564.30 1 25
github.com/kubernetes/kompose/pkg/transformer/kubernetes/k8sutils.go:569.3,570.25 2 25
github.com/kubernetes/kompose/pkg/transformer/kubernetes/k8sutils.go:573.3,573.25 1 25
github.com/kubernetes/kompose/pkg/transformer/kubernetes/k8sutils.go:583.3,583.62 1 25
github.com/kubernetes/kompose/pkg/transformer/kubernetes/k8sutils.go:588.3,588.50 1 25
github.com/kubernetes/kompose/pkg/transformer/kubernetes/k8sutils.go:591.3,591.72 1 25
github.com/kubernetes/kompose/pkg/transformer/kubernetes/k8sutils.go:594.3,598.83 3 25
github.com/kubernetes/kompose/pkg/transformer/kubernetes/k8sutils.go:605.3,605.74 1 25
github.com/kubernetes/kompose/pkg/transformer/kubernetes/k8sutils.go:612.3,612.29 1 25
github.com/kubernetes/kompose/pkg/transformer/kubernetes/k8sutils.go:615.3,615.31 1 25
github.com/kubernetes/kompose/pkg/transformer/kubernetes/k8sutils.go:619.3,619.84 1 25
github.com/kubernetes/kompose/pkg/transformer/kubernetes/k8sutils.go:623.3,623.13 1 25
github.com/kubernetes/kompose/pkg/transformer/kubernetes/k8sutils.go:533.78,535.4 1 23
github.com/kubernetes/kompose/pkg/transformer/kubernetes/k8sutils.go:542.36,544.18 2 0
github.com/kubernetes/kompose/pkg/transformer/kubernetes/k8sutils.go:544.18,546.5 1 0
github.com/kubernetes/kompose/pkg/transformer/kubernetes/k8sutils.go:555.24,556.29 1 2
github.com/kubernetes/kompose/pkg/transformer/kubernetes/k8sutils.go:556.30,558.5 0 1
github.com/kubernetes/kompose/pkg/transformer/kubernetes/k8sutils.go:558.10,560.5 1 1
github.com/kubernetes/kompose/pkg/transformer/kubernetes/k8sutils.go:564.30,566.4 1 11
github.com/kubernetes/kompose/pkg/transformer/kubernetes/k8sutils.go:570.25,572.4 1 15
github.com/kubernetes/kompose/pkg/transformer/kubernetes/k8sutils.go:573.25,575.18 2 1
github.com/kubernetes/kompose/pkg/transformer/kubernetes/k8sutils.go:575.18,577.5 1 0
github.com/kubernetes/kompose/pkg/transformer/kubernetes/k8sutils.go:577.10,579.5 1 1
github.com/kubernetes/kompose/pkg/transformer/kubernetes/k8sutils.go:583.62,585.4 1 15
github.com/kubernetes/kompose/pkg/transformer/kubernetes/k8sutils.go:588.50,590.4 1 15
github.com/kubernetes/kompose/pkg/transformer/kubernetes/k8sutils.go:591.72,593.4 1 11
github.com/kubernetes/kompose/pkg/transformer/kubernetes/k8sutils.go:598.83,600.4 1 0
github.com/kubernetes/kompose/pkg/transformer/kubernetes/k8sutils.go:600.9,602.4 1 25
github.com/kubernetes/kompose/pkg/transformer/kubernetes/k8sutils.go:605.74,607.4 1 0
github.com/kubernetes/kompose/pkg/transformer/kubernetes/k8sutils.go:607.9,609.4 1 25
github.com/kubernetes/kompose/pkg/transformer/kubernetes/k8sutils.go:612.29,614.4 1 0
github.com/kubernetes/kompose/pkg/transformer/kubernetes/k8sutils.go:615.31,617.4 1 0
github.com/kubernetes/kompose/pkg/transformer/kubernetes/k8sutils.go:619.84,621.4 1 1
github.com/kubernetes/kompose/pkg/transformer/kubernetes/k8sutils.go:627.50,629.3 1 23
github.com/kubernetes/kompose/pkg/transformer/kubernetes/k8sutils.go:632.31,634.17 2 73
github.com/kubernetes/kompose/pkg/transformer/kubernetes/k8sutils.go:637.3,637.31 1 73
github.com/kubernetes/kompose/pkg/transformer/kubernetes/k8sutils.go:634.17,636.4 1 0
github.com/kubernetes/kompose/pkg/transformer/kubernetes/k8sutils.go:637.31,638.33 1 49
github.com/kubernetes/kompose/pkg/transformer/kubernetes/k8sutils.go:639.28,640.71 1 7
github.com/kubernetes/kompose/pkg/transformer/kubernetes/k8sutils.go:641.37,642.74 1 0
github.com/kubernetes/kompose/pkg/transformer/kubernetes/k8sutils.go:643.29,645.35 1 2
github.com/kubernetes/kompose/pkg/transformer/kubernetes/k8sutils.go:648.5,649.47 2 2
github.com/kubernetes/kompose/pkg/transformer/kubernetes/k8sutils.go:654.5,654.63 1 2
github.com/kubernetes/kompose/pkg/transformer/kubernetes/k8sutils.go:645.35,646.11 1 0
github.com/kubernetes/kompose/pkg/transformer/kubernetes/k8sutils.go:649.47,653.6 3 2
github.com/kubernetes/kompose/pkg/transformer/kubernetes/k8sutils.go:662.64,664.36 2 0
github.com/kubernetes/kompose/pkg/transformer/kubernetes/k8sutils.go:667.2,667.11 1 0
github.com/kubernetes/kompose/pkg/transformer/kubernetes/k8sutils.go:664.36,666.3 1 0
github.com/kubernetes/kompose/pkg/transformer/kubernetes/k8sutils.go:672.75,673.21 1 6
github.com/kubernetes/kompose/pkg/transformer/kubernetes/k8sutils.go:676.2,676.22 1 0
github.com/kubernetes/kompose/pkg/transformer/kubernetes/k8sutils.go:679.2,679.11 1 0
github.com/kubernetes/kompose/pkg/transformer/kubernetes/k8sutils.go:673.21,675.3 1 6
github.com/kubernetes/kompose/pkg/transformer/kubernetes/k8sutils.go:676.22,678.3 1 0
github.com/kubernetes/kompose/pkg/transformer/kubernetes/k8sutils.go:693.151,696.58 2 3
github.com/kubernetes/kompose/pkg/transformer/kubernetes/k8sutils.go:706.2,706.27 1 3
github.com/kubernetes/kompose/pkg/transformer/kubernetes/k8sutils.go:696.58,698.20 2 6
github.com/kubernetes/kompose/pkg/transformer/kubernetes/k8sutils.go:698.20,703.4 4 6
github.com/kubernetes/kompose/pkg/transformer/kubernetes/k8sutils.go:710.90,712.52 1 25
github.com/kubernetes/kompose/pkg/transformer/kubernetes/k8sutils.go:727.2,727.64 1 25
github.com/kubernetes/kompose/pkg/transformer/kubernetes/k8sutils.go:741.2,741.8 1 25
github.com/kubernetes/kompose/pkg/transformer/kubernetes/k8sutils.go:712.52,715.28 2 2
github.com/kubernetes/kompose/pkg/transformer/kubernetes/k8sutils.go:719.3,719.28 1 2
github.com/kubernetes/kompose/pkg/transformer/kubernetes/k8sutils.go:723.3,723.63 1 2
github.com/kubernetes/kompose/pkg/transformer/kubernetes/k8sutils.go:715.28,717.4 1 1
github.com/kubernetes/kompose/pkg/transformer/kubernetes/k8sutils.go:719.28,721.4 1 1
github.com/kubernetes/kompose/pkg/transformer/kubernetes/k8sutils.go:727.64,730.34 2 2
github.com/kubernetes/kompose/pkg/transformer/kubernetes/k8sutils.go:734.3,734.34 1 2
github.com/kubernetes/kompose/pkg/transformer/kubernetes/k8sutils.go:738.3,738.68 1 2
github.com/kubernetes/kompose/pkg/transformer/kubernetes/k8sutils.go:730.34,732.4 1 1
github.com/kubernetes/kompose/pkg/transformer/kubernetes/k8sutils.go:734.34,736.4 1 1
github.com/kubernetes/kompose/pkg/transformer/kubernetes/k8sutils.go:745.70,746.16 1 31
github.com/kubernetes/kompose/pkg/transformer/kubernetes/k8sutils.go:757.2,757.16 1 31
github.com/kubernetes/kompose/pkg/transformer/kubernetes/k8sutils.go:747.10,747.10 0 31
github.com/kubernetes/kompose/pkg/transformer/kubernetes/k8sutils.go:748.16,749.29 1 0
github.com/kubernetes/kompose/pkg/transformer/kubernetes/k8sutils.go:750.15,751.28 1 0
github.com/kubernetes/kompose/pkg/transformer/kubernetes/k8sutils.go:752.22,753.35 1 0
github.com/kubernetes/kompose/pkg/transformer/kubernetes/k8sutils.go:754.10,755.88 1 0
github.com/kubernetes/kompose/pkg/transformer/kubernetes/k8sutils.go:761.72,762.17 1 31
github.com/kubernetes/kompose/pkg/transformer/kubernetes/k8sutils.go:763.27,764.38 1 29
github.com/kubernetes/kompose/pkg/transformer/kubernetes/k8sutils.go:765.20,766.37 1 1
github.com/kubernetes/kompose/pkg/transformer/kubernetes/k8sutils.go:767.20,768.41 1 1
github.com/kubernetes/kompose/pkg/transformer/kubernetes/k8sutils.go:769.10,770.86 1 0
github.com/kubernetes/kompose/pkg/transformer/kubernetes/k8sutils.go:777.64,780.28 2 29
github.com/kubernetes/kompose/pkg/transformer/kubernetes/k8sutils.go:787.2,789.13 3 29
github.com/kubernetes/kompose/pkg/transformer/kubernetes/k8sutils.go:780.28,781.63 1 119
github.com/kubernetes/kompose/pkg/transformer/kubernetes/k8sutils.go:781.63,783.4 1 23
github.com/kubernetes/kompose/pkg/transformer/kubernetes/k8sutils.go:783.9,785.4 1 96
github.com/kubernetes/kompose/pkg/transformer/kubernetes/k8sutils.go:796.63,799.28 3 29
github.com/kubernetes/kompose/pkg/transformer/kubernetes/k8sutils.go:813.2,813.16 1 29
github.com/kubernetes/kompose/pkg/transformer/kubernetes/k8sutils.go:799.28,800.40 1 119
github.com/kubernetes/kompose/pkg/transformer/kubernetes/k8sutils.go:800.40,802.16 2 119
github.com/kubernetes/kompose/pkg/transformer/kubernetes/k8sutils.go:802.16,804.13 2 5
github.com/kubernetes/kompose/pkg/transformer/kubernetes/k8sutils.go:805.10,808.5 2 114
github.com/kubernetes/kompose/pkg/transformer/kubernetes/k8sutils.go:809.9,811.4 1 0
github.com/kubernetes/kompose/pkg/transformer/kubernetes/k8sutils.go:817.63,819.49 2 30
github.com/kubernetes/kompose/pkg/transformer/kubernetes/k8sutils.go:822.2,823.19 2 30
github.com/kubernetes/kompose/pkg/transformer/kubernetes/k8sutils.go:819.49,821.3 1 34
github.com/kubernetes/kompose/pkg/transformer/kubernetes/k8sutils.go:827.56,828.13 1 5
github.com/kubernetes/kompose/pkg/transformer/kubernetes/k8sutils.go:831.2,832.16 2 4
github.com/kubernetes/kompose/pkg/transformer/kubernetes/k8sutils.go:835.2,836.16 2 2
github.com/kubernetes/kompose/pkg/transformer/kubernetes/k8sutils.go:828.13,830.3 1 1
github.com/kubernetes/kompose/pkg/transformer/kubernetes/k8sutils.go:832.16,834.3 1 2
github.com/kubernetes/kompose/pkg/transformer/kubernetes/k8sutils.go:840.90,843.16 2 0
github.com/kubernetes/kompose/pkg/transformer/kubernetes/k8sutils.go:846.2,850.16 3 0
github.com/kubernetes/kompose/pkg/transformer/kubernetes/k8sutils.go:854.2,854.21 1 0
github.com/kubernetes/kompose/pkg/transformer/kubernetes/k8sutils.go:843.16,845.3 1 0
github.com/kubernetes/kompose/pkg/transformer/kubernetes/k8sutils.go:850.16,852.3 1 0
github.com/kubernetes/kompose/pkg/transformer/kubernetes/k8sutils.go:858.54,860.16 2 12
github.com/kubernetes/kompose/pkg/transformer/kubernetes/k8sutils.go:863.2,863.31 1 12
github.com/kubernetes/kompose/pkg/transformer/kubernetes/k8sutils.go:860.16,862.3 1 0
github.com/kubernetes/kompose/pkg/transformer/kubernetes/k8sutils.go:867.40,872.2 4 0
github.com/kubernetes/kompose/pkg/transformer/kubernetes/k8sutils.go:875.41,883.2 2 20
github.com/kubernetes/kompose/pkg/transformer/kubernetes/k8sutils.go:886.46,889.2 2 33
github.com/kubernetes/kompose/pkg/transformer/kubernetes/k8sutils.go:891.61,893.36 2 40
github.com/kubernetes/kompose/pkg/transformer/kubernetes/k8sutils.go:896.2,896.13 1 40
github.com/kubernetes/kompose/pkg/transformer/kubernetes/k8sutils.go:893.36,895.3 1 33
github.com/kubernetes/kompose/pkg/transformer/kubernetes/k8sutils.go:900.45,902.2 1 0
github.com/kubernetes/kompose/pkg/transformer/kubernetes/kubernetes.go:75.121,79.61 2 0
github.com/kubernetes/kompose/pkg/transformer/kubernetes/kubernetes.go:104.2,104.18 1 0
github.com/kubernetes/kompose/pkg/transformer/kubernetes/kubernetes.go:79.61,84.32 3 0
github.com/kubernetes/kompose/pkg/transformer/kubernetes/kubernetes.go:84.32,86.69 1 0
github.com/kubernetes/kompose/pkg/transformer/kubernetes/kubernetes.go:86.69,87.38 1 0
github.com/kubernetes/kompose/pkg/transformer/kubernetes/kubernetes.go:87.38,90.75 1 0
github.com/kubernetes/kompose/pkg/transformer/kubernetes/kubernetes.go:97.6,99.37 3 0
github.com/kubernetes/kompose/pkg/transformer/kubernetes/kubernetes.go:90.75,91.27 1 0
github.com/kubernetes/kompose/pkg/transformer/kubernetes/kubernetes.go:91.27,93.16 1 0
github.com/kubernetes/kompose/pkg/transformer/kubernetes/kubernetes.go:108.92,109.17 1 24
github.com/kubernetes/kompose/pkg/transformer/kubernetes/kubernetes.go:112.2,120.22 2 24
github.com/kubernetes/kompose/pkg/transformer/kubernetes/kubernetes.go:127.2,127.12 1 24
github.com/kubernetes/kompose/pkg/transformer/kubernetes/kubernetes.go:109.17,111.3 1 0
github.com/kubernetes/kompose/pkg/transformer/kubernetes/kubernetes.go:120.22,126.3 1 3
github.com/kubernetes/kompose/pkg/transformer/kubernetes/kubernetes.go:131.117,135.40 3 8
github.com/kubernetes/kompose/pkg/transformer/kubernetes/kubernetes.go:176.2,187.35 2 8
github.com/kubernetes/kompose/pkg/transformer/kubernetes/kubernetes.go:194.2,194.12 1 8
github.com/kubernetes/kompose/pkg/transformer/kubernetes/kubernetes.go:135.40,138.19 3 8
github.com/kubernetes/kompose/pkg/transformer/kubernetes/kubernetes.go:142.3,147.17 5 8
github.com/kubernetes/kompose/pkg/transformer/kubernetes/kubernetes.go:152.3,157.24 2 8
github.com/kubernetes/kompose/pkg/transformer/kubernetes/kubernetes.go:162.3,173.35 3 8
github.com/kubernetes/kompose/pkg/transformer/kubernetes/kubernetes.go:138.19,141.4 1 0
github.com/kubernetes/kompose/pkg/transformer/kubernetes/kubernetes.go:147.17,150.12 2 0
github.com/kubernetes/kompose/pkg/transformer/kubernetes/kubernetes.go:157.24,160.4 2 0
github.com/kubernetes/kompose/pkg/transformer/kubernetes/kubernetes.go:187.35,193.3 1 8
github.com/kubernetes/kompose/pkg/transformer/kubernetes/kubernetes.go:200.87,216.2 2 24
github.com/kubernetes/kompose/pkg/transformer/kubernetes/kubernetes.go:219.114,221.16 2 0
github.com/kubernetes/kompose/pkg/transformer/kubernetes/kubernetes.go:227.2,242.18 3 0
github.com/kubernetes/kompose/pkg/transformer/kubernetes/kubernetes.go:221.16,223.3 1 0
github.com/kubernetes/kompose/pkg/transformer/kubernetes/kubernetes.go:248.135,262.16 4 0
github.com/kubernetes/kompose/pkg/transformer/kubernetes/kubernetes.go:266.2,266.28 1 0
github.com/kubernetes/kompose/pkg/transformer/kubernetes/kubernetes.go:294.2,294.23 1 0
github.com/kubernetes/kompose/pkg/transformer/kubernetes/kubernetes.go:262.16,264.3 1 0
github.com/kubernetes/kompose/pkg/transformer/kubernetes/kubernetes.go:267.20,269.17 2 0
github.com/kubernetes/kompose/pkg/transformer/kubernetes/kubernetes.go:273.3,273.30 1 0
github.com/kubernetes/kompose/pkg/transformer/kubernetes/kubernetes.go:283.3,283.40 1 0
github.com/kubernetes/kompose/pkg/transformer/kubernetes/kubernetes.go:285.24,291.4 3 0
github.com/kubernetes/kompose/pkg/transformer/kubernetes/kubernetes.go:269.17,271.4 1 0
github.com/kubernetes/kompose/pkg/transformer/kubernetes/kubernetes.go:273.30,274.21 1 0
github.com/kubernetes/kompose/pkg/transformer/kubernetes/kubernetes.go:274.21,277.19 3 0
github.com/kubernetes/kompose/pkg/transformer/kubernetes/kubernetes.go:280.5,280.32 1 0
github.com/kubernetes/kompose/pkg/transformer/kubernetes/kubernetes.go:277.19,279.6 1 0
github.com/kubernetes/kompose/pkg/transformer/kubernetes/kubernetes.go:299.46,300.27 1 0
github.com/kubernetes/kompose/pkg/transformer/kubernetes/kubernetes.go:303.2,303.45 1 0
github.com/kubernetes/kompose/pkg/transformer/kubernetes/kubernetes.go:306.2,306.13 1 0
github.com/kubernetes/kompose/pkg/transformer/kubernetes/kubernetes.go:300.27,302.3 1 0
github.com/kubernetes/kompose/pkg/transformer/kubernetes/kubernetes.go:303.45,305.3 1 0
github.com/kubernetes/kompose/pkg/transformer/kubernetes/kubernetes.go:309.74,313.25 3 12
github.com/kubernetes/kompose/pkg/transformer/kubernetes/kubernetes.go:322.2,323.32 2 12
github.com/kubernetes/kompose/pkg/transformer/kubernetes/kubernetes.go:313.25,315.13 2 12
github.com/kubernetes/kompose/pkg/transformer/kubernetes/kubernetes.go:315.13,317.4 1 12
github.com/kubernetes/kompose/pkg/transformer/kubernetes/kubernetes.go:317.9,319.4 1 0
github.com/kubernetes/kompose/pkg/transformer/kubernetes/kubernetes.go:327.120,329.16 2 12
github.com/kubernetes/kompose/pkg/transformer/kubernetes/kubernetes.go:333.2,334.54 2 12
github.com/kubernetes/kompose/pkg/transformer/kubernetes/kubernetes.go:339.2,352.18 4 12
github.com/kubernetes/kompose/pkg/transformer/kubernetes/kubernetes.go:329.16,331.3 1 0
github.com/kubernetes/kompose/pkg/transformer/kubernetes/kubernetes.go:334.54,335.33 1 12
github.com/kubernetes/kompose/pkg/transformer/kubernetes/kubernetes.go:335.33,337.4 1 12
github.com/kubernetes/kompose/pkg/transformer/kubernetes/kubernetes.go:356.105,358.30 2 24
github.com/kubernetes/kompose/pkg/transformer/kubernetes/kubernetes.go:364.2,392.19 5 24
github.com/kubernetes/kompose/pkg/transformer/kubernetes/kubernetes.go:408.2,408.11 1 24
github.com/kubernetes/kompose/pkg/transformer/kubernetes/kubernetes.go:358.30,360.3 1 6
github.com/kubernetes/kompose/pkg/transformer/kubernetes/kubernetes.go:360.8,362.3 1 18
github.com/kubernetes/kompose/pkg/transformer/kubernetes/kubernetes.go:392.19,398.29 3 0
github.com/kubernetes/kompose/pkg/transformer/kubernetes/kubernetes.go:401.3,402.35 2 0
github.com/kubernetes/kompose/pkg/transformer/kubernetes/kubernetes.go:405.3,405.99 1 0
github.com/kubernetes/kompose/pkg/transformer/kubernetes/kubernetes.go:398.29,400.4 1 0
github.com/kubernetes/kompose/pkg/transformer/kubernetes/kubernetes.go:402.35,404.4 1 0
github.com/kubernetes/kompose/pkg/transformer/kubernetes/kubernetes.go:412.91,429.2 2 3
github.com/kubernetes/kompose/pkg/transformer/kubernetes/kubernetes.go:431.107,433.30 2 2
github.com/kubernetes/kompose/pkg/transformer/kubernetes/kubernetes.go:438.2,459.11 3 2
github.com/kubernetes/kompose/pkg/transformer/kubernetes/kubernetes.go:433.30,435.3 1 2
github.com/kubernetes/kompose/pkg/transformer/kubernetes/kubernetes.go:435.8,437.3 1 0
github.com/kubernetes/kompose/pkg/transformer/kubernetes/kubernetes.go:462.112,481.29 5 2
github.com/kubernetes/kompose/pkg/transformer/kubernetes/kubernetes.go:511.2,511.36 1 2
github.com/kubernetes/kompose/pkg/transformer/kubernetes/kubernetes.go:528.2,528.16 1 2
github.com/kubernetes/kompose/pkg/transformer/kubernetes/kubernetes.go:481.29,483.14 2 2
github.com/kubernetes/kompose/pkg/transformer/kubernetes/kubernetes.go:486.3,506.21 2 2
github.com/kubernetes/kompose/pkg/transformer/kubernetes/kubernetes.go:483.14,485.4 1 2
github.com/kubernetes/kompose/pkg/transformer/kubernetes/kubernetes.go:506.21,509.4 2 1
github.com/kubernetes/kompose/pkg/transformer/kubernetes/kubernetes.go:511.36,512.41 1 0
github.com/kubernetes/kompose/pkg/transformer/kubernetes/kubernetes.go:512.41,519.4 1 0
github.com/kubernetes/kompose/pkg/transformer/kubernetes/kubernetes.go:519.9,525.4 1 0
github.com/kubernetes/kompose/pkg/transformer/kubernetes/kubernetes.go:532.96,534.50 2 0
github.com/kubernetes/kompose/pkg/transformer/kubernetes/kubernetes.go:559.2,559.21 1 0
github.com/kubernetes/kompose/pkg/transformer/kubernetes/kubernetes.go:534.50,535.24 1 0
github.com/kubernetes/kompose/pkg/transformer/kubernetes/kubernetes.go:535.24,537.18 2 0
github.com/kubernetes/kompose/pkg/transformer/kubernetes/kubernetes.go:541.4,554.37 3 0
github.com/kubernetes/kompose/pkg/transformer/kubernetes/kubernetes.go:537.18,540.5 2 0
github.com/kubernetes/kompose/pkg/transformer/kubernetes/kubernetes.go:555.9,557.4 1 0
github.com/kubernetes/kompose/pkg/transformer/kubernetes/kubernetes.go:563.154,565.16 2 18
github.com/kubernetes/kompose/pkg/transformer/kubernetes/kubernetes.go:569.2,587.28 2 18
github.com/kubernetes/kompose/pkg/transformer/kubernetes/kubernetes.go:593.2,593.18 1 18
github.com/kubernetes/kompose/pkg/transformer/kubernetes/kubernetes.go:599.2,599.31 1 18
github.com/kubernetes/kompose/pkg/transformer/kubernetes/kubernetes.go:603.2,603.17 1 18
github.com/kubernetes/kompose/pkg/transformer/kubernetes/kubernetes.go:565.16,567.3 1 0
github.com/kubernetes/kompose/pkg/transformer/kubernetes/kubernetes.go:587.28,591.3 1 0
github.com/kubernetes/kompose/pkg/transformer/kubernetes/kubernetes.go:593.18,595.3 1 0
github.com/kubernetes/kompose/pkg/transformer/kubernetes/kubernetes.go:595.8,597.3 1 18
github.com/kubernetes/kompose/pkg/transformer/kubernetes/kubernetes.go:599.31,601.3 1 1
github.com/kubernetes/kompose/pkg/transformer/kubernetes/kubernetes.go:607.69,610.36 3 38
github.com/kubernetes/kompose/pkg/transformer/kubernetes/kubernetes.go:626.2,626.14 1 38
github.com/kubernetes/kompose/pkg/transformer/kubernetes/kubernetes.go:610.36,611.23 1 31
github.com/kubernetes/kompose/pkg/transformer/kubernetes/kubernetes.go:614.3,619.75 2 31
github.com/kubernetes/kompose/pkg/transformer/kubernetes/kubernetes.go:622.3,623.26 2 31
github.com/kubernetes/kompose/pkg/transformer/kubernetes/kubernetes.go:611.23,612.12 1 0
github.com/kubernetes/kompose/pkg/transformer/kubernetes/kubernetes.go:619.75,621.4 1 25
github.com/kubernetes/kompose/pkg/transformer/kubernetes/kubernetes.go:629.113,632.36 3 0
[...]
github.com/kubernetes/kompose/pkg/transformer/kubernetes/kubernetes.go:1554.29,1555.28 1 0
github.com/kubernetes/kompose/pkg/transformer/kubernetes/kubernetes.go:1521.17,1523.4 1 0
github.com/kubernetes/kompose/pkg/transformer/kubernetes/kubernetes.go:1527.17,1529.4 1 0
github.com/kubernetes/kompose/pkg/transformer/kubernetes/kubernetes.go:1533.17,1535.4 1 0
github.com/kubernetes/kompose/pkg/transformer/kubernetes/kubernetes.go:1539.17,1541.4 1 0
github.com/kubernetes/kompose/pkg/transformer/kubernetes/kubernetes.go:1549.17,1551.4 1 0
github.com/kubernetes/kompose/pkg/transformer/kubernetes/podspec.go:22.92,23.32 1 6
github.com/kubernetes/kompose/pkg/transformer/kubernetes/podspec.go:23.32,27.18 3 6
github.com/kubernetes/kompose/pkg/transformer/kubernetes/podspec.go:31.3,32.17 2 6
github.com/kubernetes/kompose/pkg/transformer/kubernetes/podspec.go:36.3,49.45 2 6
github.com/kubernetes/kompose/pkg/transformer/kubernetes/podspec.go:27.18,29.4 1 0
github.com/kubernetes/kompose/pkg/transformer/kubernetes/podspec.go:32.17,33.41 1 0
github.com/kubernetes/kompose/pkg/transformer/kubernetes/podspec.go:53.94,54.32 1 6
github.com/kubernetes/kompose/pkg/transformer/kubernetes/podspec.go:54.32,56.36 2 6
github.com/kubernetes/kompose/pkg/transformer/kubernetes/podspec.go:56.36,58.18 2 0
github.com/kubernetes/kompose/pkg/transformer/kubernetes/podspec.go:58.18,60.5 1 0
github.com/kubernetes/kompose/pkg/transformer/kubernetes/podspec.go:66.67,67.32 1 6
github.com/kubernetes/kompose/pkg/transformer/kubernetes/podspec.go:67.32,68.53 1 6
github.com/kubernetes/kompose/pkg/transformer/kubernetes/podspec.go:68.53,71.29 2 0
github.com/kubernetes/kompose/pkg/transformer/kubernetes/podspec.go:75.4,75.29 1 0
github.com/kubernetes/kompose/pkg/transformer/kubernetes/podspec.go:79.4,79.38 1 0
github.com/kubernetes/kompose/pkg/transformer/kubernetes/podspec.go:71.29,73.5 1 0
github.com/kubernetes/kompose/pkg/transformer/kubernetes/podspec.go:75.29,77.5 1 0
github.com/kubernetes/kompose/pkg/transformer/kubernetes/podspec.go:79.38,81.5 1 0
github.com/kubernetes/kompose/pkg/transformer/kubernetes/podspec.go:87.69,88.32 1 6
github.com/kubernetes/kompose/pkg/transformer/kubernetes/podspec.go:88.32,89.65 1 6
github.com/kubernetes/kompose/pkg/transformer/kubernetes/podspec.go:89.65,92.35 2 0
github.com/kubernetes/kompose/pkg/transformer/kubernetes/podspec.go:96.4,96.35 1 0
github.com/kubernetes/kompose/pkg/transformer/kubernetes/podspec.go:100.4,100.38 1 0
github.com/kubernetes/kompose/pkg/transformer/kubernetes/podspec.go:92.35,94.5 1 0
github.com/kubernetes/kompose/pkg/transformer/kubernetes/podspec.go:96.35,98.5 1 0
github.com/kubernetes/kompose/pkg/transformer/kubernetes/podspec.go:100.38,102.5 1 0
github.com/kubernetes/kompose/pkg/transformer/kubernetes/podspec.go:108.80,109.32 1 6
github.com/kubernetes/kompose/pkg/transformer/kubernetes/podspec.go:109.32,114.24 2 6
github.com/kubernetes/kompose/pkg/transformer/kubernetes/podspec.go:123.3,123.30 1 6
github.com/kubernetes/kompose/pkg/transformer/kubernetes/podspec.go:128.3,129.25 2 6
github.com/kubernetes/kompose/pkg/transformer/kubernetes/podspec.go:132.3,132.25 1 6
github.com/kubernetes/kompose/pkg/transformer/kubernetes/podspec.go:142.3,145.62 2 6
github.com/kubernetes/kompose/pkg/transformer/kubernetes/podspec.go:150.3,150.50 1 6
github.com/kubernetes/kompose/pkg/transformer/kubernetes/podspec.go:153.3,153.72 1 6
github.com/kubernetes/kompose/pkg/transformer/kubernetes/podspec.go:114.24,115.29 1 0
github.com/kubernetes/kompose/pkg/transformer/kubernetes/podspec.go:115.30,117.5 0 0
github.com/kubernetes/kompose/pkg/transformer/kubernetes/podspec.go:117.10,119.5 1 0
github.com/kubernetes/kompose/pkg/transformer/kubernetes/podspec.go:123.30,125.4 1 0
github.com/kubernetes/kompose/pkg/transformer/kubernetes/podspec.go:129.25,131.4 1 0
github.com/kubernetes/kompose/pkg/transformer/kubernetes/podspec.go:132.25,134.18 2 0
github.com/kubernetes/kompose/pkg/transformer/kubernetes/podspec.go:134.18,136.5 1 0
github.com/kubernetes/kompose/pkg/transformer/kubernetes/podspec.go:136.10,138.5 1 0
github.com/kubernetes/kompose/pkg/transformer/kubernetes/podspec.go:145.62,147.4 1 0
github.com/kubernetes/kompose/pkg/transformer/kubernetes/podspec.go:150.50,152.4 1 0
github.com/kubernetes/kompose/pkg/transformer/kubernetes/podspec.go:153.72,155.4 1 0
github.com/kubernetes/kompose/pkg/transformer/kubernetes/podspec.go:159.54,161.33 2 12
github.com/kubernetes/kompose/pkg/transformer/kubernetes/podspec.go:164.2,164.12 1 12
github.com/kubernetes/kompose/pkg/transformer/kubernetes/podspec.go:161.33,163.3 1 6
github.com/kubernetes/kompose/pkg/transformer/kubernetes/podspec.go:167.53,168.32 1 6
github.com/kubernetes/kompose/pkg/transformer/kubernetes/podspec.go:168.32,171.81 3 6
github.com/kubernetes/kompose/pkg/transformer/kubernetes/podspec.go:171.81,172.35 1 2
github.com/kubernetes/kompose/pkg/transformer/kubernetes/podspec.go:172.35,173.38 1 2
github.com/kubernetes/kompose/pkg/transformer/kubernetes/podspec.go:173.38,175.11 2 2
github.com/kubernetes/kompose/pkg/transformer/kubernetes/podspec.go:182.69,184.43 2 15
github.com/kubernetes/kompose/pkg/transformer/kubernetes/podspec.go:188.2,188.12 1 15
github.com/kubernetes/kompose/pkg/transformer/kubernetes/podspec.go:184.43,186.3 1 6
github.com/kubernetes/kompose/pkg/transformer/kubernetes/podspec.go:191.68,192.32 1 6
github.com/kubernetes/kompose/pkg/transformer/kubernetes/podspec.go:192.32,194.37 2 6
github.com/kubernetes/kompose/pkg/transformer/kubernetes/podspec.go:194.37,196.97 2 9
github.com/kubernetes/kompose/pkg/transformer/kubernetes/podspec.go:196.97,197.46 1 4
github.com/kubernetes/kompose/pkg/transformer/kubernetes/podspec.go:197.46,198.54 1 4
github.com/kubernetes/kompose/pkg/transformer/kubernetes/podspec.go:198.54,200.12 2 4
github.com/kubernetes/kompose/pkg/transformer/kubernetes/podspec.go:209.60,210.32 1 6
github.com/kubernetes/kompose/pkg/transformer/kubernetes/podspec.go:210.32,214.37 2 6
github.com/kubernetes/kompose/pkg/transformer/kubernetes/podspec.go:214.37,215.63 1 9
github.com/kubernetes/kompose/pkg/transformer/kubernetes/podspec.go:215.63,217.5 1 6
github.com/kubernetes/kompose/pkg/transformer/kubernetes/podspec.go:223.80,224.32 1 6
github.com/kubernetes/kompose/pkg/transformer/kubernetes/podspec.go:224.32,225.83 1 6
github.com/kubernetes/kompose/pkg/transformer/kubernetes/podspec.go:225.83,226.14 1 0
github.com/kubernetes/kompose/pkg/transformer/kubernetes/podspec.go:227.9,228.38 1 6
github.com/kubernetes/kompose/pkg/transformer/kubernetes/podspec.go:228.38,230.5 1 9
github.com/kubernetes/kompose/pkg/transformer/kubernetes/podspec.go:236.78,237.32 1 6
github.com/kubernetes/kompose/pkg/transformer/kubernetes/podspec.go:237.32,238.74 1 6
github.com/kubernetes/kompose/pkg/transformer/kubernetes/podspec.go:238.74,239.14 1 0
github.com/kubernetes/kompose/pkg/transformer/kubernetes/podspec.go:240.9,242.4 1 6
github.com/kubernetes/kompose/pkg/transformer/kubernetes/podspec.go:246.60,247.32 1 6
github.com/kubernetes/kompose/pkg/transformer/kubernetes/podspec.go:247.32,249.29 1 6
github.com/kubernetes/kompose/pkg/transformer/kubernetes/podspec.go:249.29,251.4 1 0
github.com/kubernetes/kompose/pkg/transformer/kubernetes/podspec.go:255.62,256.32 1 6
github.com/kubernetes/kompose/pkg/transformer/kubernetes/podspec.go:256.32,257.31 1 6
github.com/kubernetes/kompose/pkg/transformer/kubernetes/podspec.go:257.31,259.4 1 0
github.com/kubernetes/kompose/pkg/transformer/kubernetes/podspec.go:263.62,266.82 2 66
github.com/kubernetes/kompose/pkg/transformer/kubernetes/podspec.go:270.2,270.31 1 14
github.com/kubernetes/kompose/pkg/transformer/kubernetes/podspec.go:293.2,300.15 5 14
github.com/kubernetes/kompose/pkg/transformer/kubernetes/podspec.go:266.82,268.3 1 52
github.com/kubernetes/kompose/pkg/transformer/kubernetes/podspec.go:270.31,276.3 1 2
github.com/kubernetes/kompose/pkg/transformer/kubernetes/podspec.go:276.8,276.111 1 12
github.com/kubernetes/kompose/pkg/transformer/kubernetes/podspec.go:276.111,283.3 1 2
github.com/kubernetes/kompose/pkg/transformer/kubernetes/podspec.go:283.8,283.59 1 10
github.com/kubernetes/kompose/pkg/transformer/kubernetes/podspec.go:283.59,289.3 1 10
github.com/kubernetes/kompose/pkg/transformer/kubernetes/podspec.go:289.8,290.59 1 0
github.com/kubernetes/kompose/pkg/transformer/kubernetes/podspec.go:303.66,304.32 1 2
github.com/kubernetes/kompose/pkg/transformer/kubernetes/podspec.go:304.32,306.3 1 2
github.com/kubernetes/kompose/pkg/transformer/kubernetes/podspec.go:309.77,310.32 1 6
github.com/kubernetes/kompose/pkg/transformer/kubernetes/podspec.go:310.32,312.3 1 6
github.com/kubernetes/kompose/pkg/transformer/kubernetes/podspec.go:315.63,316.29 1 20
github.com/kubernetes/kompose/pkg/transformer/kubernetes/podspec.go:319.2,319.16 1 20
github.com/kubernetes/kompose/pkg/transformer/kubernetes/podspec.go:316.29,318.3 1 80
github.com/kubernetes/kompose/pkg/transformer/kubernetes/podspec.go:322.43,324.2 1 9
github.com/kubernetes/kompose/pkg/transformer/openshift/openshift.go:55.131,56.25 1 1
github.com/kubernetes/kompose/pkg/transformer/openshift/openshift.go:62.2,63.28 2 1
github.com/kubernetes/kompose/pkg/transformer/openshift/openshift.go:67.2,69.56 2 1
github.com/kubernetes/kompose/pkg/transformer/openshift/openshift.go:80.2,93.11 2 1
github.com/kubernetes/kompose/pkg/transformer/openshift/openshift.go:56.25,58.3 1 0
github.com/kubernetes/kompose/pkg/transformer/openshift/openshift.go:63.28,65.3 1 0
github.com/kubernetes/kompose/pkg/transformer/openshift/openshift.go:69.56,78.3 1 1
github.com/kubernetes/kompose/pkg/transformer/openshift/openshift.go:96.125,99.51 3 2
github.com/kubernetes/kompose/pkg/transformer/openshift/openshift.go:108.2,109.16 2 2
github.com/kubernetes/kompose/pkg/transformer/openshift/openshift.go:113.2,151.16 2 2
github.com/kubernetes/kompose/pkg/transformer/openshift/openshift.go:99.51,100.26 1 2
github.com/kubernetes/kompose/pkg/transformer/openshift/openshift.go:103.3,103.76 1 2
github.com/kubernetes/kompose/pkg/transformer/openshift/openshift.go:100.26,102.4 1 0
github.com/kubernetes/kompose/pkg/transformer/openshift/openshift.go:109.16,111.3 1 0
github.com/kubernetes/kompose/pkg/transformer/openshift/openshift.go:155.128,162.33 3 3
github.com/kubernetes/kompose/pkg/transformer/openshift/openshift.go:166.2,167.30 2 3
github.com/kubernetes/kompose/pkg/transformer/openshift/openshift.go:173.2,214.19 3 3
github.com/kubernetes/kompose/pkg/transformer/openshift/openshift.go:222.2,222.11 1 3
github.com/kubernetes/kompose/pkg/transformer/openshift/openshift.go:162.33,164.3 1 3
github.com/kubernetes/kompose/pkg/transformer/openshift/openshift.go:167.30,169.3 1 0
github.com/kubernetes/kompose/pkg/transformer/openshift/openshift.go:169.8,171.3 1 3
github.com/kubernetes/kompose/pkg/transformer/openshift/openshift.go:214.19,220.3 2 0
github.com/kubernetes/kompose/pkg/transformer/openshift/openshift.go:225.103,248.37 2 2
github.com/kubernetes/kompose/pkg/transformer/openshift/openshift.go:251.2,251.14 1 2
github.com/kubernetes/kompose/pkg/transformer/openshift/openshift.go:248.37,250.3 1 1
github.com/kubernetes/kompose/pkg/transformer/openshift/openshift.go:256.122,258.36 2 3
github.com/kubernetes/kompose/pkg/transformer/openshift/openshift.go:262.2,268.34 6 3
github.com/kubernetes/kompose/pkg/transformer/openshift/openshift.go:278.2,279.34 2 3
github.com/kubernetes/kompose/pkg/transformer/openshift/openshift.go:417.2,421.24 3 2
github.com/kubernetes/kompose/pkg/transformer/openshift/openshift.go:258.36,260.3 1 0
github.com/kubernetes/kompose/pkg/transformer/openshift/openshift.go:268.34,270.17 2 0
github.com/kubernetes/kompose/pkg/transformer/openshift/openshift.go:273.3,273.32 1 0
github.com/kubernetes/kompose/pkg/transformer/openshift/openshift.go:270.17,272.4 1 0
github.com/kubernetes/kompose/pkg/transformer/openshift/openshift.go:273.32,275.4 1 0
github.com/kubernetes/kompose/pkg/transformer/openshift/openshift.go:279.34,285.52 4 3
github.com/kubernetes/kompose/pkg/transformer/openshift/openshift.go:292.3,292.37 1 3
github.com/kubernetes/kompose/pkg/transformer/openshift/openshift.go:300.3,300.75 1 3
github.com/kubernetes/kompose/pkg/transformer/openshift/openshift.go:324.3,324.65 1 3
github.com/kubernetes/kompose/pkg/transformer/openshift/openshift.go:386.3,386.28 1 2
github.com/kubernetes/kompose/pkg/transformer/openshift/openshift.go:408.3,409.17 2 2
github.com/kubernetes/kompose/pkg/transformer/openshift/openshift.go:413.3,413.46 1 2
github.com/kubernetes/kompose/pkg/transformer/openshift/openshift.go:285.52,287.4 1 3
github.com/kubernetes/kompose/pkg/transformer/openshift/openshift.go:287.9,289.4 1 0
github.com/kubernetes/kompose/pkg/transformer/openshift/openshift.go:292.37,294.4 1 0
github.com/kubernetes/kompose/pkg/transformer/openshift/openshift.go:300.75,302.27 1 0
github.com/kubernetes/kompose/pkg/transformer/openshift/openshift.go:306.4,306.27 1 0
github.com/kubernetes/kompose/pkg/transformer/openshift/openshift.go:311.4,312.18 2 0
github.com/kubernetes/kompose/pkg/transformer/openshift/openshift.go:317.4,318.18 2 0
github.com/kubernetes/kompose/pkg/transformer/openshift/openshift.go:302.27,304.5 1 0
github.com/kubernetes/kompose/pkg/transformer/openshift/openshift.go:306.27,308.5 1 0
github.com/kubernetes/kompose/pkg/transformer/openshift/openshift.go:312.18,314.5 1 0
github.com/kubernetes/kompose/pkg/transformer/openshift/openshift.go:318.18,320.5 1 0
github.com/kubernetes/kompose/pkg/transformer/openshift/openshift.go:324.65,326.34 1 1
github.com/kubernetes/kompose/pkg/transformer/openshift/openshift.go:329.4,330.34 2 0
github.com/kubernetes/kompose/pkg/transformer/openshift/openshift.go:326.34,328.5 1 1
github.com/kubernetes/kompose/pkg/transformer/openshift/openshift.go:331.9,334.34 2 2
github.com/kubernetes/kompose/pkg/transformer/openshift/openshift.go:342.4,342.58 1 2
github.com/kubernetes/kompose/pkg/transformer/openshift/openshift.go:334.34,338.5 2 1
github.com/kubernetes/kompose/pkg/transformer/openshift/openshift.go:342.58,345.19 2 0
github.com/kubernetes/kompose/pkg/transformer/openshift/openshift.go:351.5,351.66 1 0
github.com/kubernetes/kompose/pkg/transformer/openshift/openshift.go:356.5,356.26 1 0
github.com/kubernetes/kompose/pkg/transformer/openshift/openshift.go:364.5,364.28 1 0
github.com/kubernetes/kompose/pkg/transformer/openshift/openshift.go:375.5,376.19 2 0
github.com/kubernetes/kompose/pkg/transformer/openshift/openshift.go:379.5,382.77 2 0
github.com/kubernetes/kompose/pkg/transformer/openshift/openshift.go:345.19,347.14 2 0
github.com/kubernetes/kompose/pkg/transformer/openshift/openshift.go:351.66,353.6 1 0
github.com/kubernetes/kompose/pkg/transformer/openshift/openshift.go:356.26,358.20 2 0
github.com/kubernetes/kompose/pkg/transformer/openshift/openshift.go:358.20,360.7 1 0
github.com/kubernetes/kompose/pkg/transformer/openshift/openshift.go:364.28,365.20 1 0
github.com/kubernetes/kompose/pkg/transformer/openshift/openshift.go:368.6,369.20 2 0
github.com/kubernetes/kompose/pkg/transformer/openshift/openshift.go:365.20,367.7 1 0
github.com/kubernetes/kompose/pkg/transformer/openshift/openshift.go:369.20,371.7 1 0
github.com/kubernetes/kompose/pkg/transformer/openshift/openshift.go:376.19,378.6 1 0
github.com/kubernetes/kompose/pkg/transformer/openshift/openshift.go:386.28,387.45 1 0
github.com/kubernetes/kompose/pkg/transformer/openshift/openshift.go:387.45,389.30 2 0
github.com/kubernetes/kompose/pkg/transformer/openshift/openshift.go:392.5,392.22 1 0
github.com/kubernetes/kompose/pkg/transformer/openshift/openshift.go:389.30,391.6 1 0
github.com/kubernetes/kompose/pkg/transformer/openshift/openshift.go:392.22,394.6 1 0
github.com/kubernetes/kompose/pkg/transformer/openshift/openshift.go:395.10,399.36 3 0
github.com/kubernetes/kompose/pkg/transformer/openshift/openshift.go:399.36,401.6 1 0
github.com/kubernetes/kompose/pkg/transformer/openshift/openshift.go:403.9,403.47 1 2
github.com/kubernetes/kompose/pkg/transformer/openshift/openshift.go:403.47,406.4 2 1
github.com/kubernetes/kompose/pkg/transformer/openshift/openshift.go:409.17,411.4 1 0
github.com/kubernetes/kompose/pkg/transformer/openshift/utils.go:10.39,22.17 3 7
github.com/kubernetes/kompose/pkg/transformer/openshift/utils.go:26.2,27.17 2 7
github.com/kubernetes/kompose/pkg/transformer/openshift/utils.go:30.2,30.17 1 5
github.com/kubernetes/kompose/pkg/transformer/openshift/utils.go:22.17,24.3 1 0
github.com/kubernetes/kompose/pkg/transformer/openshift/utils.go:27.17,29.3 1 2
github.com/kubernetes/kompose/pkg/transformer/openshift/utils.go:34.57,38.16 4 6
github.com/kubernetes/kompose/pkg/transformer/openshift/utils.go:42.2,43.24 2 4
github.com/kubernetes/kompose/pkg/transformer/openshift/utils.go:38.16,40.3 1 2
github.com/kubernetes/kompose/pkg/transformer/openshift/utils.go:47.26,50.2 2 0
github.com/kubernetes/kompose/pkg/transformer/openshift/utils.go:53.68,57.16 4 2
github.com/kubernetes/kompose/pkg/transformer/openshift/utils.go:60.2,61.37 2 1
github.com/kubernetes/kompose/pkg/transformer/openshift/utils.go:64.2,64.17 1 1
github.com/kubernetes/kompose/pkg/transformer/openshift/utils.go:57.16,59.3 1 1
github.com/kubernetes/kompose/pkg/transformer/openshift/utils.go:61.37,63.3 1 1
github.com/kubernetes/kompose/pkg/transformer/openshift/utils.go:68.65,72.16 4 2
github.com/kubernetes/kompose/pkg/transformer/openshift/utils.go:75.2,75.50 1 1
github.com/kubernetes/kompose/pkg/transformer/openshift/utils.go:72.16,74.3 1 1
github.com/kubernetes/kompose/pkg/utils/docker/build.go:42.114,47.16 3 0
github.com/kubernetes/kompose/pkg/utils/docker/build.go:50.2,54.16 3 0
github.com/kubernetes/kompose/pkg/utils/docker/build.go:59.2,60.16 2 0
github.com/kubernetes/kompose/pkg/utils/docker/build.go:65.2,78.16 5 0
github.com/kubernetes/kompose/pkg/utils/docker/build.go:82.2,84.12 2 0
github.com/kubernetes/kompose/pkg/utils/docker/build.go:47.16,49.3 1 0
github.com/kubernetes/kompose/pkg/utils/docker/build.go:54.16,56.3 1 0
github.com/kubernetes/kompose/pkg/utils/docker/build.go:60.16,62.3 1 0
github.com/kubernetes/kompose/pkg/utils/docker/build.go:78.16,80.3 1 0
github.com/kubernetes/kompose/pkg/utils/docker/client.go:26.39,34.25 3 0
github.com/kubernetes/kompose/pkg/utils/docker/client.go:43.2,43.16 1 0
github.com/kubernetes/kompose/pkg/utils/docker/client.go:47.2,47.20 1 0
github.com/kubernetes/kompose/pkg/utils/docker/client.go:34.25,38.3 1 0
github.com/kubernetes/kompose/pkg/utils/docker/client.go:38.8,42.3 2 0
github.com/kubernetes/kompose/pkg/utils/docker/client.go:43.16,45.3 1 0
github.com/kubernetes/kompose/pkg/utils/docker/image.go:36.63,45.2 1 4
github.com/kubernetes/kompose/pkg/utils/docker/image.go:50.77,57.16 3 4
github.com/kubernetes/kompose/pkg/utils/docker/image.go:62.2,62.26 1 4
github.com/kubernetes/kompose/pkg/utils/docker/image.go:71.2,73.19 2 4
github.com/kubernetes/kompose/pkg/utils/docker/image.go:57.16,59.3 1 0
github.com/kubernetes/kompose/pkg/utils/docker/image.go:62.26,66.17 3 2
github.com/kubernetes/kompose/pkg/utils/docker/image.go:66.17,68.4 1 0
github.com/kubernetes/kompose/pkg/utils/docker/push.go:37.45,53.16 5 0
github.com/kubernetes/kompose/pkg/utils/docker/push.go:60.2,61.9 2 0
github.com/kubernetes/kompose/pkg/utils/docker/push.go:70.2,72.16 3 0
github.com/kubernetes/kompose/pkg/utils/docker/push.go:77.2,79.12 3 0
github.com/kubernetes/kompose/pkg/utils/docker/push.go:53.16,55.3 1 0
github.com/kubernetes/kompose/pkg/utils/docker/push.go:55.8,57.3 1 0
github.com/kubernetes/kompose/pkg/utils/docker/push.go:61.9,68.3 2 0
github.com/kubernetes/kompose/pkg/utils/docker/push.go:72.16,75.3 2 0
github.com/kubernetes/kompose/pkg/utils/docker/push.go:88.63,92.64 3 0
github.com/kubernetes/kompose/pkg/utils/docker/push.go:92.64,94.3 1 0
github.com/kubernetes/kompose/pkg/utils/docker/tag.go:30.43,38.16 4 0
github.com/kubernetes/kompose/pkg/utils/docker/tag.go:43.2,44.12 2 0
github.com/kubernetes/kompose/pkg/utils/docker/tag.go:38.16,41.3 2 0
