mode: atomic
github.com/kubernetes/kompose/pkg/loader/bundle/bundle.go:68.61,79.48 3 2
github.com/kubernetes/kompose/pkg/loader/bundle/bundle.go:106.2,106.18 1 2
github.com/kubernetes/kompose/pkg/loader/bundle/bundle.go:79.48,84.32 3 2
github.com/kubernetes/kompose/pkg/loader/bundle/bundle.go:84.32,86.69 1 18
github.com/kubernetes/kompose/pkg/loader/bundle/bundle.go:86.69,87.38 1 2
github.com/kubernetes/kompose/pkg/loader/bundle/bundle.go:87.38,89.27 2 2
github.com/kubernetes/kompose/pkg/loader/bundle/bundle.go:94.6,94.75 1 2
github.com/kubernetes/kompose/pkg/loader/bundle/bundle.go:100.6,101.37 2 1
github.com/kubernetes/kompose/pkg/loader/bundle/bundle.go:89.27,91.7 1 2
github.com/kubernetes/kompose/pkg/loader/bundle/bundle.go:94.75,95.27 1 2
github.com/kubernetes/kompose/pkg/loader/bundle/bundle.go:95.27,97.16 1 1
github.com/kubernetes/kompose/pkg/loader/bundle/bundle.go:110.49,112.48 2 0
github.com/kubernetes/kompose/pkg/loader/bundle/bundle.go:115.2,115.47 1 0
github.com/kubernetes/kompose/pkg/loader/bundle/bundle.go:112.48,114.3 1 0
github.com/kubernetes/kompose/pkg/loader/bundle/bundle.go:119.61,121.34 2 0
github.com/kubernetes/kompose/pkg/loader/bundle/bundle.go:152.2,152.18 1 0
github.com/kubernetes/kompose/pkg/loader/bundle/bundle.go:121.34,123.39 2 0
github.com/kubernetes/kompose/pkg/loader/bundle/bundle.go:123.39,132.4 5 0
github.com/kubernetes/kompose/pkg/loader/bundle/bundle.go:132.9,134.40 2 0
github.com/kubernetes/kompose/pkg/loader/bundle/bundle.go:134.40,140.43 6 0
github.com/kubernetes/kompose/pkg/loader/bundle/bundle.go:143.5,146.7 1 0
github.com/kubernetes/kompose/pkg/loader/bundle/bundle.go:140.43,142.6 1 0
github.com/kubernetes/kompose/pkg/loader/bundle/bundle.go:147.10,149.5 1 0
github.com/kubernetes/kompose/pkg/loader/bundle/bundle.go:156.58,158.37 2 0
github.com/kubernetes/kompose/pkg/loader/bundle/bundle.go:174.2,174.19 1 0
github.com/kubernetes/kompose/pkg/loader/bundle/bundle.go:158.37,160.24 2 0
github.com/kubernetes/kompose/pkg/loader/bundle/bundle.go:168.3,172.5 1 0
github.com/kubernetes/kompose/pkg/loader/bundle/bundle.go:161.11,162.23 1 0
github.com/kubernetes/kompose/pkg/loader/bundle/bundle.go:163.14,164.23 1 0
github.com/kubernetes/kompose/pkg/loader/bundle/bundle.go:165.14,166.23 1 0
github.com/kubernetes/kompose/pkg/loader/bundle/bundle.go:178.74,185.16 4 0
github.com/kubernetes/kompose/pkg/loader/bundle/bundle.go:188.2,190.16 3 0
github.com/kubernetes/kompose/pkg/loader/bundle/bundle.go:194.2,195.36 2 0
github.com/kubernetes/kompose/pkg/loader/bundle/bundle.go:199.2,199.45 1 0
github.com/kubernetes/kompose/pkg/loader/bundle/bundle.go:232.2,232.27 1 0
github.com/kubernetes/kompose/pkg/loader/bundle/bundle.go:185.16,187.3 1 0
github.com/kubernetes/kompose/pkg/loader/bundle/bundle.go:190.16,192.3 1 0
github.com/kubernetes/kompose/pkg/loader/bundle/bundle.go:195.36,197.3 1 0
github.com/kubernetes/kompose/pkg/loader/bundle/bundle.go:199.45,208.17 6 0
github.com/kubernetes/kompose/pkg/loader/bundle/bundle.go:211.3,214.17 3 0
github.com/kubernetes/kompose/pkg/loader/bundle/bundle.go:217.3,220.17 3 0
github.com/kubernetes/kompose/pkg/loader/bundle/bundle.go:223.3,225.32 2 0
github.com/kubernetes/kompose/pkg/loader/bundle/bundle.go:229.3,229.53 1 0
github.com/kubernetes/kompose/pkg/loader/bundle/bundle.go:208.17,210.4 1 0
github.com/kubernetes/kompose/pkg/loader/bundle/bundle.go:214.17,216.4 1 0
github.com/kubernetes/kompose/pkg/loader/bundle/bundle.go:220.17,222.4 1 0
github.com/kubernetes/kompose/pkg/loader/bundle/bundle.go:225.32,227.4 1 0
github.com/kubernetes/kompose/pkg/loader/bundle/bundle.go:236.54,240.51 3 0
github.com/kubernetes/kompose/pkg/loader/bundle/bundle.go:257.2,257.24 1 0
github.com/kubernetes/kompose/pkg/loader/bundle/bundle.go:240.51,241.32 1 0
github.com/kubernetes/kompose/pkg/loader/bundle/bundle.go:254.3,254.18 1 0
github.com/kubernetes/kompose/pkg/loader/bundle/bundle.go:242.26,246.21 1 0
github.com/kubernetes/kompose/pkg/loader/bundle/bundle.go:247.33,252.19 1 0
github.com/kubernetes/kompose/pkg/loader/compose/compose.go:44.68,83.102 3 2
github.com/kubernetes/kompose/pkg/loader/compose/compose.go:88.2,88.43 1 2
github.com/kubernetes/kompose/pkg/loader/compose/compose.go:92.2,92.68 1 2
github.com/kubernetes/kompose/pkg/loader/compose/compose.go:144.2,144.18 1 2
github.com/kubernetes/kompose/pkg/loader/compose/compose.go:83.102,85.3 1 0
github.com/kubernetes/kompose/pkg/loader/compose/compose.go:88.43,90.3 1 1
github.com/kubernetes/kompose/pkg/loader/compose/compose.go:92.68,97.32 3 3
github.com/kubernetes/kompose/pkg/loader/compose/compose.go:97.32,99.69 1 174
github.com/kubernetes/kompose/pkg/loader/compose/compose.go:99.69,100.38 1 69
github.com/kubernetes/kompose/pkg/loader/compose/compose.go:100.38,103.75 1 0
github.com/kubernetes/kompose/pkg/loader/compose/compose.go:110.6,111.32 2 0
github.com/kubernetes/kompose/pkg/loader/compose/compose.go:119.6,119.108 1 0
github.com/kubernetes/kompose/pkg/loader/compose/compose.go:138.6,139.37 2 0
github.com/kubernetes/kompose/pkg/loader/compose/compose.go:103.75,104.27 1 0
github.com/kubernetes/kompose/pkg/loader/compose/compose.go:104.27,106.16 1 0
github.com/kubernetes/kompose/pkg/loader/compose/compose.go:111.32,113.108 1 0
github.com/kubernetes/kompose/pkg/loader/compose/compose.go:113.108,115.16 1 0
github.com/kubernetes/kompose/pkg/loader/compose/compose.go:119.108,122.45 2 0
github.com/kubernetes/kompose/pkg/loader/compose/compose.go:132.7,132.36 1 0
github.com/kubernetes/kompose/pkg/loader/compose/compose.go:122.45,123.76 1 0
github.com/kubernetes/kompose/pkg/loader/compose/compose.go:123.76,126.82 3 0
github.com/kubernetes/kompose/pkg/loader/compose/compose.go:126.82,128.15 2 0
github.com/kubernetes/kompose/pkg/loader/compose/compose.go:132.36,133.16 1 0
github.com/kubernetes/kompose/pkg/loader/compose/compose.go:148.75,153.29 2 0
github.com/kubernetes/kompose/pkg/loader/compose/compose.go:166.2,169.17 2 0
github.com/kubernetes/kompose/pkg/loader/compose/compose.go:153.29,155.17 2 0
github.com/kubernetes/kompose/pkg/loader/compose/compose.go:160.3,160.67 1 0
github.com/kubernetes/kompose/pkg/loader/compose/compose.go:163.3,163.27 1 0
github.com/kubernetes/kompose/pkg/loader/compose/compose.go:155.17,157.4 1 0
github.com/kubernetes/kompose/pkg/loader/compose/compose.go:160.67,162.4 1 0
github.com/kubernetes/kompose/pkg/loader/compose/compose.go:172.48,174.17 2 0
github.com/kubernetes/kompose/pkg/loader/compose/compose.go:177.3,177.28 1 0
github.com/kubernetes/kompose/pkg/loader/compose/compose.go:179.74,181.17 2 0
github.com/kubernetes/kompose/pkg/loader/compose/compose.go:184.3,184.28 1 0
github.com/kubernetes/kompose/pkg/loader/compose/compose.go:185.10,186.133 1 0
github.com/kubernetes/kompose/pkg/loader/compose/compose.go:174.17,176.4 1 0
github.com/kubernetes/kompose/pkg/loader/compose/compose.go:181.17,183.4 1 0
github.com/kubernetes/kompose/pkg/loader/compose/compose.go:191.54,198.16 4 0
github.com/kubernetes/kompose/pkg/loader/compose/compose.go:202.2,203.16 2 0
github.com/kubernetes/kompose/pkg/loader/compose/compose.go:207.2,207.29 1 0
github.com/kubernetes/kompose/pkg/loader/compose/compose.go:198.16,200.3 1 0
github.com/kubernetes/kompose/pkg/loader/compose/compose.go:203.16,205.3 1 0
github.com/kubernetes/kompose/pkg/loader/compose/utils.go:53.52,55.27 2 8
github.com/kubernetes/kompose/pkg/loader/compose/utils.go:92.2,92.13 1 8
github.com/kubernetes/kompose/pkg/loader/compose/utils.go:55.27,59.10 4 8
github.com/kubernetes/kompose/pkg/loader/compose/utils.go:74.3,74.22 1 8
github.com/kubernetes/kompose/pkg/loader/compose/utils.go:60.41,61.18 1 2
github.com/kubernetes/kompose/pkg/loader/compose/utils.go:62.41,63.19 1 2
github.com/kubernetes/kompose/pkg/loader/compose/utils.go:64.41,65.19 1 2
github.com/kubernetes/kompose/pkg/loader/compose/utils.go:66.41,67.27 1 2
github.com/kubernetes/kompose/pkg/loader/compose/utils.go:67.27,69.5 1 1
github.com/kubernetes/kompose/pkg/loader/compose/utils.go:69.10,71.5 1 1
github.com/kubernetes/kompose/pkg/loader/compose/utils.go:74.22,79.4 1 2
github.com/kubernetes/kompose/pkg/loader/compose/utils.go:79.9,82.23 2 6
github.com/kubernetes/kompose/pkg/loader/compose/utils.go:85.4,88.6 1 6
github.com/kubernetes/kompose/pkg/loader/compose/utils.go:82.23,84.5 1 2
github.com/kubernetes/kompose/pkg/loader/compose/utils.go:97.61,99.40 2 0
github.com/kubernetes/kompose/pkg/loader/compose/utils.go:106.2,106.37 1 0
github.com/kubernetes/kompose/pkg/loader/compose/utils.go:99.40,101.17 2 0
github.com/kubernetes/kompose/pkg/loader/compose/utils.go:104.3,104.48 1 0
github.com/kubernetes/kompose/pkg/loader/compose/utils.go:101.17,103.4 1 0
github.com/kubernetes/kompose/pkg/loader/compose/utils.go:109.60,110.38 1 7
github.com/kubernetes/kompose/pkg/loader/compose/utils.go:111.23,112.47 1 3
github.com/kubernetes/kompose/pkg/loader/compose/utils.go:113.18,114.46 1 2
github.com/kubernetes/kompose/pkg/loader/compose/utils.go:115.22,116.50 1 2
github.com/kubernetes/kompose/pkg/loader/compose/utils.go:117.18,118.34 1 0
github.com/kubernetes/kompose/pkg/loader/compose/utils.go:119.10,120.132 1 0
github.com/kubernetes/kompose/pkg/loader/compose/utils.go:124.53,126.2 1 0
github.com/kubernetes/kompose/pkg/loader/compose/utils.go:128.51,131.2 2 3
github.com/kubernetes/kompose/pkg/loader/compose/utils.go:133.46,135.2 1 0
github.com/kubernetes/kompose/pkg/loader/compose/utils.go:137.60,141.16 4 4
github.com/kubernetes/kompose/pkg/loader/compose/utils.go:144.2,145.20 2 4
github.com/kubernetes/kompose/pkg/loader/compose/utils.go:141.16,143.3 1 0
github.com/kubernetes/kompose/pkg/loader/compose/utils.go:149.48,150.21 1 0
github.com/kubernetes/kompose/pkg/loader/compose/utils.go:158.2,158.34 1 0
github.com/kubernetes/kompose/pkg/loader/compose/utils.go:150.21,151.23 1 0
github.com/kubernetes/kompose/pkg/loader/compose/utils.go:156.3,156.24 1 0
github.com/kubernetes/kompose/pkg/loader/compose/utils.go:151.23,155.4 3 0
github.com/kubernetes/kompose/pkg/loader/compose/v1v2.go:43.63,49.35 3 0
github.com/kubernetes/kompose/pkg/loader/compose/v1v2.go:53.2,53.38 1 0
github.com/kubernetes/kompose/pkg/loader/compose/v1v2.go:69.2,71.16 3 0
github.com/kubernetes/kompose/pkg/loader/compose/v1v2.go:75.2,76.36 2 0
github.com/kubernetes/kompose/pkg/loader/compose/v1v2.go:81.2,82.16 2 0
github.com/kubernetes/kompose/pkg/loader/compose/v1v2.go:86.2,86.27 1 0
github.com/kubernetes/kompose/pkg/loader/compose/v1v2.go:49.35,51.3 1 0
github.com/kubernetes/kompose/pkg/loader/compose/v1v2.go:53.38,55.17 2 0
github.com/kubernetes/kompose/pkg/loader/compose/v1v2.go:58.3,65.4 1 0
github.com/kubernetes/kompose/pkg/loader/compose/v1v2.go:55.17,57.4 1 0
github.com/kubernetes/kompose/pkg/loader/compose/v1v2.go:71.16,73.3 1 0
github.com/kubernetes/kompose/pkg/loader/compose/v1v2.go:76.36,78.3 1 0
github.com/kubernetes/kompose/pkg/loader/compose/v1v2.go:82.16,84.3 1 0
github.com/kubernetes/kompose/pkg/loader/compose/v1v2.go:91.81,95.34 3 9
github.com/kubernetes/kompose/pkg/loader/compose/v1v2.go:143.2,143.23 1 9
github.com/kubernetes/kompose/pkg/loader/compose/v1v2.go:148.2,148.19 1 9
github.com/kubernetes/kompose/pkg/loader/compose/v1v2.go:167.2,167.16 1 9
github.com/kubernetes/kompose/pkg/loader/compose/v1v2.go:95.34,98.55 2 11
github.com/kubernetes/kompose/pkg/loader/compose/v1v2.go:105.3,106.17 2 11
github.com/kubernetes/kompose/pkg/loader/compose/v1v2.go:113.3,113.26 1 11
github.com/kubernetes/kompose/pkg/loader/compose/v1v2.go:120.3,121.21 2 11
github.com/kubernetes/kompose/pkg/loader/compose/v1v2.go:124.3,126.27 2 11
github.com/kubernetes/kompose/pkg/loader/compose/v1v2.go:98.55,99.72 1 2
github.com/kubernetes/kompose/pkg/loader/compose/v1v2.go:102.4,102.21 1 2
github.com/kubernetes/kompose/pkg/loader/compose/v1v2.go:99.72,101.5 1 0
github.com/kubernetes/kompose/pkg/loader/compose/v1v2.go:106.17,108.4 1 0
github.com/kubernetes/kompose/pkg/loader/compose/v1v2.go:113.26,114.25 1 26
github.com/kubernetes/kompose/pkg/loader/compose/v1v2.go:114.25,117.5 2 26
github.com/kubernetes/kompose/pkg/loader/compose/v1v2.go:121.21,123.4 1 26
github.com/kubernetes/kompose/pkg/loader/compose/v1v2.go:126.27,128.18 2 26
github.com/kubernetes/kompose/pkg/loader/compose/v1v2.go:131.4,131.27 1 26
github.com/kubernetes/kompose/pkg/loader/compose/v1v2.go:128.18,130.5 1 0
github.com/kubernetes/kompose/pkg/loader/compose/v1v2.go:131.27,138.5 1 26
github.com/kubernetes/kompose/pkg/loader/compose/v1v2.go:143.23,146.3 1 26
github.com/kubernetes/kompose/pkg/loader/compose/v1v2.go:148.19,149.31 1 1
github.com/kubernetes/kompose/pkg/loader/compose/v1v2.go:149.31,152.40 3 2
github.com/kubernetes/kompose/pkg/loader/compose/v1v2.go:158.4,158.42 1 2
github.com/kubernetes/kompose/pkg/loader/compose/v1v2.go:152.40,156.5 3 0
github.com/kubernetes/kompose/pkg/loader/compose/v1v2.go:158.42,163.5 1 1
github.com/kubernetes/kompose/pkg/loader/compose/v1v2.go:171.96,181.77 2 0
github.com/kubernetes/kompose/pkg/loader/compose/v1v2.go:280.2,282.27 2 0
github.com/kubernetes/kompose/pkg/loader/compose/v1v2.go:181.77,187.52 6 0
github.com/kubernetes/kompose/pkg/loader/compose/v1v2.go:190.3,202.47 10 0
github.com/kubernetes/kompose/pkg/loader/compose/v1v2.go:207.3,208.17 2 0
github.com/kubernetes/kompose/pkg/loader/compose/v1v2.go:211.3,215.42 3 0
github.com/kubernetes/kompose/pkg/loader/compose/v1v2.go:225.3,225.89 1 0
github.com/kubernetes/kompose/pkg/loader/compose/v1v2.go:229.3,230.17 2 0
github.com/kubernetes/kompose/pkg/loader/compose/v1v2.go:235.3,252.48 15 0
github.com/kubernetes/kompose/pkg/loader/compose/v1v2.go:257.3,257.43 1 0
github.com/kubernetes/kompose/pkg/loader/compose/v1v2.go:267.3,268.17 2 0
github.com/kubernetes/kompose/pkg/loader/compose/v1v2.go:271.3,274.42 3 0
github.com/kubernetes/kompose/pkg/loader/compose/v1v2.go:187.52,189.4 1 0
github.com/kubernetes/kompose/pkg/loader/compose/v1v2.go:202.47,204.4 1 0
github.com/kubernetes/kompose/pkg/loader/compose/v1v2.go:208.17,210.4 1 0
github.com/kubernetes/kompose/pkg/loader/compose/v1v2.go:215.42,216.64 1 0
github.com/kubernetes/kompose/pkg/loader/compose/v1v2.go:216.64,219.5 2 0
github.com/kubernetes/kompose/pkg/loader/compose/v1v2.go:225.89,227.4 1 0
github.com/kubernetes/kompose/pkg/loader/compose/v1v2.go:230.17,232.4 1 0
github.com/kubernetes/kompose/pkg/loader/compose/v1v2.go:252.48,255.4 2 0
github.com/kubernetes/kompose/pkg/loader/compose/v1v2.go:257.43,258.55 1 0
github.com/kubernetes/kompose/pkg/loader/compose/v1v2.go:258.55,259.66 1 0
github.com/kubernetes/kompose/pkg/loader/compose/v1v2.go:259.66,260.33 1 0
github.com/kubernetes/kompose/pkg/loader/compose/v1v2.go:260.33,262.7 1 0
github.com/kubernetes/kompose/pkg/loader/compose/v1v2.go:268.17,270.4 1 0
github.com/kubernetes/kompose/pkg/loader/compose/v1v2.go:274.42,276.4 1 0
github.com/kubernetes/kompose/pkg/loader/compose/v1v2.go:286.57,287.49 1 0
github.com/kubernetes/kompose/pkg/loader/compose/v1v2.go:287.49,290.17 2 0
github.com/kubernetes/kompose/pkg/loader/compose/v1v2.go:294.3,296.44 3 0
github.com/kubernetes/kompose/pkg/loader/compose/v1v2.go:290.17,292.4 1 0
github.com/kubernetes/kompose/pkg/loader/compose/v1v2.go:300.74,301.73 1 2
github.com/kubernetes/kompose/pkg/loader/compose/v1v2.go:304.2,304.12 1 1
github.com/kubernetes/kompose/pkg/loader/compose/v1v2.go:301.73,303.3 1 1
github.com/kubernetes/kompose/pkg/loader/compose/v1v2.go:308.112,310.62 1 0
github.com/kubernetes/kompose/pkg/loader/compose/v1v2.go:358.2,358.8 1 0
github.com/kubernetes/kompose/pkg/loader/compose/v1v2.go:310.62,312.76 1 0
github.com/kubernetes/kompose/pkg/loader/compose/v1v2.go:312.76,315.18 2 0
github.com/kubernetes/kompose/pkg/loader/compose/v1v2.go:318.4,320.18 3 0
github.com/kubernetes/kompose/pkg/loader/compose/v1v2.go:324.4,324.29 1 0
github.com/kubernetes/kompose/pkg/loader/compose/v1v2.go:342.4,342.29 1 0
github.com/kubernetes/kompose/pkg/loader/compose/v1v2.go:315.18,317.5 1 0
github.com/kubernetes/kompose/pkg/loader/compose/v1v2.go:320.18,322.5 1 0
github.com/kubernetes/kompose/pkg/loader/compose/v1v2.go:324.29,327.11 2 0
github.com/kubernetes/kompose/pkg/loader/compose/v1v2.go:338.5,338.32 1 0
github.com/kubernetes/kompose/pkg/loader/compose/v1v2.go:327.11,329.24 1 0
github.com/kubernetes/kompose/pkg/loader/compose/v1v2.go:336.6,336.29 1 0
github.com/kubernetes/kompose/pkg/loader/compose/v1v2.go:329.24,332.7 2 0
github.com/kubernetes/kompose/pkg/loader/compose/v1v2.go:332.12,335.7 2 0
github.com/kubernetes/kompose/pkg/loader/compose/v1v2.go:342.29,344.38 1 0
github.com/kubernetes/kompose/pkg/loader/compose/v1v2.go:344.38,348.6 2 0
github.com/kubernetes/kompose/pkg/loader/compose/v1v2.go:351.8,354.17 2 0
github.com/kubernetes/kompose/pkg/loader/compose/v1v2.go:354.17,356.4 1 0
github.com/kubernetes/kompose/pkg/loader/compose/v1v2.go:362.75,363.29 1 0
github.com/kubernetes/kompose/pkg/loader/compose/v1v2.go:368.2,368.13 1 0
github.com/kubernetes/kompose/pkg/loader/compose/v1v2.go:363.29,364.32 1 0
github.com/kubernetes/kompose/pkg/loader/compose/v1v2.go:364.32,366.4 1 0
github.com/kubernetes/kompose/pkg/loader/compose/v1v2.go:373.78,377.30 3 0
github.com/kubernetes/kompose/pkg/loader/compose/v1v2.go:390.2,390.21 1 0
github.com/kubernetes/kompose/pkg/loader/compose/v1v2.go:377.30,380.17 3 0
github.com/kubernetes/kompose/pkg/loader/compose/v1v2.go:383.3,387.31 5 0
github.com/kubernetes/kompose/pkg/loader/compose/v1v2.go:380.17,382.4 1 0
github.com/kubernetes/kompose/pkg/loader/compose/v1v2.go:394.85,395.26 1 0
github.com/kubernetes/kompose/pkg/loader/compose/v1v2.go:400.2,400.33 1 0
github.com/kubernetes/kompose/pkg/loader/compose/v1v2.go:395.26,396.39 1 0
github.com/kubernetes/kompose/pkg/loader/compose/v1v2.go:396.39,398.4 1 0
github.com/kubernetes/kompose/pkg/loader/compose/v1v2.go:404.51,406.26 2 0
github.com/kubernetes/kompose/pkg/loader/compose/v1v2.go:414.2,414.22 1 0
github.com/kubernetes/kompose/pkg/loader/compose/v1v2.go:406.26,408.17 2 0
github.com/kubernetes/kompose/pkg/loader/compose/v1v2.go:411.3,411.40 1 0
github.com/kubernetes/kompose/pkg/loader/compose/v1v2.go:408.17,410.4 1 0
github.com/kubernetes/kompose/pkg/loader/compose/v3.go:44.52,47.24 3 0
github.com/kubernetes/kompose/pkg/loader/compose/v3.go:55.2,55.20 1 0
github.com/kubernetes/kompose/pkg/loader/compose/v3.go:47.24,49.32 1 0
github.com/kubernetes/kompose/pkg/loader/compose/v3.go:52.3,53.24 2 0
github.com/kubernetes/kompose/pkg/loader/compose/v3.go:49.32,51.4 1 0
github.com/kubernetes/kompose/pkg/loader/compose/v3.go:61.61,68.16 2 0
github.com/kubernetes/kompose/pkg/loader/compose/v3.go:73.2,74.16 2 0
github.com/kubernetes/kompose/pkg/loader/compose/v3.go:78.2,79.29 2 0
github.com/kubernetes/kompose/pkg/loader/compose/v3.go:123.2,124.36 2 0
github.com/kubernetes/kompose/pkg/loader/compose/v3.go:129.2,130.16 2 0
github.com/kubernetes/kompose/pkg/loader/compose/v3.go:134.2,134.27 1 0
github.com/kubernetes/kompose/pkg/loader/compose/v3.go:68.16,70.3 1 0
github.com/kubernetes/kompose/pkg/loader/compose/v3.go:74.16,76.3 1 0
github.com/kubernetes/kompose/pkg/loader/compose/v3.go:79.29,82.17 2 0
github.com/kubernetes/kompose/pkg/loader/compose/v3.go:87.3,88.17 2 0
github.com/kubernetes/kompose/pkg/loader/compose/v3.go:93.3,110.17 4 0
github.com/kubernetes/kompose/pkg/loader/compose/v3.go:113.3,113.20 1 0
github.com/kubernetes/kompose/pkg/loader/compose/v3.go:82.17,84.4 1 0
github.com/kubernetes/kompose/pkg/loader/compose/v3.go:88.17,90.4 1 0
github.com/kubernetes/kompose/pkg/loader/compose/v3.go:110.17,112.4 1 0
github.com/kubernetes/kompose/pkg/loader/compose/v3.go:113.20,115.4 1 0
github.com/kubernetes/kompose/pkg/loader/compose/v3.go:115.9,117.18 2 0
github.com/kubernetes/kompose/pkg/loader/compose/v3.go:117.18,119.5 1 0
github.com/kubernetes/kompose/pkg/loader/compose/v3.go:124.36,126.3 1 0
github.com/kubernetes/kompose/pkg/loader/compose/v3.go:130.16,132.3 1 0
github.com/kubernetes/kompose/pkg/loader/compose/v3.go:137.62,140.32 3 1
github.com/kubernetes/kompose/pkg/loader/compose/v3.go:157.2,157.18 1 1
github.com/kubernetes/kompose/pkg/loader/compose/v3.go:140.32,142.17 2 2
github.com/kubernetes/kompose/pkg/loader/compose/v3.go:146.3,146.30 1 1
github.com/kubernetes/kompose/pkg/loader/compose/v3.go:142.17,144.12 2 1
github.com/kubernetes/kompose/pkg/loader/compose/v3.go:146.30,148.4 1 0
github.com/kubernetes/kompose/pkg/loader/compose/v3.go:148.9,148.53 1 1
github.com/kubernetes/kompose/pkg/loader/compose/v3.go:148.53,150.4 1 0
github.com/kubernetes/kompose/pkg/loader/compose/v3.go:150.9,150.53 1 1
github.com/kubernetes/kompose/pkg/loader/compose/v3.go:150.53,153.4 2 1
github.com/kubernetes/kompose/pkg/loader/compose/v3.go:153.9,155.4 1 0
github.com/kubernetes/kompose/pkg/loader/compose/v3.go:164.66,167.30 2 1
github.com/kubernetes/kompose/pkg/loader/compose/v3.go:181.2,181.17 1 1
github.com/kubernetes/kompose/pkg/loader/compose/v3.go:167.30,171.23 2 1
github.com/kubernetes/kompose/pkg/loader/compose/v3.go:175.3,175.19 1 1
github.com/kubernetes/kompose/pkg/loader/compose/v3.go:179.3,179.33 1 1
github.com/kubernetes/kompose/pkg/loader/compose/v3.go:171.23,173.4 1 1
github.com/kubernetes/kompose/pkg/loader/compose/v3.go:175.19,177.4 1 1
github.com/kubernetes/kompose/pkg/loader/compose/v3.go:186.84,191.29 3 2
github.com/kubernetes/kompose/pkg/loader/compose/v3.go:206.2,206.19 1 2
github.com/kubernetes/kompose/pkg/loader/compose/v3.go:228.2,228.21 1 2
github.com/kubernetes/kompose/pkg/loader/compose/v3.go:191.29,204.3 2 2
github.com/kubernetes/kompose/pkg/loader/compose/v3.go:206.19,207.31 1 2
github.com/kubernetes/kompose/pkg/loader/compose/v3.go:207.31,210.40 3 3
github.com/kubernetes/kompose/pkg/loader/compose/v3.go:216.4,216.41 1 3
github.com/kubernetes/kompose/pkg/loader/compose/v3.go:219.4,224.6 1 2
github.com/kubernetes/kompose/pkg/loader/compose/v3.go:210.40,214.5 3 1
github.com/kubernetes/kompose/pkg/loader/compose/v3.go:216.41,217.13 1 1
github.com/kubernetes/kompose/pkg/loader/compose/v3.go:234.96,239.39 2 1
github.com/kubernetes/kompose/pkg/loader/compose/v3.go:247.2,247.40 1 1
github.com/kubernetes/kompose/pkg/loader/compose/v3.go:255.2,255.39 1 1
github.com/kubernetes/kompose/pkg/loader/compose/v3.go:259.2,259.43 1 1
github.com/kubernetes/kompose/pkg/loader/compose/v3.go:268.2,274.8 1 1
github.com/kubernetes/kompose/pkg/loader/compose/v3.go:239.39,241.17 2 1
github.com/kubernetes/kompose/pkg/loader/compose/v3.go:244.3,244.35 1 1
github.com/kubernetes/kompose/pkg/loader/compose/v3.go:241.17,243.4 1 0
github.com/kubernetes/kompose/pkg/loader/compose/v3.go:247.40,249.17 2 1
github.com/kubernetes/kompose/pkg/loader/compose/v3.go:252.3,252.36 1 1
github.com/kubernetes/kompose/pkg/loader/compose/v3.go:249.17,251.4 1 0
github.com/kubernetes/kompose/pkg/loader/compose/v3.go:255.39,257.3 1 1
github.com/kubernetes/kompose/pkg/loader/compose/v3.go:259.43,261.17 2 1
github.com/kubernetes/kompose/pkg/loader/compose/v3.go:264.3,264.39 1 1
github.com/kubernetes/kompose/pkg/loader/compose/v3.go:261.17,263.4 1 0
github.com/kubernetes/kompose/pkg/loader/compose/v3.go:277.96,289.62 2 0
github.com/kubernetes/kompose/pkg/loader/compose/v3.go:406.2,408.27 2 0
github.com/kubernetes/kompose/pkg/loader/compose/v3.go:289.62,314.50 21 0
github.com/kubernetes/kompose/pkg/loader/compose/v3.go:318.3,320.81 2 0
github.com/kubernetes/kompose/pkg/loader/compose/v3.go:326.3,331.91 3 0
github.com/kubernetes/kompose/pkg/loader/compose/v3.go:341.3,342.55 2 0
github.com/kubernetes/kompose/pkg/loader/compose/v3.go:345.3,345.48 1 0
github.com/kubernetes/kompose/pkg/loader/compose/v3.go:351.3,351.50 1 0
github.com/kubernetes/kompose/pkg/loader/compose/v3.go:356.3,358.54 2 0
github.com/kubernetes/kompose/pkg/loader/compose/v3.go:365.3,388.89 9 0
github.com/kubernetes/kompose/pkg/loader/compose/v3.go:393.3,393.42 1 0
github.com/kubernetes/kompose/pkg/loader/compose/v3.go:397.3,399.56 3 0
github.com/kubernetes/kompose/pkg/loader/compose/v3.go:403.3,403.76 1 0
github.com/kubernetes/kompose/pkg/loader/compose/v3.go:314.50,316.4 1 0
github.com/kubernetes/kompose/pkg/loader/compose/v3.go:320.81,322.4 1 0
github.com/kubernetes/kompose/pkg/loader/compose/v3.go:331.91,334.18 3 0
github.com/kubernetes/kompose/pkg/loader/compose/v3.go:334.18,336.5 1 0
github.com/kubernetes/kompose/pkg/loader/compose/v3.go:342.55,344.4 1 0
github.com/kubernetes/kompose/pkg/loader/compose/v3.go:345.48,348.4 2 0
github.com/kubernetes/kompose/pkg/loader/compose/v3.go:351.50,353.4 1 0
github.com/kubernetes/kompose/pkg/loader/compose/v3.go:358.54,360.4 1 0
github.com/kubernetes/kompose/pkg/loader/compose/v3.go:388.89,390.4 1 0
github.com/kubernetes/kompose/pkg/loader/compose/v3.go:393.42,395.4 1 0
github.com/kubernetes/kompose/pkg/loader/compose/v3.go:399.56,401.4 1 0
github.com/kubernetes/kompose/pkg/loader/compose/v3.go:411.131,412.45 1 0
github.com/kubernetes/kompose/pkg/loader/compose/v3.go:412.45,413.66 1 0
github.com/kubernetes/kompose/pkg/loader/compose/v3.go:413.66,415.4 1 0
github.com/kubernetes/kompose/pkg/loader/compose/v3.go:416.8,418.50 2 0
github.com/kubernetes/kompose/pkg/loader/compose/v3.go:418.50,423.21 3 0
github.com/kubernetes/kompose/pkg/loader/compose/v3.go:426.4,426.66 1 0
github.com/kubernetes/kompose/pkg/loader/compose/v3.go:423.21,425.5 1 0
github.com/kubernetes/kompose/pkg/loader/compose/v3.go:431.110,432.66 1 0
github.com/kubernetes/kompose/pkg/loader/compose/v3.go:465.2,465.12 1 0
github.com/kubernetes/kompose/pkg/loader/compose/v3.go:432.66,442.58 1 0
github.com/kubernetes/kompose/pkg/loader/compose/v3.go:453.3,453.64 1 0
github.com/kubernetes/kompose/pkg/loader/compose/v3.go:442.58,445.67 2 0
github.com/kubernetes/kompose/pkg/loader/compose/v3.go:445.67,447.19 2 0
github.com/kubernetes/kompose/pkg/loader/compose/v3.go:450.5,450.52 1 0
github.com/kubernetes/kompose/pkg/loader/compose/v3.go:447.19,449.6 1 0
github.com/kubernetes/kompose/pkg/loader/compose/v3.go:453.64,456.73 2 0
github.com/kubernetes/kompose/pkg/loader/compose/v3.go:456.73,458.19 2 0
github.com/kubernetes/kompose/pkg/loader/compose/v3.go:461.5,461.64 1 0
github.com/kubernetes/kompose/pkg/loader/compose/v3.go:458.19,460.6 1 0
github.com/kubernetes/kompose/pkg/loader/compose/v3.go:469.106,474.60 1 0
github.com/kubernetes/kompose/pkg/loader/compose/v3.go:474.60,476.19 2 0
github.com/kubernetes/kompose/pkg/loader/compose/v3.go:486.3,486.69 1 0
github.com/kubernetes/kompose/pkg/loader/compose/v3.go:476.19,478.4 1 0
github.com/kubernetes/kompose/pkg/loader/compose/v3.go:478.9,480.10 2 0
github.com/kubernetes/kompose/pkg/loader/compose/v3.go:480.10,482.5 1 0
github.com/kubernetes/kompose/pkg/loader/compose/v3.go:482.10,483.13 1 0
github.com/kubernetes/kompose/pkg/loader/compose/v3.go:491.95,496.33 1 0
github.com/kubernetes/kompose/pkg/loader/compose/v3.go:500.2,500.33 1 0
github.com/kubernetes/kompose/pkg/loader/compose/v3.go:524.2,524.79 1 0
github.com/kubernetes/kompose/pkg/loader/compose/v3.go:528.2,528.101 1 0
github.com/kubernetes/kompose/pkg/loader/compose/v3.go:532.2,532.68 1 0
github.com/kubernetes/kompose/pkg/loader/compose/v3.go:536.2,536.12 1 0
github.com/kubernetes/kompose/pkg/loader/compose/v3.go:496.33,498.3 1 0
github.com/kubernetes/kompose/pkg/loader/compose/v3.go:500.33,501.14 1 0
github.com/kubernetes/kompose/pkg/loader/compose/v3.go:502.25,504.18 2 0
github.com/kubernetes/kompose/pkg/loader/compose/v3.go:508.4,508.43 1 0
github.com/kubernetes/kompose/pkg/loader/compose/v3.go:509.27,510.76 1 0
github.com/kubernetes/kompose/pkg/loader/compose/v3.go:511.26,512.52 1 0
github.com/kubernetes/kompose/pkg/loader/compose/v3.go:513.36,514.42 1 0
github.com/kubernetes/kompose/pkg/loader/compose/v3.go:515.29,516.41 1 0
github.com/kubernetes/kompose/pkg/loader/compose/v3.go:517.29,518.41 1 0
github.com/kubernetes/kompose/pkg/loader/compose/v3.go:519.11,520.37 1 0
github.com/kubernetes/kompose/pkg/loader/compose/v3.go:504.18,506.5 1 0
github.com/kubernetes/kompose/pkg/loader/compose/v3.go:524.79,526.3 1 0
github.com/kubernetes/kompose/pkg/loader/compose/v3.go:528.101,530.3 1 0
github.com/kubernetes/kompose/pkg/loader/compose/v3.go:532.68,534.3 1 0
github.com/kubernetes/kompose/pkg/loader/compose/v3.go:539.99,540.49 1 0
github.com/kubernetes/kompose/pkg/loader/compose/v3.go:540.49,543.17 2 0
github.com/kubernetes/kompose/pkg/loader/compose/v3.go:546.3,546.34 1 0
github.com/kubernetes/kompose/pkg/loader/compose/v3.go:557.3,559.44 3 0
github.com/kubernetes/kompose/pkg/loader/compose/v3.go:543.17,545.4 1 0
github.com/kubernetes/kompose/pkg/loader/compose/v3.go:546.34,548.42 2 0
github.com/kubernetes/kompose/pkg/loader/compose/v3.go:548.42,554.5 4 0
github.com/kubernetes/kompose/pkg/loader/compose/v3.go:563.94,566.40 2 0
github.com/kubernetes/kompose/pkg/loader/compose/v3.go:576.2,576.23 1 0
github.com/kubernetes/kompose/pkg/loader/compose/v3.go:566.40,567.41 1 0
github.com/kubernetes/kompose/pkg/loader/compose/v3.go:567.41,568.36 1 0
github.com/kubernetes/kompose/pkg/loader/compose/v3.go:568.36,570.5 1 0
github.com/kubernetes/kompose/pkg/loader/compose/v3.go:570.10,570.47 1 0
github.com/kubernetes/kompose/pkg/loader/compose/v3.go:570.47,572.5 1 0
github.com/kubernetes/kompose/pkg/loader/compose/v3.go:579.100,580.44 1 0
github.com/kubernetes/kompose/pkg/loader/compose/v3.go:583.2,584.50 2 0
github.com/kubernetes/kompose/pkg/loader/compose/v3.go:588.2,588.46 1 0
github.com/kubernetes/kompose/pkg/loader/compose/v3.go:787.2,787.48 1 0
github.com/kubernetes/kompose/pkg/loader/compose/v3.go:792.2,792.46 1 0
github.com/kubernetes/kompose/pkg/loader/compose/v3.go:797.2,797.46 1 0
github.com/kubernetes/kompose/pkg/loader/compose/v3.go:802.2,802.46 1 0
github.com/kubernetes/kompose/pkg/loader/compose/v3.go:806.2,806.24 1 0
github.com/kubernetes/kompose/pkg/loader/compose/v3.go:580.44,582.3 1 0
github.com/kubernetes/kompose/pkg/loader/compose/v3.go:584.50,586.3 1 0
github.com/kubernetes/kompose/pkg/loader/compose/v3.go:588.46,590.66 2 0
github.com/kubernetes/kompose/pkg/loader/compose/v3.go:596.3,597.37 2 0
github.com/kubernetes/kompose/pkg/loader/compose/v3.go:600.3,600.31 1 0
github.com/kubernetes/kompose/pkg/loader/compose/v3.go:603.3,603.32 1 0
github.com/kubernetes/kompose/pkg/loader/compose/v3.go:606.3,606.33 1 0
github.com/kubernetes/kompose/pkg/loader/compose/v3.go:609.3,609.32 1 0
github.com/kubernetes/kompose/pkg/loader/compose/v3.go:612.3,612.32 1 0
github.com/kubernetes/kompose/pkg/loader/compose/v3.go:615.3,615.34 1 0
github.com/kubernetes/kompose/pkg/loader/compose/v3.go:618.3,618.81 1 0
github.com/kubernetes/kompose/pkg/loader/compose/v3.go:621.3,621.34 1 0
github.com/kubernetes/kompose/pkg/loader/compose/v3.go:624.3,624.32 1 0
github.com/kubernetes/kompose/pkg/loader/compose/v3.go:627.3,627.45 1 0
github.com/kubernetes/kompose/pkg/loader/compose/v3.go:631.3,631.51 1 0
github.com/kubernetes/kompose/pkg/loader/compose/v3.go:635.3,635.32 1 0
github.com/kubernetes/kompose/pkg/loader/compose/v3.go:641.3,641.28 1 0
github.com/kubernetes/kompose/pkg/loader/compose/v3.go:645.3,645.34 1 0
github.com/kubernetes/kompose/pkg/loader/compose/v3.go:649.3,649.31 1 0
github.com/kubernetes/kompose/pkg/loader/compose/v3.go:652.3,652.35 1 0
github.com/kubernetes/kompose/pkg/loader/compose/v3.go:655.3,655.36 1 0
github.com/kubernetes/kompose/pkg/loader/compose/v3.go:661.3,661.32 1 0
github.com/kubernetes/kompose/pkg/loader/compose/v3.go:664.3,664.31 1 0
github.com/kubernetes/kompose/pkg/loader/compose/v3.go:668.3,668.38 1 0
github.com/kubernetes/kompose/pkg/loader/compose/v3.go:672.3,672.35 1 0
github.com/kubernetes/kompose/pkg/loader/compose/v3.go:675.3,675.29 1 0
github.com/kubernetes/kompose/pkg/loader/compose/v3.go:678.3,678.33 1 0
github.com/kubernetes/kompose/pkg/loader/compose/v3.go:681.3,681.26 1 0
github.com/kubernetes/kompose/pkg/loader/compose/v3.go:684.3,684.24 1 0
github.com/kubernetes/kompose/pkg/loader/compose/v3.go:687.3,687.31 1 0
github.com/kubernetes/kompose/pkg/loader/compose/v3.go:693.3,693.30 1 0
github.com/kubernetes/kompose/pkg/loader/compose/v3.go:696.3,696.29 1 0
github.com/kubernetes/kompose/pkg/loader/compose/v3.go:699.3,699.31 1 0
github.com/kubernetes/kompose/pkg/loader/compose/v3.go:702.3,702.32 1 0
github.com/kubernetes/kompose/pkg/loader/compose/v3.go:705.3,705.33 1 0
github.com/kubernetes/kompose/pkg/loader/compose/v3.go:708.3,708.24 1 0
github.com/kubernetes/kompose/pkg/loader/compose/v3.go:711.3,711.30 1 0
github.com/kubernetes/kompose/pkg/loader/compose/v3.go:715.3,715.53 1 0
github.com/kubernetes/kompose/pkg/loader/compose/v3.go:718.3,718.49 1 0
github.com/kubernetes/kompose/pkg/loader/compose/v3.go:721.3,721.28 1 0
github.com/kubernetes/kompose/pkg/loader/compose/v3.go:724.3,724.32 1 0
github.com/kubernetes/kompose/pkg/loader/compose/v3.go:727.3,727.36 1 0
github.com/kubernetes/kompose/pkg/loader/compose/v3.go:730.3,730.51 1 0
github.com/kubernetes/kompose/pkg/loader/compose/v3.go:733.3,733.31 1 0
github.com/kubernetes/kompose/pkg/loader/compose/v3.go:736.3,736.30 1 0
github.com/kubernetes/kompose/pkg/loader/compose/v3.go:740.3,740.39 1 0
github.com/kubernetes/kompose/pkg/loader/compose/v3.go:743.3,743.32 1 0
github.com/kubernetes/kompose/pkg/loader/compose/v3.go:746.3,746.25 1 0
github.com/kubernetes/kompose/pkg/loader/compose/v3.go:749.3,749.32 1 0
github.com/kubernetes/kompose/pkg/loader/compose/v3.go:780.3,780.31 1 0
github.com/kubernetes/kompose/pkg/loader/compose/v3.go:783.3,783.45 1 0
github.com/kubernetes/kompose/pkg/loader/compose/v3.go:590.66,592.12 2 0
github.com/kubernetes/kompose/pkg/loader/compose/v3.go:593.9,595.4 1 0
github.com/kubernetes/kompose/pkg/loader/compose/v3.go:597.37,599.4 1 0
github.com/kubernetes/kompose/pkg/loader/compose/v3.go:600.31,602.4 1 0
github.com/kubernetes/kompose/pkg/loader/compose/v3.go:603.32,605.4 1 0
github.com/kubernetes/kompose/pkg/loader/compose/v3.go:606.33,608.4 1 0
github.com/kubernetes/kompose/pkg/loader/compose/v3.go:609.32,611.4 1 0
github.com/kubernetes/kompose/pkg/loader/compose/v3.go:612.32,614.4 1 0
github.com/kubernetes/kompose/pkg/loader/compose/v3.go:615.34,617.4 1 0
github.com/kubernetes/kompose/pkg/loader/compose/v3.go:618.81,620.4 1 0
github.com/kubernetes/kompose/pkg/loader/compose/v3.go:621.34,623.4 1 0
github.com/kubernetes/kompose/pkg/loader/compose/v3.go:624.32,626.4 1 0
github.com/kubernetes/kompose/pkg/loader/compose/v3.go:627.45,629.4 1 0
github.com/kubernetes/kompose/pkg/loader/compose/v3.go:631.51,633.4 1 0
github.com/kubernetes/kompose/pkg/loader/compose/v3.go:635.32,640.4 1 0
github.com/kubernetes/kompose/pkg/loader/compose/v3.go:641.28,644.4 1 0
github.com/kubernetes/kompose/pkg/loader/compose/v3.go:645.34,648.4 1 0
github.com/kubernetes/kompose/pkg/loader/compose/v3.go:649.31,651.4 1 0
github.com/kubernetes/kompose/pkg/loader/compose/v3.go:652.35,654.4 1 0
github.com/kubernetes/kompose/pkg/loader/compose/v3.go:655.36,657.42 1 0
github.com/kubernetes/kompose/pkg/loader/compose/v3.go:657.42,659.5 1 0
github.com/kubernetes/kompose/pkg/loader/compose/v3.go:661.32,663.4 1 0
github.com/kubernetes/kompose/pkg/loader/compose/v3.go:664.31,667.4 1 0
github.com/kubernetes/kompose/pkg/loader/compose/v3.go:668.38,671.4 1 0
github.com/kubernetes/kompose/pkg/loader/compose/v3.go:672.35,674.4 1 0
github.com/kubernetes/kompose/pkg/loader/compose/v3.go:675.29,677.4 1 0
github.com/kubernetes/kompose/pkg/loader/compose/v3.go:678.33,680.4 1 0
github.com/kubernetes/kompose/pkg/loader/compose/v3.go:681.26,683.4 1 0
github.com/kubernetes/kompose/pkg/loader/compose/v3.go:684.24,686.4 1 0
github.com/kubernetes/kompose/pkg/loader/compose/v3.go:687.31,689.37 1 0
github.com/kubernetes/kompose/pkg/loader/compose/v3.go:689.37,691.5 1 0
github.com/kubernetes/kompose/pkg/loader/compose/v3.go:693.30,695.4 1 0
github.com/kubernetes/kompose/pkg/loader/compose/v3.go:696.29,698.4 1 0
github.com/kubernetes/kompose/pkg/loader/compose/v3.go:699.31,701.4 1 0
github.com/kubernetes/kompose/pkg/loader/compose/v3.go:702.32,704.4 1 0
github.com/kubernetes/kompose/pkg/loader/compose/v3.go:705.33,707.4 1 0
github.com/kubernetes/kompose/pkg/loader/compose/v3.go:708.24,710.4 1 0
github.com/kubernetes/kompose/pkg/loader/compose/v3.go:711.30,714.4 1 0
github.com/kubernetes/kompose/pkg/loader/compose/v3.go:715.53,717.4 1 0
github.com/kubernetes/kompose/pkg/loader/compose/v3.go:718.49,720.4 1 0
github.com/kubernetes/kompose/pkg/loader/compose/v3.go:721.28,723.4 1 0
github.com/kubernetes/kompose/pkg/loader/compose/v3.go:724.32,726.4 1 0
github.com/kubernetes/kompose/pkg/loader/compose/v3.go:727.36,729.4 1 0
github.com/kubernetes/kompose/pkg/loader/compose/v3.go:730.51,732.4 1 0
github.com/kubernetes/kompose/pkg/loader/compose/v3.go:733.31,735.4 1 0
github.com/kubernetes/kompose/pkg/loader/compose/v3.go:736.30,739.4 1 0
github.com/kubernetes/kompose/pkg/loader/compose/v3.go:740.39,742.4 1 0
github.com/kubernetes/kompose/pkg/loader/compose/v3.go:743.32,745.4 1 0
github.com/kubernetes/kompose/pkg/loader/compose/v3.go:746.25,748.4 1 0
github.com/kubernetes/kompose/pkg/loader/compose/v3.go:749.32,759.52 3 0
github.com/kubernetes/kompose/pkg/loader/compose/v3.go:764.4,764.46 1 0
github.com/kubernetes/kompose/pkg/loader/compose/v3.go:772.4,774.29 2 0
github.com/kubernetes/kompose/pkg/loader/compose/v3.go:778.4,778.35 1 0
github.com/kubernetes/kompose/pkg/loader/compose/v3.go:759.52,762.5 2 0
github.com/kubernetes/kompose/pkg/loader/compose/v3.go:764.46,765.57 1 0
github.com/kubernetes/kompose/pkg/loader/compose/v3.go:768.5,768.51 1 0
github.com/kubernetes/kompose/pkg/loader/compose/v3.go:765.57,767.6 1 0
github.com/kubernetes/kompose/pkg/loader/compose/v3.go:774.29,776.5 1 0
github.com/kubernetes/kompose/pkg/loader/compose/v3.go:780.31,782.4 1 0
github.com/kubernetes/kompose/pkg/loader/compose/v3.go:787.48,789.3 1 0
github.com/kubernetes/kompose/pkg/loader/compose/v3.go:792.46,794.3 1 0
github.com/kubernetes/kompose/pkg/loader/compose/v3.go:797.46,799.3 1 0
github.com/kubernetes/kompose/pkg/loader/compose/v3.go:802.46,804.3 1 0
github.com/kubernetes/kompose/pkg/loader/compose/v3.go:809.69,810.26 1 0
github.com/kubernetes/kompose/pkg/loader/compose/v3.go:814.2,816.49 2 0
github.com/kubernetes/kompose/pkg/loader/compose/v3.go:832.2,832.47 1 0
github.com/kubernetes/kompose/pkg/loader/compose/v3.go:838.2,838.18 1 0
github.com/kubernetes/kompose/pkg/loader/compose/v3.go:810.26,812.3 1 0
github.com/kubernetes/kompose/pkg/loader/compose/v3.go:816.49,817.45 1 0
github.com/kubernetes/kompose/pkg/loader/compose/v3.go:826.3,826.81 1 0
github.com/kubernetes/kompose/pkg/loader/compose/v3.go:817.45,818.27 1 0
github.com/kubernetes/kompose/pkg/loader/compose/v3.go:821.4,821.27 1 0
github.com/kubernetes/kompose/pkg/loader/compose/v3.go:818.27,820.5 1 0
github.com/kubernetes/kompose/pkg/loader/compose/v3.go:821.27,823.5 1 0
github.com/kubernetes/kompose/pkg/loader/compose/v3.go:826.81,829.4 1 0
github.com/kubernetes/kompose/pkg/loader/compose/v3.go:832.47,833.31 1 0
github.com/kubernetes/kompose/pkg/loader/compose/v3.go:833.31,835.4 1 0
github.com/kubernetes/kompose/pkg/transformer/utils.go:42.28,45.2 2 0
github.com/kubernetes/kompose/pkg/transformer/utils.go:48.50,49.19 1 0
github.com/kubernetes/kompose/pkg/transformer/utils.go:53.2,53.44 1 0
github.com/kubernetes/kompose/pkg/transformer/utils.go:58.2,59.16 2 0
github.com/kubernetes/kompose/pkg/transformer/utils.go:62.2,62.15 1 0
github.com/kubernetes/kompose/pkg/transformer/utils.go:49.19,51.3 1 0
github.com/kubernetes/kompose/pkg/transformer/utils.go:53.44,54.55 1 0
github.com/kubernetes/kompose/pkg/transformer/utils.go:54.55,56.4 1 0
github.com/kubernetes/kompose/pkg/transformer/utils.go:59.16,61.3 1 0
github.com/kubernetes/kompose/pkg/transformer/utils.go:66.81,71.29 3 9
github.com/kubernetes/kompose/pkg/transformer/utils.go:76.2,76.31 1 9
github.com/kubernetes/kompose/pkg/transformer/utils.go:82.2,82.29 1 9
github.com/kubernetes/kompose/pkg/transformer/utils.go:88.2,93.60 2 9
github.com/kubernetes/kompose/pkg/transformer/utils.go:103.2,105.29 3 9
github.com/kubernetes/kompose/pkg/transformer/utils.go:108.2,108.86 1 9
github.com/kubernetes/kompose/pkg/transformer/utils.go:112.2,112.8 1 9
github.com/kubernetes/kompose/pkg/transformer/utils.go:71.29,73.3 1 0
github.com/kubernetes/kompose/pkg/transformer/utils.go:76.31,79.3 2 4
github.com/kubernetes/kompose/pkg/transformer/utils.go:82.29,85.3 2 0
github.com/kubernetes/kompose/pkg/transformer/utils.go:93.60,97.3 3 1
github.com/kubernetes/kompose/pkg/transformer/utils.go:97.8,97.69 1 8
github.com/kubernetes/kompose/pkg/transformer/utils.go:97.69,100.3 2 4
github.com/kubernetes/kompose/pkg/transformer/utils.go:105.29,107.3 1 5
github.com/kubernetes/kompose/pkg/transformer/utils.go:108.86,111.3 2 0
github.com/kubernetes/kompose/pkg/transformer/utils.go:117.52,118.32 1 0
github.com/kubernetes/kompose/pkg/transformer/utils.go:122.2,122.16 1 0
github.com/kubernetes/kompose/pkg/transformer/utils.go:118.32,121.3 2 0
github.com/kubernetes/kompose/pkg/transformer/utils.go:125.36,127.2 1 23
github.com/kubernetes/kompose/pkg/transformer/utils.go:130.50,132.2 1 0
github.com/kubernetes/kompose/pkg/transformer/utils.go:135.75,140.24 3 0
github.com/kubernetes/kompose/pkg/transformer/utils.go:143.2,143.15 1 0
github.com/kubernetes/kompose/pkg/transformer/utils.go:140.24,142.3 1 0
github.com/kubernetes/kompose/pkg/transformer/utils.go:148.85,150.33 2 0
github.com/kubernetes/kompose/pkg/transformer/utils.go:155.2,155.13 1 0
github.com/kubernetes/kompose/pkg/transformer/utils.go:150.33,151.42 1 0
github.com/kubernetes/kompose/pkg/transformer/utils.go:151.42,153.4 1 0
github.com/kubernetes/kompose/pkg/transformer/utils.go:160.73,163.46 2 0
github.com/kubernetes/kompose/pkg/transformer/utils.go:167.2,167.36 1 0
github.com/kubernetes/kompose/pkg/transformer/utils.go:171.2,174.16 4 0
github.com/kubernetes/kompose/pkg/transformer/utils.go:178.2,181.42 2 0
github.com/kubernetes/kompose/pkg/transformer/utils.go:185.2,185.20 1 0
github.com/kubernetes/kompose/pkg/transformer/utils.go:163.46,165.3 1 0
github.com/kubernetes/kompose/pkg/transformer/utils.go:167.36,169.3 1 0
github.com/kubernetes/kompose/pkg/transformer/utils.go:174.16,177.3 1 0
github.com/kubernetes/kompose/pkg/transformer/utils.go:181.42,183.3 1 0
github.com/kubernetes/kompose/pkg/transformer/utils.go:189.135,191.18 2 0
github.com/kubernetes/kompose/pkg/transformer/utils.go:196.2,196.14 1 0
github.com/kubernetes/kompose/pkg/transformer/utils.go:213.2,213.18 1 0
github.com/kubernetes/kompose/pkg/transformer/utils.go:191.18,193.3 1 0
github.com/kubernetes/kompose/pkg/transformer/utils.go:193.8,195.3 1 0
github.com/kubernetes/kompose/pkg/transformer/utils.go:196.14,199.3 2 0
github.com/kubernetes/kompose/pkg/transformer/utils.go:199.8,199.21 1 0
github.com/kubernetes/kompose/pkg/transformer/utils.go:199.21,201.77 1 0
github.com/kubernetes/kompose/pkg/transformer/utils.go:204.3,204.11 1 0
github.com/kubernetes/kompose/pkg/transformer/utils.go:201.77,203.4 1 0
github.com/kubernetes/kompose/pkg/transformer/utils.go:205.8,208.68 2 0
github.com/kubernetes/kompose/pkg/transformer/utils.go:211.3,211.71 1 0
github.com/kubernetes/kompose/pkg/transformer/utils.go:208.68,210.4 1 0
github.com/kubernetes/kompose/pkg/transformer/utils.go:217.49,218.46 1 2
github.com/kubernetes/kompose/pkg/transformer/utils.go:223.2,223.17 1 0
github.com/kubernetes/kompose/pkg/transformer/utils.go:218.46,220.3 1 1
github.com/kubernetes/kompose/pkg/transformer/utils.go:220.8,220.54 1 1
github.com/kubernetes/kompose/pkg/transformer/utils.go:220.54,222.3 1 1
github.com/kubernetes/kompose/pkg/transformer/utils.go:230.30,232.2 1 0
github.com/kubernetes/kompose/pkg/transformer/utils.go:236.40,238.2 1 0
github.com/kubernetes/kompose/pkg/transformer/utils.go:241.35,243.2 1 0
github.com/kubernetes/kompose/pkg/transformer/utils.go:246.61,249.40 2 1
github.com/kubernetes/kompose/pkg/transformer/utils.go:256.2,257.37 2 1
github.com/kubernetes/kompose/pkg/transformer/utils.go:249.40,251.17 2 1
github.com/kubernetes/kompose/pkg/transformer/utils.go:254.3,254.48 1 1
github.com/kubernetes/kompose/pkg/transformer/utils.go:251.17,253.4 1 0
github.com/kubernetes/kompose/pkg/transformer/utils.go:261.73,263.16 2 0
github.com/kubernetes/kompose/pkg/transformer/utils.go:267.2,271.32 3 0
github.com/kubernetes/kompose/pkg/transformer/utils.go:274.2,276.46 2 0
github.com/kubernetes/kompose/pkg/transformer/utils.go:280.2,281.25 2 0
github.com/kubernetes/kompose/pkg/transformer/utils.go:285.2,286.51 2 0
github.com/kubernetes/kompose/pkg/transformer/utils.go:297.2,298.16 2 0
github.com/kubernetes/kompose/pkg/transformer/utils.go:304.2,307.16 3 0
github.com/kubernetes/kompose/pkg/transformer/utils.go:311.2,311.12 1 0
github.com/kubernetes/kompose/pkg/transformer/utils.go:263.16,265.3 1 0
github.com/kubernetes/kompose/pkg/transformer/utils.go:271.32,273.3 1 0
github.com/kubernetes/kompose/pkg/transformer/utils.go:276.46,278.3 1 0
github.com/kubernetes/kompose/pkg/transformer/utils.go:281.25,283.3 1 0
github.com/kubernetes/kompose/pkg/transformer/utils.go:286.51,288.22 2 0
github.com/kubernetes/kompose/pkg/transformer/utils.go:293.3,293.81 1 0
github.com/kubernetes/kompose/pkg/transformer/utils.go:288.22,290.4 1 0
github.com/kubernetes/kompose/pkg/transformer/utils.go:290.9,292.4 1 0
github.com/kubernetes/kompose/pkg/transformer/utils.go:298.16,300.3 1 0
github.com/kubernetes/kompose/pkg/transformer/utils.go:307.16,309.3 1 0
github.com/kubernetes/kompose/pkg/transformer/utils.go:315.79,321.25 2 0
github.com/kubernetes/kompose/pkg/transformer/utils.go:327.2,328.16 2 0
github.com/kubernetes/kompose/pkg/transformer/utils.go:332.2,335.16 3 0
github.com/kubernetes/kompose/pkg/transformer/utils.go:339.2,339.12 1 0
github.com/kubernetes/kompose/pkg/transformer/utils.go:321.25,324.3 2 0
github.com/kubernetes/kompose/pkg/transformer/utils.go:328.16,330.3 1 0
github.com/kubernetes/kompose/pkg/transformer/utils.go:335.16,337.3 1 0
github.com/kubernetes/kompose/pkg/transformer/kubernetes/k8sutils.go:55.41,65.16 5 0
github.com/kubernetes/kompose/pkg/transformer/kubernetes/k8sutils.go:69.2,69.16 1 0
github.com/kubernetes/kompose/pkg/transformer/kubernetes/k8sutils.go:82.2,84.16 3 0
github.com/kubernetes/kompose/pkg/transformer/kubernetes/k8sutils.go:89.2,100.16 3 0
github.com/kubernetes/kompose/pkg/transformer/kubernetes/k8sutils.go:103.2,107.16 4 0
github.com/kubernetes/kompose/pkg/transformer/kubernetes/k8sutils.go:111.2,112.12 2 0
github.com/kubernetes/kompose/pkg/transformer/kubernetes/k8sutils.go:65.16,67.3 1 0
github.com/kubernetes/kompose/pkg/transformer/kubernetes/k8sutils.go:69.16,71.17 2 0
github.com/kubernetes/kompose/pkg/transformer/kubernetes/k8sutils.go:75.3,76.17 2 0
github.com/kubernetes/kompose/pkg/transformer/kubernetes/k8sutils.go:71.17,73.4 1 0
github.com/kubernetes/kompose/pkg/transformer/kubernetes/k8sutils.go:76.17,78.4 1 0
github.com/kubernetes/kompose/pkg/transformer/kubernetes/k8sutils.go:84.16,86.3 1 0
github.com/kubernetes/kompose/pkg/transformer/kubernetes/k8sutils.go:100.16,102.3 1 0
github.com/kubernetes/kompose/pkg/transformer/kubernetes/k8sutils.go:107.16,109.3 1 0
github.com/kubernetes/kompose/pkg/transformer/kubernetes/k8sutils.go:116.39,120.16 2 3
github.com/kubernetes/kompose/pkg/transformer/kubernetes/k8sutils.go:123.2,127.16 3 2
github.com/kubernetes/kompose/pkg/transformer/kubernetes/k8sutils.go:132.2,132.22 1 2
github.com/kubernetes/kompose/pkg/transformer/kubernetes/k8sutils.go:135.2,135.19 1 1
github.com/kubernetes/kompose/pkg/transformer/kubernetes/k8sutils.go:120.16,122.3 1 1
github.com/kubernetes/kompose/pkg/transformer/kubernetes/k8sutils.go:127.16,129.3 1 0
github.com/kubernetes/kompose/pkg/transformer/kubernetes/k8sutils.go:132.22,134.3 1 1
github.com/kubernetes/kompose/pkg/transformer/kubernetes/k8sutils.go:138.52,140.19 2 0
github.com/kubernetes/kompose/pkg/transformer/kubernetes/k8sutils.go:150.2,150.16 1 0
github.com/kubernetes/kompose/pkg/transformer/kubernetes/k8sutils.go:140.19,142.22 1 0
github.com/kubernetes/kompose/pkg/transformer/kubernetes/k8sutils.go:142.22,146.4 3 0
github.com/kubernetes/kompose/pkg/transformer/kubernetes/k8sutils.go:146.9,148.4 1 0
github.com/kubernetes/kompose/pkg/transformer/kubernetes/k8sutils.go:153.62,163.2 4 0
github.com/kubernetes/kompose/pkg/transformer/kubernetes/k8sutils.go:166.76,172.77 4 0
github.com/kubernetes/kompose/pkg/transformer/kubernetes/k8sutils.go:179.2,180.16 2 0
github.com/kubernetes/kompose/pkg/transformer/kubernetes/k8sutils.go:183.2,183.21 1 0
github.com/kubernetes/kompose/pkg/transformer/kubernetes/k8sutils.go:186.2,186.15 1 0
github.com/kubernetes/kompose/pkg/transformer/kubernetes/k8sutils.go:195.2,199.30 2 0
github.com/kubernetes/kompose/pkg/transformer/kubernetes/k8sutils.go:281.2,281.21 1 0
github.com/kubernetes/kompose/pkg/transformer/kubernetes/k8sutils.go:287.2,287.12 1 0
github.com/kubernetes/kompose/pkg/transformer/kubernetes/k8sutils.go:172.77,173.63 1 0
github.com/kubernetes/kompose/pkg/transformer/kubernetes/k8sutils.go:173.63,175.4 1 0
github.com/kubernetes/kompose/pkg/transformer/kubernetes/k8sutils.go:180.16,182.3 1 0
github.com/kubernetes/kompose/pkg/transformer/kubernetes/k8sutils.go:183.21,185.3 1 0
github.com/kubernetes/kompose/pkg/transformer/kubernetes/k8sutils.go:186.15,188.17 2 0
github.com/kubernetes/kompose/pkg/transformer/kubernetes/k8sutils.go:191.3,192.18 2 0
github.com/kubernetes/kompose/pkg/transformer/kubernetes/k8sutils.go:188.17,190.4 1 0
github.com/kubernetes/kompose/pkg/transformer/kubernetes/k8sutils.go:199.30,202.34 2 0
github.com/kubernetes/kompose/pkg/transformer/kubernetes/k8sutils.go:212.3,216.17 5 0
github.com/kubernetes/kompose/pkg/transformer/kubernetes/k8sutils.go:219.3,220.17 2 0
github.com/kubernetes/kompose/pkg/transformer/kubernetes/k8sutils.go:223.3,224.17 2 0
github.com/kubernetes/kompose/pkg/transformer/kubernetes/k8sutils.go:227.3,227.34 1 0
github.com/kubernetes/kompose/pkg/transformer/kubernetes/k8sutils.go:202.34,204.18 2 0
github.com/kubernetes/kompose/pkg/transformer/kubernetes/k8sutils.go:208.4,208.65 1 0
github.com/kubernetes/kompose/pkg/transformer/kubernetes/k8sutils.go:204.18,206.5 1 0
github.com/kubernetes/kompose/pkg/transformer/kubernetes/k8sutils.go:216.17,218.4 1 0
github.com/kubernetes/kompose/pkg/transformer/kubernetes/k8sutils.go:220.17,222.4 1 0
github.com/kubernetes/kompose/pkg/transformer/kubernetes/k8sutils.go:224.17,226.4 1 0
github.com/kubernetes/kompose/pkg/transformer/kubernetes/k8sutils.go:228.8,230.22 2 0
github.com/kubernetes/kompose/pkg/transformer/kubernetes/k8sutils.go:234.3,234.57 1 0
github.com/kubernetes/kompose/pkg/transformer/kubernetes/k8sutils.go:238.3,240.29 2 0
github.com/kubernetes/kompose/pkg/transformer/kubernetes/k8sutils.go:230.22,232.4 1 0
github.com/kubernetes/kompose/pkg/transformer/kubernetes/k8sutils.go:234.57,236.4 1 0
github.com/kubernetes/kompose/pkg/transformer/kubernetes/k8sutils.go:240.29,242.18 2 0
github.com/kubernetes/kompose/pkg/transformer/kubernetes/k8sutils.go:245.4,246.18 2 0
github.com/kubernetes/kompose/pkg/transformer/kubernetes/k8sutils.go:250.4,253.52 3 0
github.com/kubernetes/kompose/pkg/transformer/kubernetes/k8sutils.go:273.4,274.18 2 0
github.com/kubernetes/kompose/pkg/transformer/kubernetes/k8sutils.go:278.4,278.31 1 0
github.com/kubernetes/kompose/pkg/transformer/kubernetes/k8sutils.go:242.18,244.5 1 0
github.com/kubernetes/kompose/pkg/transformer/kubernetes/k8sutils.go:246.18,248.5 1 0
github.com/kubernetes/kompose/pkg/transformer/kubernetes/k8sutils.go:253.52,261.5 2 0
github.com/kubernetes/kompose/pkg/transformer/kubernetes/k8sutils.go:261.10,271.5 3 0
github.com/kubernetes/kompose/pkg/transformer/kubernetes/k8sutils.go:274.18,276.5 1 0
github.com/kubernetes/kompose/pkg/transformer/kubernetes/k8sutils.go:281.21,283.17 2 0
github.com/kubernetes/kompose/pkg/transformer/kubernetes/k8sutils.go:283.17,285.4 1 0
github.com/kubernetes/kompose/pkg/transformer/kubernetes/k8sutils.go:291.88,293.16 1 0
github.com/kubernetes/kompose/pkg/transformer/kubernetes/k8sutils.go:298.2,298.16 1 0
github.com/kubernetes/kompose/pkg/transformer/kubernetes/k8sutils.go:301.2,301.8 1 0
github.com/kubernetes/kompose/pkg/transformer/kubernetes/k8sutils.go:293.16,295.3 1 0
github.com/kubernetes/kompose/pkg/transformer/kubernetes/k8sutils.go:295.8,297.3 1 0
github.com/kubernetes/kompose/pkg/transformer/kubernetes/k8sutils.go:298.16,300.3 1 0
github.com/kubernetes/kompose/pkg/transformer/kubernetes/k8sutils.go:305.55,314.16 3 0
github.com/kubernetes/kompose/pkg/transformer/kubernetes/k8sutils.go:318.2,321.48 4 0
github.com/kubernetes/kompose/pkg/transformer/kubernetes/k8sutils.go:324.2,324.23 1 0
github.com/kubernetes/kompose/pkg/transformer/kubernetes/k8sutils.go:314.16,316.3 1 0
github.com/kubernetes/kompose/pkg/transformer/kubernetes/k8sutils.go:321.48,323.3 1 0
github.com/kubernetes/kompose/pkg/transformer/kubernetes/k8sutils.go:330.67,332.16 2 0
github.com/kubernetes/kompose/pkg/transformer/kubernetes/k8sutils.go:336.2,337.16 2 0
github.com/kubernetes/kompose/pkg/transformer/kubernetes/k8sutils.go:341.2,341.15 1 0
github.com/kubernetes/kompose/pkg/transformer/kubernetes/k8sutils.go:332.16,334.3 1 0
github.com/kubernetes/kompose/pkg/transformer/kubernetes/k8sutils.go:337.16,339.3 1 0
github.com/kubernetes/kompose/pkg/transformer/kubernetes/k8sutils.go:346.101,349.51 1 0
github.com/kubernetes/kompose/pkg/transformer/kubernetes/k8sutils.go:353.2,353.17 1 0
github.com/kubernetes/kompose/pkg/transformer/kubernetes/k8sutils.go:349.51,351.3 1 0
github.com/kubernetes/kompose/pkg/transformer/kubernetes/k8sutils.go:371.69,373.2 1 20
github.com/kubernetes/kompose/pkg/transformer/kubernetes/k8sutils.go:375.123,378.21 3 0
github.com/kubernetes/kompose/pkg/transformer/kubernetes/k8sutils.go:382.2,382.21 1 0
github.com/kubernetes/kompose/pkg/transformer/kubernetes/k8sutils.go:386.2,386.13 1 0
github.com/kubernetes/kompose/pkg/transformer/kubernetes/k8sutils.go:378.21,381.3 2 0
github.com/kubernetes/kompose/pkg/transformer/kubernetes/k8sutils.go:382.21,385.3 2 0
github.com/kubernetes/kompose/pkg/transformer/kubernetes/k8sutils.go:389.118,400.2 6 0
github.com/kubernetes/kompose/pkg/transformer/kubernetes/k8sutils.go:403.119,410.39 4 17
github.com/kubernetes/kompose/pkg/transformer/kubernetes/k8sutils.go:418.2,421.12 3 17
github.com/kubernetes/kompose/pkg/transformer/kubernetes/k8sutils.go:410.39,413.3 2 0
github.com/kubernetes/kompose/pkg/transformer/kubernetes/k8sutils.go:413.8,415.3 1 17
github.com/kubernetes/kompose/pkg/transformer/kubernetes/k8sutils.go:429.127,447.2 8 1
github.com/kubernetes/kompose/pkg/transformer/kubernetes/k8sutils.go:450.151,454.16 2 20
github.com/kubernetes/kompose/pkg/transformer/kubernetes/k8sutils.go:459.2,460.16 2 20
github.com/kubernetes/kompose/pkg/transformer/kubernetes/k8sutils.go:464.2,464.28 1 20
github.com/kubernetes/kompose/pkg/transformer/kubernetes/k8sutils.go:473.2,473.16 1 20
github.com/kubernetes/kompose/pkg/transformer/kubernetes/k8sutils.go:482.2,482.16 1 20
github.com/kubernetes/kompose/pkg/transformer/kubernetes/k8sutils.go:489.2,498.60 4 20
github.com/kubernetes/kompose/pkg/transformer/kubernetes/k8sutils.go:620.2,620.50 1 20
github.com/kubernetes/kompose/pkg/transformer/kubernetes/k8sutils.go:625.2,625.31 1 20
github.com/kubernetes/kompose/pkg/transformer/kubernetes/k8sutils.go:639.2,639.12 1 20
github.com/kubernetes/kompose/pkg/transformer/kubernetes/k8sutils.go:454.16,456.3 1 0
github.com/kubernetes/kompose/pkg/transformer/kubernetes/k8sutils.go:460.16,462.3 1 0
github.com/kubernetes/kompose/pkg/transformer/kubernetes/k8sutils.go:464.28,471.3 3 10
github.com/kubernetes/kompose/pkg/transformer/kubernetes/k8sutils.go:473.16,477.25 1 11
github.com/kubernetes/kompose/pkg/transformer/kubernetes/k8sutils.go:477.25,479.4 1 11
github.com/kubernetes/kompose/pkg/transformer/kubernetes/k8sutils.go:482.16,483.25 1 0
github.com/kubernetes/kompose/pkg/transformer/kubernetes/k8sutils.go:483.25,485.4 1 0
github.com/kubernetes/kompose/pkg/transformer/kubernetes/k8sutils.go:498.60,499.37 1 19
github.com/kubernetes/kompose/pkg/transformer/kubernetes/k8sutils.go:502.3,513.70 10 19
github.com/kubernetes/kompose/pkg/transformer/kubernetes/k8sutils.go:538.3,538.36 1 19
github.com/kubernetes/kompose/pkg/transformer/kubernetes/k8sutils.go:545.3,551.24 3 19
github.com/kubernetes/kompose/pkg/transformer/kubernetes/k8sutils.go:560.3,560.30 1 19
github.com/kubernetes/kompose/pkg/transformer/kubernetes/k8sutils.go:565.3,566.25 2 19
github.com/kubernetes/kompose/pkg/transformer/kubernetes/k8sutils.go:569.3,569.25 1 19
github.com/kubernetes/kompose/pkg/transformer/kubernetes/k8sutils.go:580.3,580.62 1 19
github.com/kubernetes/kompose/pkg/transformer/kubernetes/k8sutils.go:585.3,585.50 1 19
github.com/kubernetes/kompose/pkg/transformer/kubernetes/k8sutils.go:588.3,588.72 1 19
github.com/kubernetes/kompose/pkg/transformer/kubernetes/k8sutils.go:591.3,595.83 3 19
github.com/kubernetes/kompose/pkg/transformer/kubernetes/k8sutils.go:602.3,602.74 1 19
github.com/kubernetes/kompose/pkg/transformer/kubernetes/k8sutils.go:609.3,609.29 1 19
github.com/kubernetes/kompose/pkg/transformer/kubernetes/k8sutils.go:612.3,612.31 1 19
github.com/kubernetes/kompose/pkg/transformer/kubernetes/k8sutils.go:616.3,616.13 1 19
github.com/kubernetes/kompose/pkg/transformer/kubernetes/k8sutils.go:499.37,501.4 1 17
github.com/kubernetes/kompose/pkg/transformer/kubernetes/k8sutils.go:513.70,516.42 2 0
github.com/kubernetes/kompose/pkg/transformer/kubernetes/k8sutils.go:526.4,535.54 5 0
github.com/kubernetes/kompose/pkg/transformer/kubernetes/k8sutils.go:516.42,522.5 1 0
github.com/kubernetes/kompose/pkg/transformer/kubernetes/k8sutils.go:522.10,524.5 1 0
github.com/kubernetes/kompose/pkg/transformer/kubernetes/k8sutils.go:538.36,540.18 2 0
github.com/kubernetes/kompose/pkg/transformer/kubernetes/k8sutils.go:540.18,542.5 1 0
github.com/kubernetes/kompose/pkg/transformer/kubernetes/k8sutils.go:551.24,552.29 1 2
github.com/kubernetes/kompose/pkg/transformer/kubernetes/k8sutils.go:552.30,554.5 0 1
github.com/kubernetes/kompose/pkg/transformer/kubernetes/k8sutils.go:554.10,556.5 1 1
github.com/kubernetes/kompose/pkg/transformer/kubernetes/k8sutils.go:560.30,562.4 1 9
github.com/kubernetes/kompose/pkg/transformer/kubernetes/k8sutils.go:566.25,568.4 1 13
github.com/kubernetes/kompose/pkg/transformer/kubernetes/k8sutils.go:569.25,571.18 2 1
github.com/kubernetes/kompose/pkg/transformer/kubernetes/k8sutils.go:571.18,573.5 1 0
github.com/kubernetes/kompose/pkg/transformer/kubernetes/k8sutils.go:573.10,575.5 1 1
github.com/kubernetes/kompose/pkg/transformer/kubernetes/k8sutils.go:580.62,582.4 1 13
github.com/kubernetes/kompose/pkg/transformer/kubernetes/k8sutils.go:585.50,587.4 1 13
github.com/kubernetes/kompose/pkg/transformer/kubernetes/k8sutils.go:588.72,590.4 1 9
github.com/kubernetes/kompose/pkg/transformer/kubernetes/k8sutils.go:595.83,597.4 1 0
github.com/kubernetes/kompose/pkg/transformer/kubernetes/k8sutils.go:597.9,599.4 1 19
github.com/kubernetes/kompose/pkg/transformer/kubernetes/k8sutils.go:602.74,604.4 1 0
github.com/kubernetes/kompose/pkg/transformer/kubernetes/k8sutils.go:604.9,606.4 1 19
github.com/kubernetes/kompose/pkg/transformer/kubernetes/k8sutils.go:609.29,611.4 1 0
github.com/kubernetes/kompose/pkg/transformer/kubernetes/k8sutils.go:612.31,614.4 1 0
github.com/kubernetes/kompose/pkg/transformer/kubernetes/k8sutils.go:620.50,622.3 1 17
github.com/kubernetes/kompose/pkg/transformer/kubernetes/k8sutils.go:625.31,627.17 2 49
github.com/kubernetes/kompose/pkg/transformer/kubernetes/k8sutils.go:630.3,630.31 1 49
github.com/kubernetes/kompose/pkg/transformer/kubernetes/k8sutils.go:627.17,629.4 1 0
github.com/kubernetes/kompose/pkg/transformer/kubernetes/k8sutils.go:630.31,631.33 1 33
github.com/kubernetes/kompose/pkg/transformer/kubernetes/k8sutils.go:632.28,633.71 1 7
github.com/kubernetes/kompose/pkg/transformer/kubernetes/k8sutils.go:634.37,635.74 1 0
github.com/kubernetes/kompose/pkg/transformer/kubernetes/k8sutils.go:643.90,645.52 1 19
github.com/kubernetes/kompose/pkg/transformer/kubernetes/k8sutils.go:660.2,660.64 1 19
github.com/kubernetes/kompose/pkg/transformer/kubernetes/k8sutils.go:674.2,674.8 1 19
github.com/kubernetes/kompose/pkg/transformer/kubernetes/k8sutils.go:645.52,648.28 2 2
github.com/kubernetes/kompose/pkg/transformer/kubernetes/k8sutils.go:652.3,652.28 1 2
github.com/kubernetes/kompose/pkg/transformer/kubernetes/k8sutils.go:656.3,656.63 1 2
github.com/kubernetes/kompose/pkg/transformer/kubernetes/k8sutils.go:648.28,650.4 1 1
github.com/kubernetes/kompose/pkg/transformer/kubernetes/k8sutils.go:652.28,654.4 1 1
github.com/kubernetes/kompose/pkg/transformer/kubernetes/k8sutils.go:660.64,663.34 2 2
github.com/kubernetes/kompose/pkg/transformer/kubernetes/k8sutils.go:667.3,667.34 1 2
github.com/kubernetes/kompose/pkg/transformer/kubernetes/k8sutils.go:671.3,671.68 1 2
github.com/kubernetes/kompose/pkg/transformer/kubernetes/k8sutils.go:663.34,665.4 1 1
github.com/kubernetes/kompose/pkg/transformer/kubernetes/k8sutils.go:667.34,669.4 1 1
github.com/kubernetes/kompose/pkg/transformer/kubernetes/k8sutils.go:679.70,680.16 1 19
github.com/kubernetes/kompose/pkg/transformer/kubernetes/k8sutils.go:691.2,691.16 1 19
github.com/kubernetes/kompose/pkg/transformer/kubernetes/k8sutils.go:681.10,681.10 0 19
github.com/kubernetes/kompose/pkg/transformer/kubernetes/k8sutils.go:682.16,683.29 1 0
github.com/kubernetes/kompose/pkg/transformer/kubernetes/k8sutils.go:684.15,685.28 1 0
github.com/kubernetes/kompose/pkg/transformer/kubernetes/k8sutils.go:686.22,687.35 1 0
github.com/kubernetes/kompose/pkg/transformer/kubernetes/k8sutils.go:688.10,689.88 1 0
github.com/kubernetes/kompose/pkg/transformer/kubernetes/k8sutils.go:696.72,697.17 1 19
github.com/kubernetes/kompose/pkg/transformer/kubernetes/k8sutils.go:698.27,699.38 1 17
github.com/kubernetes/kompose/pkg/transformer/kubernetes/k8sutils.go:700.20,701.37 1 1
github.com/kubernetes/kompose/pkg/transformer/kubernetes/k8sutils.go:702.20,703.41 1 1
github.com/kubernetes/kompose/pkg/transformer/kubernetes/k8sutils.go:704.10,705.86 1 0
github.com/kubernetes/kompose/pkg/transformer/kubernetes/k8sutils.go:712.64,715.28 2 20
github.com/kubernetes/kompose/pkg/transformer/kubernetes/k8sutils.go:722.2,724.13 3 20
github.com/kubernetes/kompose/pkg/transformer/kubernetes/k8sutils.go:715.28,716.63 1 81
github.com/kubernetes/kompose/pkg/transformer/kubernetes/k8sutils.go:716.63,718.4 1 17
github.com/kubernetes/kompose/pkg/transformer/kubernetes/k8sutils.go:718.9,720.4 1 64
github.com/kubernetes/kompose/pkg/transformer/kubernetes/k8sutils.go:731.63,734.28 3 20
github.com/kubernetes/kompose/pkg/transformer/kubernetes/k8sutils.go:749.2,749.16 1 20
github.com/kubernetes/kompose/pkg/transformer/kubernetes/k8sutils.go:734.28,735.40 1 81
github.com/kubernetes/kompose/pkg/transformer/kubernetes/k8sutils.go:735.40,737.16 2 81
github.com/kubernetes/kompose/pkg/transformer/kubernetes/k8sutils.go:737.16,739.13 2 0
github.com/kubernetes/kompose/pkg/transformer/kubernetes/k8sutils.go:740.10,743.5 2 81
github.com/kubernetes/kompose/pkg/transformer/kubernetes/k8sutils.go:744.9,746.4 1 0
github.com/kubernetes/kompose/pkg/transformer/kubernetes/k8sutils.go:753.63,755.49 2 21
github.com/kubernetes/kompose/pkg/transformer/kubernetes/k8sutils.go:758.2,759.19 2 21
github.com/kubernetes/kompose/pkg/transformer/kubernetes/k8sutils.go:755.49,757.3 1 22
github.com/kubernetes/kompose/pkg/transformer/kubernetes/k8sutils.go:763.56,764.13 1 5
github.com/kubernetes/kompose/pkg/transformer/kubernetes/k8sutils.go:767.2,768.16 2 4
github.com/kubernetes/kompose/pkg/transformer/kubernetes/k8sutils.go:771.2,772.16 2 2
github.com/kubernetes/kompose/pkg/transformer/kubernetes/k8sutils.go:764.13,766.3 1 1
github.com/kubernetes/kompose/pkg/transformer/kubernetes/k8sutils.go:768.16,770.3 1 2
github.com/kubernetes/kompose/pkg/transformer/kubernetes/k8sutils.go:776.90,779.16 2 0
github.com/kubernetes/kompose/pkg/transformer/kubernetes/k8sutils.go:782.2,786.16 3 0
github.com/kubernetes/kompose/pkg/transformer/kubernetes/k8sutils.go:790.2,790.21 1 0
github.com/kubernetes/kompose/pkg/transformer/kubernetes/k8sutils.go:779.16,781.3 1 0
github.com/kubernetes/kompose/pkg/transformer/kubernetes/k8sutils.go:786.16,788.3 1 0
github.com/kubernetes/kompose/pkg/transformer/kubernetes/k8sutils.go:794.54,796.16 2 0
github.com/kubernetes/kompose/pkg/transformer/kubernetes/k8sutils.go:799.2,799.31 1 0
github.com/kubernetes/kompose/pkg/transformer/kubernetes/k8sutils.go:796.16,798.3 1 0
github.com/kubernetes/kompose/pkg/transformer/kubernetes/k8sutils.go:803.40,808.2 4 0
github.com/kubernetes/kompose/pkg/transformer/kubernetes/k8sutils.go:811.41,819.2 2 0
github.com/kubernetes/kompose/pkg/transformer/kubernetes/k8sutils.go:822.46,826.2 2 17
github.com/kubernetes/kompose/pkg/transformer/kubernetes/kubernetes.go:79.121,83.61 2 0
github.com/kubernetes/kompose/pkg/transformer/kubernetes/kubernetes.go:109.2,109.18 1 0
github.com/kubernetes/kompose/pkg/transformer/kubernetes/kubernetes.go:83.61,88.32 3 0
github.com/kubernetes/kompose/pkg/transformer/kubernetes/kubernetes.go:88.32,90.69 1 0
github.com/kubernetes/kompose/pkg/transformer/kubernetes/kubernetes.go:90.69,92.38 1 0
github.com/kubernetes/kompose/pkg/transformer/kubernetes/kubernetes.go:92.38,95.75 1 0
github.com/kubernetes/kompose/pkg/transformer/kubernetes/kubernetes.go:102.6,104.37 3 0
github.com/kubernetes/kompose/pkg/transformer/kubernetes/kubernetes.go:95.75,96.27 1 0
github.com/kubernetes/kompose/pkg/transformer/kubernetes/kubernetes.go:96.27,98.16 1 0
github.com/kubernetes/kompose/pkg/transformer/kubernetes/kubernetes.go:113.92,115.17 1 20
github.com/kubernetes/kompose/pkg/transformer/kubernetes/kubernetes.go:119.2,127.22 2 20
github.com/kubernetes/kompose/pkg/transformer/kubernetes/kubernetes.go:134.2,134.12 1 20
github.com/kubernetes/kompose/pkg/transformer/kubernetes/kubernetes.go:115.17,117.3 1 0
github.com/kubernetes/kompose/pkg/transformer/kubernetes/kubernetes.go:127.22,133.3 1 0
github.com/kubernetes/kompose/pkg/transformer/kubernetes/kubernetes.go:138.117,142.40 3 0
github.com/kubernetes/kompose/pkg/transformer/kubernetes/kubernetes.go:184.2,194.12 2 0
github.com/kubernetes/kompose/pkg/transformer/kubernetes/kubernetes.go:142.40,145.19 3 0
github.com/kubernetes/kompose/pkg/transformer/kubernetes/kubernetes.go:149.3,154.17 5 0
github.com/kubernetes/kompose/pkg/transformer/kubernetes/kubernetes.go:159.3,164.24 2 0
github.com/kubernetes/kompose/pkg/transformer/kubernetes/kubernetes.go:169.3,180.35 3 0
github.com/kubernetes/kompose/pkg/transformer/kubernetes/kubernetes.go:145.19,148.4 1 0
github.com/kubernetes/kompose/pkg/transformer/kubernetes/kubernetes.go:154.17,157.12 2 0
github.com/kubernetes/kompose/pkg/transformer/kubernetes/kubernetes.go:164.24,167.4 2 0
github.com/kubernetes/kompose/pkg/transformer/kubernetes/kubernetes.go:198.87,213.2 2 18
github.com/kubernetes/kompose/pkg/transformer/kubernetes/kubernetes.go:216.145,219.16 2 0
github.com/kubernetes/kompose/pkg/transformer/kubernetes/kubernetes.go:225.2,240.18 3 0
github.com/kubernetes/kompose/pkg/transformer/kubernetes/kubernetes.go:219.16,221.3 1 0
github.com/kubernetes/kompose/pkg/transformer/kubernetes/kubernetes.go:246.135,260.16 4 0
github.com/kubernetes/kompose/pkg/transformer/kubernetes/kubernetes.go:264.2,264.28 1 0
github.com/kubernetes/kompose/pkg/transformer/kubernetes/kubernetes.go:292.2,292.23 1 0
github.com/kubernetes/kompose/pkg/transformer/kubernetes/kubernetes.go:260.16,262.3 1 0
github.com/kubernetes/kompose/pkg/transformer/kubernetes/kubernetes.go:265.20,267.17 2 0
github.com/kubernetes/kompose/pkg/transformer/kubernetes/kubernetes.go:271.3,271.30 1 0
github.com/kubernetes/kompose/pkg/transformer/kubernetes/kubernetes.go:281.3,281.27 1 0
github.com/kubernetes/kompose/pkg/transformer/kubernetes/kubernetes.go:283.24,289.4 3 0
github.com/kubernetes/kompose/pkg/transformer/kubernetes/kubernetes.go:267.17,269.4 1 0
github.com/kubernetes/kompose/pkg/transformer/kubernetes/kubernetes.go:271.30,272.21 1 0
github.com/kubernetes/kompose/pkg/transformer/kubernetes/kubernetes.go:272.21,275.19 3 0
github.com/kubernetes/kompose/pkg/transformer/kubernetes/kubernetes.go:278.5,278.32 1 0
github.com/kubernetes/kompose/pkg/transformer/kubernetes/kubernetes.go:275.19,277.6 1 0
github.com/kubernetes/kompose/pkg/transformer/kubernetes/kubernetes.go:297.46,298.27 1 0
github.com/kubernetes/kompose/pkg/transformer/kubernetes/kubernetes.go:301.2,301.45 1 0
github.com/kubernetes/kompose/pkg/transformer/kubernetes/kubernetes.go:304.2,304.13 1 0
github.com/kubernetes/kompose/pkg/transformer/kubernetes/kubernetes.go:298.27,300.3 1 0
github.com/kubernetes/kompose/pkg/transformer/kubernetes/kubernetes.go:301.45,303.3 1 0
github.com/kubernetes/kompose/pkg/transformer/kubernetes/kubernetes.go:308.120,310.16 2 0
github.com/kubernetes/kompose/pkg/transformer/kubernetes/kubernetes.go:314.2,318.54 4 0
github.com/kubernetes/kompose/pkg/transformer/kubernetes/kubernetes.go:323.2,334.18 2 0
github.com/kubernetes/kompose/pkg/transformer/kubernetes/kubernetes.go:310.16,312.3 1 0
github.com/kubernetes/kompose/pkg/transformer/kubernetes/kubernetes.go:318.54,319.33 1 0
github.com/kubernetes/kompose/pkg/transformer/kubernetes/kubernetes.go:319.33,321.4 1 0
github.com/kubernetes/kompose/pkg/transformer/kubernetes/kubernetes.go:338.105,341.30 2 14
github.com/kubernetes/kompose/pkg/transformer/kubernetes/kubernetes.go:347.2,375.19 5 14
github.com/kubernetes/kompose/pkg/transformer/kubernetes/kubernetes.go:383.2,383.11 1 14
github.com/kubernetes/kompose/pkg/transformer/kubernetes/kubernetes.go:341.30,343.3 1 0
github.com/kubernetes/kompose/pkg/transformer/kubernetes/kubernetes.go:343.8,345.3 1 14
github.com/kubernetes/kompose/pkg/transformer/kubernetes/kubernetes.go:375.19,381.3 2 0
github.com/kubernetes/kompose/pkg/transformer/kubernetes/kubernetes.go:387.91,404.2 2 3
github.com/kubernetes/kompose/pkg/transformer/kubernetes/kubernetes.go:406.117,425.29 4 2
github.com/kubernetes/kompose/pkg/transformer/kubernetes/kubernetes.go:449.2,449.36 1 2
github.com/kubernetes/kompose/pkg/transformer/kubernetes/kubernetes.go:466.2,466.16 1 2
github.com/kubernetes/kompose/pkg/transformer/kubernetes/kubernetes.go:425.29,444.21 3 2
github.com/kubernetes/kompose/pkg/transformer/kubernetes/kubernetes.go:444.21,447.4 2 1
github.com/kubernetes/kompose/pkg/transformer/kubernetes/kubernetes.go:449.36,450.41 1 0
github.com/kubernetes/kompose/pkg/transformer/kubernetes/kubernetes.go:450.41,457.4 1 0
github.com/kubernetes/kompose/pkg/transformer/kubernetes/kubernetes.go:457.9,463.4 1 0
github.com/kubernetes/kompose/pkg/transformer/kubernetes/kubernetes.go:470.96,472.50 2 0
github.com/kubernetes/kompose/pkg/transformer/kubernetes/kubernetes.go:497.2,497.21 1 0
github.com/kubernetes/kompose/pkg/transformer/kubernetes/kubernetes.go:472.50,473.24 1 0
github.com/kubernetes/kompose/pkg/transformer/kubernetes/kubernetes.go:473.24,475.18 2 0
github.com/kubernetes/kompose/pkg/transformer/kubernetes/kubernetes.go:479.4,492.37 3 0
github.com/kubernetes/kompose/pkg/transformer/kubernetes/kubernetes.go:475.18,478.5 2 0
github.com/kubernetes/kompose/pkg/transformer/kubernetes/kubernetes.go:493.9,495.4 1 0
github.com/kubernetes/kompose/pkg/transformer/kubernetes/kubernetes.go:502.129,504.16 2 11
github.com/kubernetes/kompose/pkg/transformer/kubernetes/kubernetes.go:508.2,526.28 2 11
github.com/kubernetes/kompose/pkg/transformer/kubernetes/kubernetes.go:532.2,532.18 1 11
github.com/kubernetes/kompose/pkg/transformer/kubernetes/kubernetes.go:537.2,537.17 1 11
github.com/kubernetes/kompose/pkg/transformer/kubernetes/kubernetes.go:504.16,506.3 1 0
github.com/kubernetes/kompose/pkg/transformer/kubernetes/kubernetes.go:526.28,530.3 1 0
github.com/kubernetes/kompose/pkg/transformer/kubernetes/kubernetes.go:532.18,534.3 1 0
github.com/kubernetes/kompose/pkg/transformer/kubernetes/kubernetes.go:534.8,536.3 1 11
github.com/kubernetes/kompose/pkg/transformer/kubernetes/kubernetes.go:541.98,544.36 3 20
github.com/kubernetes/kompose/pkg/transformer/kubernetes/kubernetes.go:566.2,566.14 1 20
github.com/kubernetes/kompose/pkg/transformer/kubernetes/kubernetes.go:544.36,546.62 1 26
github.com/kubernetes/kompose/pkg/transformer/kubernetes/kubernetes.go:550.3,550.39 1 26
github.com/kubernetes/kompose/pkg/transformer/kubernetes/kubernetes.go:562.3,562.65 1 26
github.com/kubernetes/kompose/pkg/transformer/kubernetes/kubernetes.go:546.62,547.12 1 0
github.com/kubernetes/kompose/pkg/transformer/kubernetes/kubernetes.go:550.39,555.4 1 6
github.com/kubernetes/kompose/pkg/transformer/kubernetes/kubernetes.go:555.9,561.4 1 20
github.com/kubernetes/kompose/pkg/transformer/kubernetes/kubernetes.go:569.126,572.36 3 0
github.com/kubernetes/kompose/pkg/transformer/kubernetes/kubernetes.go:597.2,597.27 1 0
github.com/kubernetes/kompose/pkg/transformer/kubernetes/kubernetes.go:572.36,573.25 1 0
github.com/kubernetes/kompose/pkg/transformer/kubernetes/kubernetes.go:576.3,587.39 5 0
github.com/kubernetes/kompose/pkg/transformer/kubernetes/kubernetes.go:591.3,591.39 1 0
github.com/kubernetes/kompose/pkg/transformer/kubernetes/kubernetes.go:573.25,575.4 1 0
github.com/kubernetes/kompose/pkg/transformer/kubernetes/kubernetes.go:587.39,589.4 1 0
github.com/kubernetes/kompose/pkg/transformer/kubernetes/kubernetes.go:591.39,593.4 1 0
github.com/kubernetes/kompose/pkg/transformer/kubernetes/kubernetes.go:593.9,595.4 1 0
github.com/kubernetes/kompose/pkg/transformer/kubernetes/kubernetes.go:602.103,607.36 4 17
github.com/kubernetes/kompose/pkg/transformer/kubernetes/kubernetes.go:644.2,644.21 1 17
github.com/kubernetes/kompose/pkg/transformer/kubernetes/kubernetes.go:607.36,608.25 1 27
github.com/kubernetes/kompose/pkg/transformer/kubernetes/kubernetes.go:612.3,618.49 5 27
github.com/kubernetes/kompose/pkg/transformer/kubernetes/kubernetes.go:626.3,632.90 2 27
github.com/kubernetes/kompose/pkg/transformer/kubernetes/kubernetes.go:637.3,637.39 1 27
github.com/kubernetes/kompose/pkg/transformer/kubernetes/kubernetes.go:641.3,642.45 2 27
github.com/kubernetes/kompose/pkg/transformer/kubernetes/kubernetes.go:608.25,610.4 1 0
github.com/kubernetes/kompose/pkg/transformer/kubernetes/kubernetes.go:618.49,620.66 1 10
github.com/kubernetes/kompose/pkg/transformer/kubernetes/kubernetes.go:623.4,623.77 1 10
github.com/kubernetes/kompose/pkg/transformer/kubernetes/kubernetes.go:620.66,622.5 1 0
github.com/kubernetes/kompose/pkg/transformer/kubernetes/kubernetes.go:632.90,634.4 1 0
github.com/kubernetes/kompose/pkg/transformer/kubernetes/kubernetes.go:637.39,639.4 1 20
github.com/kubernetes/kompose/pkg/transformer/kubernetes/kubernetes.go:648.90,651.40 3 22
github.com/kubernetes/kompose/pkg/transformer/kubernetes/kubernetes.go:654.2,654.42 1 22
github.com/kubernetes/kompose/pkg/transformer/kubernetes/kubernetes.go:657.2,660.3 1 22
github.com/kubernetes/kompose/pkg/transformer/kubernetes/kubernetes.go:651.40,653.3 1 16
github.com/kubernetes/kompose/pkg/transformer/kubernetes/kubernetes.go:654.42,656.3 1 15
github.com/kubernetes/kompose/pkg/transformer/kubernetes/kubernetes.go:664.112,669.43 3 11
github.com/kubernetes/kompose/pkg/transformer/kubernetes/kubernetes.go:690.2,690.30 1 11
github.com/kubernetes/kompose/pkg/transformer/kubernetes/kubernetes.go:669.43,689.3 7 11
github.com/kubernetes/kompose/pkg/transformer/kubernetes/kubernetes.go:699.120,702.30 3 20
github.com/kubernetes/kompose/pkg/transformer/kubernetes/kubernetes.go:770.2,770.30 1 20
github.com/kubernetes/kompose/pkg/transformer/kubernetes/kubernetes.go:702.30,703.48 1 0
github.com/kubernetes/kompose/pkg/transformer/kubernetes/kubernetes.go:703.48,704.30 1 0
github.com/kubernetes/kompose/pkg/transformer/kubernetes/kubernetes.go:707.4,707.30 1 0
github.com/kubernetes/kompose/pkg/transformer/kubernetes/kubernetes.go:711.4,714.33 3 0
github.com/kubernetes/kompose/pkg/transformer/kubernetes/kubernetes.go:742.4,752.32 2 0
github.com/kubernetes/kompose/pkg/transformer/kubernetes/kubernetes.go:757.4,767.49 4 0
github.com/kubernetes/kompose/pkg/transformer/kubernetes/kubernetes.go:704.30,706.5 1 0
github.com/kubernetes/kompose/pkg/transformer/kubernetes/kubernetes.go:707.30,709.5 1 0
github.com/kubernetes/kompose/pkg/transformer/kubernetes/kubernetes.go:714.33,719.5 2 0
github.com/kubernetes/kompose/pkg/transformer/kubernetes/kubernetes.go:719.10,725.40 3 0
github.com/kubernetes/kompose/pkg/transformer/kubernetes/kubernetes.go:734.5,734.61 1 0
github.com/kubernetes/kompose/pkg/transformer/kubernetes/kubernetes.go:739.5,739.24 1 0
github.com/kubernetes/kompose/pkg/transformer/kubernetes/kubernetes.go:725.40,728.6 1 0
github.com/kubernetes/kompose/pkg/transformer/kubernetes/kubernetes.go:728.11,731.6 1 0
github.com/kubernetes/kompose/pkg/transformer/kubernetes/kubernetes.go:734.61,737.6 1 0
github.com/kubernetes/kompose/pkg/transformer/kubernetes/kubernetes.go:752.32,755.5 2 0
github.com/kubernetes/kompose/pkg/transformer/kubernetes/kubernetes.go:774.169,787.33 9 20
github.com/kubernetes/kompose/pkg/transformer/kubernetes/kubernetes.go:792.2,798.41 5 20
github.com/kubernetes/kompose/pkg/transformer/kubernetes/kubernetes.go:889.2,889.46 1 20
github.com/kubernetes/kompose/pkg/transformer/kubernetes/kubernetes.go:787.33,789.3 1 0
github.com/kubernetes/kompose/pkg/transformer/kubernetes/kubernetes.go:798.41,803.30 2 11
github.com/kubernetes/kompose/pkg/transformer/kubernetes/kubernetes.go:817.3,827.22 3 11
github.com/kubernetes/kompose/pkg/transformer/kubernetes/kubernetes.go:874.3,883.62 4 11
github.com/kubernetes/kompose/pkg/transformer/kubernetes/kubernetes.go:803.30,804.23 1 11
github.com/kubernetes/kompose/pkg/transformer/kubernetes/kubernetes.go:813.4,813.11 1 11
github.com/kubernetes/kompose/pkg/transformer/kubernetes/kubernetes.go:804.23,806.5 1 0
github.com/kubernetes/kompose/pkg/transformer/kubernetes/kubernetes.go:806.10,806.26 1 11
github.com/kubernetes/kompose/pkg/transformer/kubernetes/kubernetes.go:806.26,808.5 1 0
github.com/kubernetes/kompose/pkg/transformer/kubernetes/kubernetes.go:808.10,808.27 1 11
github.com/kubernetes/kompose/pkg/transformer/kubernetes/kubernetes.go:808.27,810.5 1 0
github.com/kubernetes/kompose/pkg/transformer/kubernetes/kubernetes.go:810.10,812.5 1 11
github.com/kubernetes/kompose/pkg/transformer/kubernetes/kubernetes.go:814.9,816.4 1 0
github.com/kubernetes/kompose/pkg/transformer/kubernetes/kubernetes.go:827.22,829.4 1 0
github.com/kubernetes/kompose/pkg/transformer/kubernetes/kubernetes.go:829.9,829.25 1 11
github.com/kubernetes/kompose/pkg/transformer/kubernetes/kubernetes.go:829.25,831.18 2 0
github.com/kubernetes/kompose/pkg/transformer/kubernetes/kubernetes.go:834.4,834.22 1 0
github.com/kubernetes/kompose/pkg/transformer/kubernetes/kubernetes.go:831.18,833.5 1 0
github.com/kubernetes/kompose/pkg/transformer/kubernetes/kubernetes.go:835.9,835.26 1 11
github.com/kubernetes/kompose/pkg/transformer/kubernetes/kubernetes.go:835.26,838.99 2 0
github.com/kubernetes/kompose/pkg/transformer/kubernetes/kubernetes.go:838.99,840.5 1 0
github.com/kubernetes/kompose/pkg/transformer/kubernetes/kubernetes.go:840.10,844.28 3 0
github.com/kubernetes/kompose/pkg/transformer/kubernetes/kubernetes.go:844.28,846.6 1 0
github.com/kubernetes/kompose/pkg/transformer/kubernetes/kubernetes.go:849.9,851.26 2 11
github.com/kubernetes/kompose/pkg/transformer/kubernetes/kubernetes.go:851.26,854.32 2 11
github.com/kubernetes/kompose/pkg/transformer/kubernetes/kubernetes.go:864.5,866.19 2 11
github.com/kubernetes/kompose/pkg/transformer/kubernetes/kubernetes.go:870.5,870.36 1 11
github.com/kubernetes/kompose/pkg/transformer/kubernetes/kubernetes.go:854.32,856.6 1 0
github.com/kubernetes/kompose/pkg/transformer/kubernetes/kubernetes.go:856.11,857.45 1 11
github.com/kubernetes/kompose/pkg/transformer/kubernetes/kubernetes.go:857.45,858.39 1 0
github.com/kubernetes/kompose/pkg/transformer/kubernetes/kubernetes.go:858.39,860.8 1 0
github.com/kubernetes/kompose/pkg/transformer/kubernetes/kubernetes.go:866.19,868.6 1 0
github.com/kubernetes/kompose/pkg/transformer/kubernetes/kubernetes.go:883.62,885.4 1 0
github.com/kubernetes/kompose/pkg/transformer/kubernetes/kubernetes.go:894.76,896.20 1 11
github.com/kubernetes/kompose/pkg/transformer/kubernetes/kubernetes.go:904.2,906.3 1 0
github.com/kubernetes/kompose/pkg/transformer/kubernetes/kubernetes.go:896.20,901.3 1 11
github.com/kubernetes/kompose/pkg/transformer/kubernetes/kubernetes.go:911.121,914.25 3 0
github.com/kubernetes/kompose/pkg/transformer/kubernetes/kubernetes.go:928.2,930.3 1 0
github.com/kubernetes/kompose/pkg/transformer/kubernetes/kubernetes.go:914.25,916.26 2 0
github.com/kubernetes/kompose/pkg/transformer/kubernetes/kubernetes.go:919.3,926.4 3 0
github.com/kubernetes/kompose/pkg/transformer/kubernetes/kubernetes.go:916.26,918.4 1 0
github.com/kubernetes/kompose/pkg/transformer/kubernetes/kubernetes.go:935.89,937.16 2 0
github.com/kubernetes/kompose/pkg/transformer/kubernetes/kubernetes.go:940.2,941.27 2 0
github.com/kubernetes/kompose/pkg/transformer/kubernetes/kubernetes.go:945.2,947.8 1 0
github.com/kubernetes/kompose/pkg/transformer/kubernetes/kubernetes.go:937.16,939.3 1 0
github.com/kubernetes/kompose/pkg/transformer/kubernetes/kubernetes.go:941.27,943.3 1 0
github.com/kubernetes/kompose/pkg/transformer/kubernetes/kubernetes.go:951.90,958.2 1 11
github.com/kubernetes/kompose/pkg/transformer/kubernetes/kubernetes.go:961.127,970.30 3 20
github.com/kubernetes/kompose/pkg/transformer/kubernetes/kubernetes.go:1002.2,1002.40 1 20
github.com/kubernetes/kompose/pkg/transformer/kubernetes/kubernetes.go:1015.2,1016.18 2 20
github.com/kubernetes/kompose/pkg/transformer/kubernetes/kubernetes.go:970.30,974.40 1 0
github.com/kubernetes/kompose/pkg/transformer/kubernetes/kubernetes.go:974.40,980.18 3 0
github.com/kubernetes/kompose/pkg/transformer/kubernetes/kubernetes.go:985.4,985.27 1 0
github.com/kubernetes/kompose/pkg/transformer/kubernetes/kubernetes.go:980.18,982.5 1 0
github.com/kubernetes/kompose/pkg/transformer/kubernetes/kubernetes.go:985.27,997.5 2 0
github.com/kubernetes/kompose/pkg/transformer/kubernetes/kubernetes.go:1002.40,1003.31 1 16
github.com/kubernetes/kompose/pkg/transformer/kubernetes/kubernetes.go:1003.31,1008.4 1 16
github.com/kubernetes/kompose/pkg/transformer/kubernetes/kubernetes.go:1020.135,1024.51 3 18
github.com/kubernetes/kompose/pkg/transformer/kubernetes/kubernetes.go:1031.2,1031.36 1 18
github.com/kubernetes/kompose/pkg/transformer/kubernetes/kubernetes.go:1043.2,1043.64 1 18
github.com/kubernetes/kompose/pkg/transformer/kubernetes/kubernetes.go:1053.2,1053.30 1 18
github.com/kubernetes/kompose/pkg/transformer/kubernetes/kubernetes.go:1057.2,1057.59 1 18
github.com/kubernetes/kompose/pkg/transformer/kubernetes/kubernetes.go:1061.2,1061.59 1 18
github.com/kubernetes/kompose/pkg/transformer/kubernetes/kubernetes.go:1065.2,1065.30 1 18
github.com/kubernetes/kompose/pkg/transformer/kubernetes/kubernetes.go:1072.2,1072.16 1 18
github.com/kubernetes/kompose/pkg/transformer/kubernetes/kubernetes.go:1024.51,1026.3 1 10
github.com/kubernetes/kompose/pkg/transformer/kubernetes/kubernetes.go:1026.8,1028.3 1 8
github.com/kubernetes/kompose/pkg/transformer/kubernetes/kubernetes.go:1031.36,1033.27 1 0
github.com/kubernetes/kompose/pkg/transformer/kubernetes/kubernetes.go:1033.27,1036.4 2 0
github.com/kubernetes/kompose/pkg/transformer/kubernetes/kubernetes.go:1036.9,1036.43 1 0
github.com/kubernetes/kompose/pkg/transformer/kubernetes/kubernetes.go:1036.43,1038.4 1 0
github.com/kubernetes/kompose/pkg/transformer/kubernetes/kubernetes.go:1043.64,1047.27 4 0
github.com/kubernetes/kompose/pkg/transformer/kubernetes/kubernetes.go:1050.3,1050.23 1 0
github.com/kubernetes/kompose/pkg/transformer/kubernetes/kubernetes.go:1047.27,1049.4 1 0
github.com/kubernetes/kompose/pkg/transformer/kubernetes/kubernetes.go:1053.30,1055.3 1 0
github.com/kubernetes/kompose/pkg/transformer/kubernetes/kubernetes.go:1057.59,1059.3 1 14
github.com/kubernetes/kompose/pkg/transformer/kubernetes/kubernetes.go:1061.59,1063.3 1 3
github.com/kubernetes/kompose/pkg/transformer/kubernetes/kubernetes.go:1065.30,1066.43 1 0
github.com/kubernetes/kompose/pkg/transformer/kubernetes/kubernetes.go:1066.43,1069.4 2 0
github.com/kubernetes/kompose/pkg/transformer/kubernetes/kubernetes.go:1075.170,1076.41 1 0
github.com/kubernetes/kompose/pkg/transformer/kubernetes/kubernetes.go:1086.2,1086.16 1 0
github.com/kubernetes/kompose/pkg/transformer/kubernetes/kubernetes.go:1076.41,1079.41 3 0
github.com/kubernetes/kompose/pkg/transformer/kubernetes/kubernetes.go:1082.3,1084.39 3 0
github.com/kubernetes/kompose/pkg/transformer/kubernetes/kubernetes.go:1079.41,1080.12 1 0
github.com/kubernetes/kompose/pkg/transformer/kubernetes/kubernetes.go:1090.83,1104.2 2 2
github.com/kubernetes/kompose/pkg/transformer/kubernetes/kubernetes.go:1107.112,1134.2 3 32
github.com/kubernetes/kompose/pkg/transformer/kubernetes/kubernetes.go:1138.123,1143.34 2 20
github.com/kubernetes/kompose/pkg/transformer/kubernetes/kubernetes.go:1153.2,1154.34 2 20
github.com/kubernetes/kompose/pkg/transformer/kubernetes/kubernetes.go:1255.2,1259.24 3 20
github.com/kubernetes/kompose/pkg/transformer/kubernetes/kubernetes.go:1143.34,1145.17 2 0
github.com/kubernetes/kompose/pkg/transformer/kubernetes/kubernetes.go:1148.3,1148.32 1 0
github.com/kubernetes/kompose/pkg/transformer/kubernetes/kubernetes.go:1145.17,1147.4 1 0
github.com/kubernetes/kompose/pkg/transformer/kubernetes/kubernetes.go:1148.32,1150.4 1 0
github.com/kubernetes/kompose/pkg/transformer/kubernetes/kubernetes.go:1154.34,1165.75 4 20
github.com/kubernetes/kompose/pkg/transformer/kubernetes/kubernetes.go:1195.3,1195.93 1 20
github.com/kubernetes/kompose/pkg/transformer/kubernetes/kubernetes.go:1203.3,1203.28 1 20
github.com/kubernetes/kompose/pkg/transformer/kubernetes/kubernetes.go:1229.3,1230.17 2 20
github.com/kubernetes/kompose/pkg/transformer/kubernetes/kubernetes.go:1234.3,1234.31 1 20
github.com/kubernetes/kompose/pkg/transformer/kubernetes/kubernetes.go:1250.3,1250.46 1 20
github.com/kubernetes/kompose/pkg/transformer/kubernetes/kubernetes.go:1165.75,1168.27 1 0
github.com/kubernetes/kompose/pkg/transformer/kubernetes/kubernetes.go:1172.4,1172.27 1 0
github.com/kubernetes/kompose/pkg/transformer/kubernetes/kubernetes.go:1176.4,1180.18 3 0
github.com/kubernetes/kompose/pkg/transformer/kubernetes/kubernetes.go:1185.4,1185.21 1 0
github.com/kubernetes/kompose/pkg/transformer/kubernetes/kubernetes.go:1168.27,1170.5 1 0
github.com/kubernetes/kompose/pkg/transformer/kubernetes/kubernetes.go:1172.27,1174.5 1 0
github.com/kubernetes/kompose/pkg/transformer/kubernetes/kubernetes.go:1180.18,1182.5 1 0
github.com/kubernetes/kompose/pkg/transformer/kubernetes/kubernetes.go:1185.21,1188.19 3 0
github.com/kubernetes/kompose/pkg/transformer/kubernetes/kubernetes.go:1188.19,1190.6 1 0
github.com/kubernetes/kompose/pkg/transformer/kubernetes/kubernetes.go:1195.93,1199.4 3 2
github.com/kubernetes/kompose/pkg/transformer/kubernetes/kubernetes.go:1199.9,1201.4 1 18
github.com/kubernetes/kompose/pkg/transformer/kubernetes/kubernetes.go:1203.28,1204.45 1 16
github.com/kubernetes/kompose/pkg/transformer/kubernetes/kubernetes.go:1204.45,1206.30 2 0
github.com/kubernetes/kompose/pkg/transformer/kubernetes/kubernetes.go:1209.5,1209.22 1 0
github.com/kubernetes/kompose/pkg/transformer/kubernetes/kubernetes.go:1206.30,1208.6 1 0
github.com/kubernetes/kompose/pkg/transformer/kubernetes/kubernetes.go:1209.22,1211.6 1 0
github.com/kubernetes/kompose/pkg/transformer/kubernetes/kubernetes.go:1212.10,1215.36 3 16
github.com/kubernetes/kompose/pkg/transformer/kubernetes/kubernetes.go:1215.36,1217.6 1 2
github.com/kubernetes/kompose/pkg/transformer/kubernetes/kubernetes.go:1220.9,1221.41 1 4
github.com/kubernetes/kompose/pkg/transformer/kubernetes/kubernetes.go:1221.41,1224.5 2 1
github.com/kubernetes/kompose/pkg/transformer/kubernetes/kubernetes.go:1224.10,1226.5 1 3
github.com/kubernetes/kompose/pkg/transformer/kubernetes/kubernetes.go:1230.17,1232.4 1 0
github.com/kubernetes/kompose/pkg/transformer/kubernetes/kubernetes.go:1234.31,1236.40 1 16
github.com/kubernetes/kompose/pkg/transformer/kubernetes/kubernetes.go:1236.40,1241.19 3 32
github.com/kubernetes/kompose/pkg/transformer/kubernetes/kubernetes.go:1244.5,1244.34 1 32
github.com/kubernetes/kompose/pkg/transformer/kubernetes/kubernetes.go:1241.19,1243.6 1 0
github.com/kubernetes/kompose/pkg/transformer/kubernetes/kubernetes.go:1263.162,1264.25 1 49
github.com/kubernetes/kompose/pkg/transformer/kubernetes/kubernetes.go:1297.2,1297.12 1 49
github.com/kubernetes/kompose/pkg/transformer/kubernetes/kubernetes.go:1265.26,1267.17 2 14
github.com/kubernetes/kompose/pkg/transformer/kubernetes/kubernetes.go:1270.3,1270.28 1 14
github.com/kubernetes/kompose/pkg/transformer/kubernetes/kubernetes.go:1271.25,1273.17 2 3
github.com/kubernetes/kompose/pkg/transformer/kubernetes/kubernetes.go:1276.3,1276.28 1 3
github.com/kubernetes/kompose/pkg/transformer/kubernetes/kubernetes.go:1277.35,1279.17 2 0
github.com/kubernetes/kompose/pkg/transformer/kubernetes/kubernetes.go:1282.3,1282.28 1 0
github.com/kubernetes/kompose/pkg/transformer/kubernetes/kubernetes.go:1283.16,1289.17 3 2
github.com/kubernetes/kompose/pkg/transformer/kubernetes/kubernetes.go:1292.3,1293.30 2 2
github.com/kubernetes/kompose/pkg/transformer/kubernetes/kubernetes.go:1294.29,1295.28 1 0
github.com/kubernetes/kompose/pkg/transformer/kubernetes/kubernetes.go:1267.17,1269.4 1 0
github.com/kubernetes/kompose/pkg/transformer/kubernetes/kubernetes.go:1273.17,1275.4 1 0
github.com/kubernetes/kompose/pkg/transformer/kubernetes/kubernetes.go:1279.17,1281.4 1 0
github.com/kubernetes/kompose/pkg/transformer/kubernetes/kubernetes.go:1289.17,1291.4 1 0
github.com/kubernetes/kompose/pkg/transformer/openshift/openshift.go:64.131,65.25 1 1
github.com/kubernetes/kompose/pkg/transformer/openshift/openshift.go:71.2,72.28 2 1
github.com/kubernetes/kompose/pkg/transformer/openshift/openshift.go:76.2,78.56 2 1
github.com/kubernetes/kompose/pkg/transformer/openshift/openshift.go:90.2,103.11 2 1
github.com/kubernetes/kompose/pkg/transformer/openshift/openshift.go:65.25,67.3 1 0
github.com/kubernetes/kompose/pkg/transformer/openshift/openshift.go:72.28,74.3 1 0
github.com/kubernetes/kompose/pkg/transformer/openshift/openshift.go:78.56,88.3 1 1
github.com/kubernetes/kompose/pkg/transformer/openshift/openshift.go:106.125,109.51 3 2
github.com/kubernetes/kompose/pkg/transformer/openshift/openshift.go:118.2,119.16 2 2
github.com/kubernetes/kompose/pkg/transformer/openshift/openshift.go:123.2,161.16 2 2
github.com/kubernetes/kompose/pkg/transformer/openshift/openshift.go:109.51,110.26 1 2
github.com/kubernetes/kompose/pkg/transformer/openshift/openshift.go:113.3,113.76 1 2
github.com/kubernetes/kompose/pkg/transformer/openshift/openshift.go:110.26,112.4 1 0
github.com/kubernetes/kompose/pkg/transformer/openshift/openshift.go:119.16,121.3 1 0
github.com/kubernetes/kompose/pkg/transformer/openshift/openshift.go:165.128,172.33 3 3
github.com/kubernetes/kompose/pkg/transformer/openshift/openshift.go:176.2,177.30 2 3
github.com/kubernetes/kompose/pkg/transformer/openshift/openshift.go:183.2,224.19 3 3
github.com/kubernetes/kompose/pkg/transformer/openshift/openshift.go:232.2,232.11 1 3
github.com/kubernetes/kompose/pkg/transformer/openshift/openshift.go:172.33,174.3 1 3
github.com/kubernetes/kompose/pkg/transformer/openshift/openshift.go:177.30,179.3 1 0
github.com/kubernetes/kompose/pkg/transformer/openshift/openshift.go:179.8,181.3 1 3
github.com/kubernetes/kompose/pkg/transformer/openshift/openshift.go:224.19,230.3 2 0
github.com/kubernetes/kompose/pkg/transformer/openshift/openshift.go:235.103,258.37 2 2
github.com/kubernetes/kompose/pkg/transformer/openshift/openshift.go:261.2,261.14 1 2
github.com/kubernetes/kompose/pkg/transformer/openshift/openshift.go:258.37,260.3 1 1
github.com/kubernetes/kompose/pkg/transformer/openshift/openshift.go:266.122,268.36 2 3
github.com/kubernetes/kompose/pkg/transformer/openshift/openshift.go:272.2,278.34 6 3
github.com/kubernetes/kompose/pkg/transformer/openshift/openshift.go:288.2,289.34 2 3
github.com/kubernetes/kompose/pkg/transformer/openshift/openshift.go:434.2,438.24 3 2
github.com/kubernetes/kompose/pkg/transformer/openshift/openshift.go:268.36,270.3 1 0
github.com/kubernetes/kompose/pkg/transformer/openshift/openshift.go:278.34,280.17 2 0
github.com/kubernetes/kompose/pkg/transformer/openshift/openshift.go:283.3,283.32 1 0
github.com/kubernetes/kompose/pkg/transformer/openshift/openshift.go:280.17,282.4 1 0
github.com/kubernetes/kompose/pkg/transformer/openshift/openshift.go:283.32,285.4 1 0
github.com/kubernetes/kompose/pkg/transformer/openshift/openshift.go:289.34,295.52 4 3
github.com/kubernetes/kompose/pkg/transformer/openshift/openshift.go:302.3,302.37 1 3
github.com/kubernetes/kompose/pkg/transformer/openshift/openshift.go:310.3,310.75 1 3
github.com/kubernetes/kompose/pkg/transformer/openshift/openshift.go:338.3,338.65 1 3
github.com/kubernetes/kompose/pkg/transformer/openshift/openshift.go:402.3,402.28 1 2
github.com/kubernetes/kompose/pkg/transformer/openshift/openshift.go:425.3,426.17 2 2
github.com/kubernetes/kompose/pkg/transformer/openshift/openshift.go:430.3,430.46 1 2
github.com/kubernetes/kompose/pkg/transformer/openshift/openshift.go:295.52,297.4 1 3
github.com/kubernetes/kompose/pkg/transformer/openshift/openshift.go:297.9,299.4 1 0
github.com/kubernetes/kompose/pkg/transformer/openshift/openshift.go:302.37,304.4 1 0
github.com/kubernetes/kompose/pkg/transformer/openshift/openshift.go:310.75,313.27 1 0
github.com/kubernetes/kompose/pkg/transformer/openshift/openshift.go:317.4,317.27 1 0
github.com/kubernetes/kompose/pkg/transformer/openshift/openshift.go:322.4,323.18 2 0
github.com/kubernetes/kompose/pkg/transformer/openshift/openshift.go:328.4,328.21 1 0
github.com/kubernetes/kompose/pkg/transformer/openshift/openshift.go:313.27,315.5 1 0
github.com/kubernetes/kompose/pkg/transformer/openshift/openshift.go:317.27,319.5 1 0
github.com/kubernetes/kompose/pkg/transformer/openshift/openshift.go:323.18,325.5 1 0
github.com/kubernetes/kompose/pkg/transformer/openshift/openshift.go:328.21,330.19 2 0
github.com/kubernetes/kompose/pkg/transformer/openshift/openshift.go:330.19,332.6 1 0
github.com/kubernetes/kompose/pkg/transformer/openshift/openshift.go:338.65,340.34 1 1
github.com/kubernetes/kompose/pkg/transformer/openshift/openshift.go:343.4,344.34 2 0
github.com/kubernetes/kompose/pkg/transformer/openshift/openshift.go:340.34,342.5 1 1
github.com/kubernetes/kompose/pkg/transformer/openshift/openshift.go:345.9,348.34 2 2
github.com/kubernetes/kompose/pkg/transformer/openshift/openshift.go:356.4,356.58 1 2
github.com/kubernetes/kompose/pkg/transformer/openshift/openshift.go:348.34,352.5 2 1
github.com/kubernetes/kompose/pkg/transformer/openshift/openshift.go:356.58,360.19 2 0
github.com/kubernetes/kompose/pkg/transformer/openshift/openshift.go:366.5,366.66 1 0
github.com/kubernetes/kompose/pkg/transformer/openshift/openshift.go:371.5,371.26 1 0
github.com/kubernetes/kompose/pkg/transformer/openshift/openshift.go:379.5,379.28 1 0
github.com/kubernetes/kompose/pkg/transformer/openshift/openshift.go:390.5,391.19 2 0
github.com/kubernetes/kompose/pkg/transformer/openshift/openshift.go:394.5,397.77 2 0
github.com/kubernetes/kompose/pkg/transformer/openshift/openshift.go:360.19,362.14 2 0
github.com/kubernetes/kompose/pkg/transformer/openshift/openshift.go:366.66,368.6 1 0
github.com/kubernetes/kompose/pkg/transformer/openshift/openshift.go:371.26,373.20 2 0
github.com/kubernetes/kompose/pkg/transformer/openshift/openshift.go:373.20,375.7 1 0
github.com/kubernetes/kompose/pkg/transformer/openshift/openshift.go:379.28,380.20 1 0
github.com/kubernetes/kompose/pkg/transformer/openshift/openshift.go:383.6,384.20 2 0
github.com/kubernetes/kompose/pkg/transformer/openshift/openshift.go:380.20,382.7 1 0
github.com/kubernetes/kompose/pkg/transformer/openshift/openshift.go:384.20,386.7 1 0
github.com/kubernetes/kompose/pkg/transformer/openshift/openshift.go:391.19,393.6 1 0
github.com/kubernetes/kompose/pkg/transformer/openshift/openshift.go:402.28,403.45 1 0
github.com/kubernetes/kompose/pkg/transformer/openshift/openshift.go:403.45,405.30 2 0
github.com/kubernetes/kompose/pkg/transformer/openshift/openshift.go:408.5,408.22 1 0
github.com/kubernetes/kompose/pkg/transformer/openshift/openshift.go:405.30,407.6 1 0
github.com/kubernetes/kompose/pkg/transformer/openshift/openshift.go:408.22,410.6 1 0
github.com/kubernetes/kompose/pkg/transformer/openshift/openshift.go:411.10,415.36 3 0
github.com/kubernetes/kompose/pkg/transformer/openshift/openshift.go:415.36,417.6 1 0
github.com/kubernetes/kompose/pkg/transformer/openshift/openshift.go:420.9,420.47 1 2
github.com/kubernetes/kompose/pkg/transformer/openshift/openshift.go:420.47,423.4 2 1
github.com/kubernetes/kompose/pkg/transformer/openshift/openshift.go:426.17,428.4 1 0
github.com/kubernetes/kompose/pkg/transformer/openshift/utils.go:10.39,22.17 3 7
github.com/kubernetes/kompose/pkg/transformer/openshift/utils.go:26.2,27.17 2 7
github.com/kubernetes/kompose/pkg/transformer/openshift/utils.go:30.2,30.17 1 5
github.com/kubernetes/kompose/pkg/transformer/openshift/utils.go:22.17,24.3 1 0
github.com/kubernetes/kompose/pkg/transformer/openshift/utils.go:27.17,29.3 1 2
github.com/kubernetes/kompose/pkg/transformer/openshift/utils.go:35.57,39.16 4 6
github.com/kubernetes/kompose/pkg/transformer/openshift/utils.go:43.2,44.24 2 4
github.com/kubernetes/kompose/pkg/transformer/openshift/utils.go:39.16,41.3 1 2
github.com/kubernetes/kompose/pkg/transformer/openshift/utils.go:48.26,51.2 2 0
github.com/kubernetes/kompose/pkg/transformer/openshift/utils.go:54.68,58.16 4 2
github.com/kubernetes/kompose/pkg/transformer/openshift/utils.go:61.2,62.37 2 1
github.com/kubernetes/kompose/pkg/transformer/openshift/utils.go:65.2,65.17 1 1
github.com/kubernetes/kompose/pkg/transformer/openshift/utils.go:58.16,60.3 1 1
github.com/kubernetes/kompose/pkg/transformer/openshift/utils.go:62.37,64.3 1 1
github.com/kubernetes/kompose/pkg/transformer/openshift/utils.go:69.65,73.16 4 2
github.com/kubernetes/kompose/pkg/transformer/openshift/utils.go:76.2,76.50 1 1
github.com/kubernetes/kompose/pkg/transformer/openshift/utils.go:73.16,75.3 1 1
